[System: 192.168.1.73] DEBUG | 11-13-2025 15:24:36.985 | General Service|:: CompanyIndex:53 SpName: spCRM_SetLead 
 20135
 ,'00074'
 ,'Abdel Al Aziz'
 ,'DESCRIPTION'
 ,415
 ,False
 ,20135
 ,'13/Nov/2025'
 ,'00074'
 ,1
 ,0
 ,0
 ,0
 ,0
 ,'<Row  FirstName="13 Nov tt" MiddleName="" LastName="13 Nov tt" Salutation="0" JobTitle="" Phone1="" Phone2="" Email="" Fax="" Department="" Role="0"/>'
 ,'<Row LDAlpha2="" LDAlpha3="" LDAlpha5="" CCNID43="1" ProductID="0" UOMID="0" Quantity="" Remarks=""  PreferredID="141"  PreferredName=""  />'
 ,'LDAlpha2=N'''',LDAlpha3=N'''',LDAlpha5=N'''',LDAlpha4=N''Open'',LDAlpha6=N'''',LDAlpha8=N'''',LDAlpha9=N'''',LDAlpha1=N''Lease'','
 ,'CCNID43=''1'',CCNID9=''24'',CCNID8=''1'',CCNID18=''1'',CCNID42=''1'','
 ,'<ScheduleActivityXml></ScheduleActivityXml>'
 ,''
 ,'<AttachmentsXML><Row Action="MODIFYText" AttachmentID="31687" AllowInPrint="0" IsDownload="0" LocationID="0" DivisionID="0" IsSign="0" /><Detxml  DocNo="1" DocNoText="DocNo" ></Detxml></AttachmentsXML>'
 ,''
 ,'<XML></XML>'
 ,'<XML></XML>'
 ,'<Data><Row Action="MODIFY" ContactID="54802" AddressTypeID="0"  StaticFields =""  ExtraTextFields =""  CCFields ="" /></Data>'
 ,''
 ,True
 ,True
 ,True
 ,True
 ,True
 ,3
 ,5
 ,'admin'
 ,'247FE9F3-094C-41B7-AF43-41699507D587'
 ,'admin'
 ,'1'
 ,'1'
 ,1
 ,''
 ,0
 ,False
 message=Saved Succesfully
[System: 192.168.1.73] DEBUG | 11-13-2025 15:24:37.017 | General Service|:: CompanyIndex:53 SpName: spADM_GetDataSet 
 'select * from COM_TokenHistory WITH(NOLOCK) where JwtToken=''eyJhbGciOiJIUzI1NiIsInR5cCI6IkpXVCJ9.eyJ1bmlxdWVfbmFtZSI6ImFkbWluLDEsNTMsMSIsIm5iZiI6MTc2MzAyNjY1OSwiZXhwIjoxNzYzMDU1NDU5LCJpYXQiOjE3NjMwMjY2NTl9.Swq9PRqhdO_AEIpwlmifllX51Z-_u67L4P-EBP3CypY'''
 ,1
 ,1
[System: 192.168.1.77] DEBUG | 11-13-2025 15:24:37.282 | General Service|:: CompanyIndex:326 SpName: spADM_GetDataSet 
 'declare @UserID int,@RoleID int,@UserName NVARCHAR(100),@where nvarchar(max),@query nvarchar(max)
set @UserID=1
set @RoleID=1-- Employee:-1
SELECT @UserName=UserName From ADM_Users WITH(NOLOCK) WHERE UserID=@UserID
exec [fnGet_GetAssignedDims] @UserID,@RoleID,@where output
 create table #TblUsrWF(WID int,LevelID int,Type int,CtWef float,LvWef int)
EXEC spRPT_GetReportData @Type=8,@Param1=@UserID,@strXML=null,@RoleID=@RoleID set @query=''  SELECT DT.CostCenterID,DT.DocumentName,DT.DocumentType,DT.IsInventory,count(*) CNT
FROM (
 SELECT INV.CostCenterID
FROM INV_DocDetails INV with(nolock)''
if(@where<>'''')
	set @query=@query+'' join com_docccdata d with(nolock) on INV.INVDocDetailsid=d.INVDocDetailsid''	

set @query=@query+'' ,#TblUsrWF WF
WHERE WF.WID=INV.WorkflowID and (WF.LevelID>INV.WorkFlowLevel or (WF.LevelID+1=INV.WorkFlowLevel and INV.StatusID=372)) and (INV.StatusID=371 or INV.StatusID=372 or INV.StatusID=441) AND (WF.Type=1 or (INV.WorkFlowLevel+1=WF.LevelID and INV.StatusID!=372) or (WF.LevelID+1=INV.WorkFlowLevel and INV.StatusID=372) or (WF.CtWef is not null and INV.WorkFlowLevel>=WF.LvWef
and INV.CreatedDate+WF.CtWef<=convert(float,getdate()))) ''+@where+''
GROUP BY INV.CostCenterID,INV.VoucherNo
UNION ALL
SELECT ACC.CostCenterID
FROM ACC_DocDetails ACC with(nolock)''
if(@where<>'''')
	set @query=@query+'' join com_docccdata d with(nolock) on ACC.ACCDocDetailsid=d.ACCDocDetailsid''	

set @query=@query+'',#TblUsrWF WF
WHERE ACC.LinkedAccDocDetailsID is null and ACC.InvDocDetailsID is null and WF.WID=ACC.WorkflowID and (WF.LevelID>ACC.WorkFlowLevel or (WF.LevelID+1=ACC.WorkFlowLevel and ACC.StatusID=372)) and (ACC.StatusID=371 or ACC.StatusID=372 or ACC.StatusID=441) AND (WF.Type=1 or (ACC.WorkFlowLevel+1=WF.LevelID and ACC.StatusID!=372) or (WF.LevelID+1=ACC.WorkFlowLevel and ACC.StatusID=372) or (WF.CtWef is not null and ACC.WorkFlowLevel>=WF.LvWef
and ACC.CreatedDate+WF.CtWef<=convert(float,getdate())))''+@where+''
GROUP BY ACC.CostCenterID,ACC.VoucherNo  ) AS T
JOIN ADM_DocumentTypes DT with(nolock) ON T.CostCenterID=DT.CostCenterID
GROUP BY DT.CostCenterID,DT.DocumentName,DT.DocumentType,DT.IsInventory  
UNION ALL
SELECT DT.FeatureID CostCenterID,DT.Name DocumentName,-DT.FeatureID DocumentType,0 IsInventory,count(*) CNT
FROM (
SELECT INV.CostCenterID FROM REN_Contract INV WITH(NOLOCK),#TblUsrWF WF
WHERE  WF.WID=INV.WorkflowID and WF.LevelID>INV.WorkFlowLevel and (INV.StatusID=440 or INV.StatusID=470 or INV.StatusID=466) AND (WF.Type=1 or (INV.WorkFlowLevel+1=WF.LevelID and INV.StatusID!=470)  or (WF.CtWef is not null and INV.WorkFlowLevel>=WF.LvWef
 and INV.CreatedDate+WF.CtWef<=convert(float,getdate()))) AND INV.RefContractID=0 ) AS T
JOIN ADM_Features DT with(nolock) ON T.CostCenterID=DT.FeatureID
GROUP BY DT.FeatureID,DT.Name 
ORDER BY DocumentName''
exec(@query)

DROP TABLE #TblUsrWF
'
 ,1
 ,1
[System: 192.168.1.77] DEBUG | 11-13-2025 15:24:37.298 | General Service|:: CompanyIndex:326 SpName: spADM_GetDataSet 
 'select * from COM_TokenHistory WITH(NOLOCK) where JwtToken=''eyJhbGciOiJIUzI1NiIsInR5cCI6IkpXVCJ9.eyJ1bmlxdWVfbmFtZSI6ImFkbWluLDEsMzI2LDEiLCJuYmYiOjE3NjMwMjY1OTIsImV4cCI6MTc2MzA1NTM5MiwiaWF0IjoxNzYzMDI2NTkyfQ.8Y5az9OV6b5kMlVwowet8ECaMfD5D_XA3Uq65skYL8E'''
 ,1
 ,1
