[System: 192.168.1.56] ERROR | 10-14-2025 11:19:10.752 | General Service|:: CompanyIndex:0 SpName: spADM_GetDataSetParameters :
 'select * from COM_TokenHistory WITH(NOLOCK) where JwtToken=''eyJhbGciOiJIUzI1NiIsInR5cCI6IkpXVCJ9.eyJ1bmlxdWVfbmFtZSI6ImFkbWluLDEsNywxIiwibmJmIjoxNzYwMzYzNjQ0LCJleHAiOjE3NjAzOTI0NDQsImlhdCI6MTc2MDM2MzY0NH0.FSGyWqHO85mPVooaFIQzLT-ZeqprtYHGrPGiPg4j_yY'''
 ,1
 ,1|Could not find stored procedure 'spADM_GetDataSet'.
[System: 192.168.1.56] DEBUG | 10-14-2025 11:19:18.829 | General Service|:: CompanyIndex:0 SpName: spADM_GetClientUserDetails2C 
 'admin'
 ,1
 ,0
[System: 192.168.1.56] DEBUG | 10-14-2025 11:19:18.938 | General Service|:: CompanyIndex:0 SpName: spADM_UserLoginCheck 
 2
 ,'admin'
 ,0
 ,'192.168.1.56'
 ,'192.168.1.56'
 ,''
 ,'Web'
 ,1
[System: 192.168.1.56] DEBUG | 10-14-2025 11:19:28.041 | General Service|:: CompanyIndex:7 SpName: spADM_GetClientUserDetails 
 'admin'
 ,1
 ,'26.6.4'
 ,0
[System: 192.168.1.56] DEBUG | 10-14-2025 11:19:28.153 | General Service|:: CompanyIndex:0 SpName: spADM_UserLoginCheck 
 2
 ,'admin'
 ,7
 ,'192.168.1.56'
 ,'192.168.1.56'
 ,''
 ,'Web'
 ,1
[System: 192.168.1.56] DEBUG | 10-14-2025 11:19:28.247 | General Service|:: CompanyIndex:0 SpName: spADM_Login 
 1
 ,''
 ,''
 ,''
 ,''
 ,''
 ,7
[System: 192.168.1.56] DEBUG | 10-14-2025 11:19:28.293 | General Service|:: CompanyIndex:7 SpName: spADM_GetDataSet 
 'select Value from ADM_GlobalPreferences with (nolock) where name =''EnableReLogin'''
 ,1
 ,1
[System: 192.168.1.56] DEBUG | 10-14-2025 11:19:28.293 | General Service|:: CompanyIndex:7 SpName: spADM_GetDataSet 
 'select * from COM_TokenHistory WITH(NOLOCK) where JwtToken=''eyJhbGciOiJIUzI1NiIsInR5cCI6IkpXVCJ9.eyJ1bmlxdWVfbmFtZSI6ImFkbWluLDEsNywxIiwibmJmIjoxNzYwNDIwOTY4LCJleHAiOjE3NjA0NDk3NjgsImlhdCI6MTc2MDQyMDk2OH0.PyS32R5x9ELxVJ3Chmv602Bg42BkqHW9AmBlRuhRJ3E'''
 ,1
 ,1
[System: 192.168.1.56] DEBUG | 10-14-2025 11:19:28.356 | General Service|:: CompanyIndex:0 SpName: spADM_Login 
 4
 ,''
 ,''
 ,''
 ,'declare @Cnt int,@ExpiredGUID nvarchar(50),@AllowSession int,@GUID nvarchar(50),@CurrDate float,@UserID INT,@Instances INT,@InstancesExists INT,@LCDBIndex int
set @CurrDate= convert(float,dateadd(minute,-21,getdate()))
set @AllowSession=0
set @GUID=''1cd9cdd0-32e6-4708-a6eb-caefe6bc3a4d''
set @LCDBIndex=0
select top 1 @UserID=UserID,@Instances=InstanceCount from ADM_Users with(nolock) where UserName=''admin''
if exists(select [GUID] from ADM_Login with(nolock) where [GUID]=@GUID)
begin
	update ADM_Login 
	set LastAccessTime=convert(float,getdate()),UserID=@UserID
	where [GUID]=@GUID
    set @AllowSession=1
end
else
begin
	select @Cnt=count(*) from ADM_Login with(nolock) where LCDBIndex=@LCDBIndex and [GUID]!=''ACCESSRIGHTS'' and AP =''WEB''
    if(@Cnt<100)
		set @AllowSession=1
	else
	begin
		select top 1 @ExpiredGUID=[GUID] from ADM_Login with(nolock)
		where [GUID]!=''ACCESSRIGHTS'' and LCDBIndex=@LCDBIndex and LastAccessTime<@CurrDate  and AP =''WEB''
        order by LastAccessTime asc
		if @ExpiredGUID is not null
		begin
			delete from ADM_Login where [GUID]=@ExpiredGUID
			set @AllowSession=1
		end
	end
	if @AllowSession=1
	begin
        select @InstancesExists=COUNT(*) from ADM_Login with(nolock)
		where [GUID]!=''ACCESSRIGHTS'' and LCDBIndex=@LCDBIndex and LastAccessTime>=@CurrDate and UserID=@UserID and AP =''WEB''
		if(@Instances!=0 and @Instances<=@InstancesExists)
			set @AllowSession=2
		else
		    INSERT INTO ADM_Login([GUID],[SysName],IPAddress,[Status],LoginTime,LastAccessTime,AccessRights,UserID,DBIndex,LCDBIndex,AP)
		    VALUES(@GUID,''WEB'',''192.168.1.56'',1,convert(float,getdate()),convert(float,getdate()),null,@UserID,7,@LCDBIndex, ''WEB'')
	end
end

select @AllowSession AllowSession,@Instances Instances,@InstancesExists InstancesExists
'
 ,''
 ,0
[System: 192.168.1.56] DEBUG | 10-14-2025 11:19:28.356 | General Service|:: CompanyIndex:7 SpName: spADM_GetDataSet 
 'select * from COM_TokenHistory WITH(NOLOCK) where JwtToken=''eyJhbGciOiJIUzI1NiIsInR5cCI6IkpXVCJ9.eyJ1bmlxdWVfbmFtZSI6ImFkbWluLDEsNywxIiwibmJmIjoxNzYwNDIwOTY4LCJleHAiOjE3NjA0NDk3NjgsImlhdCI6MTc2MDQyMDk2OH0.PyS32R5x9ELxVJ3Chmv602Bg42BkqHW9AmBlRuhRJ3E'''
 ,1
 ,1
[System: 192.168.1.56] DEBUG | 10-14-2025 11:19:28.465 | General Service|:: CompanyIndex:7 SpName: spADM_GetDataSet 
 'SELECT (SELECT COUNT(*) FROM COM_Location L WITH(NOLOCK) JOIN COM_Status S WITH(NOLOCK) ON S.StatusID=L.StatusID WHERE L.IsGroup=0 AND S.[Status]=''Active'') ML
,(SELECT COUNT(*) FROM ADM_Features WITH(NOLOCK) WHERE ((FeatureID>50000 AND FeatureID<=50050) OR FeatureID>=51000) AND IsEnabled=1) MD
,(SELECT ISNULL(COUNT(*),0) FROM ADM_RevenUReports WITH(NOLOCK) WHERE IsGroup=0 AND ReportID>10000 AND StaticReportType IN (0,-1)) MR'
 ,1
 ,1
[System: 192.168.1.56] DEBUG | 10-14-2025 11:19:28.465 | General Service|:: CompanyIndex:7 SpName: spADM_GetDataSet 
 'select * from COM_TokenHistory WITH(NOLOCK) where JwtToken=''eyJhbGciOiJIUzI1NiIsInR5cCI6IkpXVCJ9.eyJ1bmlxdWVfbmFtZSI6ImFkbWluLDEsNywxIiwibmJmIjoxNzYwNDIwOTY4LCJleHAiOjE3NjA0NDk3NjgsImlhdCI6MTc2MDQyMDk2OH0.PyS32R5x9ELxVJ3Chmv602Bg42BkqHW9AmBlRuhRJ3E'''
 ,1
 ,1
