[System: 192.168.1.55] DEBUG | 10-15-2025 11:30:44.959 | General Service|:: CompanyIndex:0 SpName: spADM_GetClientUserDetails2C 
 'admin'
 ,1
 ,0
[System: 192.168.1.55] DEBUG | 10-15-2025 11:30:45.022 | General Service|:: CompanyIndex:0 SpName: spADM_UserLoginCheck 
 2
 ,'admin'
 ,0
 ,'192.168.1.55'
 ,'192.168.1.55'
 ,''
 ,'Web'
 ,1
[System: 192.168.1.55] DEBUG | 10-15-2025 11:30:49.989 | General Service|:: CompanyIndex:137 SpName: spADM_GetClientUserDetails 
 'admin'
 ,1
 ,'26.6.5'
 ,0
[System: 192.168.1.55] DEBUG | 10-15-2025 11:30:50.146 | General Service|:: CompanyIndex:0 SpName: spADM_UserLoginCheck 
 2
 ,'admin'
 ,137
 ,'192.168.1.55'
 ,'192.168.1.55'
 ,''
 ,'Web'
 ,1
[System: 192.168.1.55] DEBUG | 10-15-2025 11:30:50.255 | General Service|:: CompanyIndex:0 SpName: spADM_Login 
 1
 ,''
 ,''
 ,''
 ,''
 ,''
 ,137
[System: 192.168.1.55] DEBUG | 10-15-2025 11:30:50.255 | General Service|:: CompanyIndex:137 SpName: spADM_GetDataSet 
 'select Value from ADM_GlobalPreferences with (nolock) where name =''EnableReLogin'''
 ,1
 ,1
[System: 192.168.1.55] DEBUG | 10-15-2025 11:30:50.255 | General Service|:: CompanyIndex:137 SpName: spADM_GetDataSet 
 'select * from COM_TokenHistory WITH(NOLOCK) where JwtToken=''eyJhbGciOiJIUzI1NiIsInR5cCI6IkpXVCJ9.eyJ1bmlxdWVfbmFtZSI6ImFkbWluLDEsMTM3LDEiLCJuYmYiOjE3NjA1MDgwNTAsImV4cCI6MTc2MDUzNjg0OSwiaWF0IjoxNzYwNTA4MDUwfQ.s_1ZNwwHyRmgtErEIx_Xagt_pK7MyH6y6aJEVmv30PM'''
 ,1
 ,1
[System: 192.168.1.55] DEBUG | 10-15-2025 11:30:50.286 | General Service|:: CompanyIndex:0 SpName: spADM_Login 
 4
 ,''
 ,''
 ,''
 ,'declare @Cnt int,@ExpiredGUID nvarchar(50),@AllowSession int,@GUID nvarchar(50),@CurrDate float,@UserID INT,@Instances INT,@InstancesExists INT,@LCDBIndex int
set @CurrDate= convert(float,dateadd(minute,-21,getdate()))
set @AllowSession=0
set @GUID=''a48190ed-15d1-41a1-b0df-5665485458ef''
set @LCDBIndex=0
select top 1 @UserID=UserID,@Instances=InstanceCount from ADM_Users with(nolock) where UserName=''admin''
if exists(select [GUID] from ADM_Login with(nolock) where [GUID]=@GUID)
begin
	update ADM_Login 
	set LastAccessTime=convert(float,getdate()),UserID=@UserID
	where [GUID]=@GUID
    set @AllowSession=1
end
else
begin
	select @Cnt=count(*) from ADM_Login with(nolock) where LCDBIndex=@LCDBIndex and [GUID]!=''ACCESSRIGHTS'' and AP =''WEB''
    if(@Cnt<100)
		set @AllowSession=1
	else
	begin
		select top 1 @ExpiredGUID=[GUID] from ADM_Login with(nolock)
		where [GUID]!=''ACCESSRIGHTS'' and LCDBIndex=@LCDBIndex and LastAccessTime<@CurrDate  and AP =''WEB''
        order by LastAccessTime asc
		if @ExpiredGUID is not null
		begin
			delete from ADM_Login where [GUID]=@ExpiredGUID
			set @AllowSession=1
		end
	end
	if @AllowSession=1
	begin
        select @InstancesExists=COUNT(*) from ADM_Login with(nolock)
		where [GUID]!=''ACCESSRIGHTS'' and LCDBIndex=@LCDBIndex and LastAccessTime>=@CurrDate and UserID=@UserID and AP =''WEB''
		if(@Instances!=0 and @Instances<=@InstancesExists)
			set @AllowSession=2
		else
		    INSERT INTO ADM_Login([GUID],[SysName],IPAddress,[Status],LoginTime,LastAccessTime,AccessRights,UserID,DBIndex,LCDBIndex,AP)
		    VALUES(@GUID,''WEB'',''192.168.1.55'',1,convert(float,getdate()),convert(float,getdate()),null,@UserID,137,@LCDBIndex, ''WEB'')
	end
end

select @AllowSession AllowSession,@Instances Instances,@InstancesExists InstancesExists
'
 ,''
 ,0
[System: 192.168.1.55] DEBUG | 10-15-2025 11:30:50.286 | General Service|:: CompanyIndex:137 SpName: spADM_GetDataSet 
 'select * from COM_TokenHistory WITH(NOLOCK) where JwtToken=''eyJhbGciOiJIUzI1NiIsInR5cCI6IkpXVCJ9.eyJ1bmlxdWVfbmFtZSI6ImFkbWluLDEsMTM3LDEiLCJuYmYiOjE3NjA1MDgwNTAsImV4cCI6MTc2MDUzNjg0OSwiaWF0IjoxNzYwNTA4MDUwfQ.s_1ZNwwHyRmgtErEIx_Xagt_pK7MyH6y6aJEVmv30PM'''
 ,1
 ,1
[System: 192.168.1.55] DEBUG | 10-15-2025 11:30:50.396 | General Service|:: CompanyIndex:137 SpName: spADM_GetDataSet 
 'SELECT (SELECT COUNT(*) FROM COM_Location L WITH(NOLOCK) JOIN COM_Status S WITH(NOLOCK) ON S.StatusID=L.StatusID WHERE L.IsGroup=0 AND S.[Status]=''Active'') ML
,(SELECT COUNT(*) FROM ADM_Features WITH(NOLOCK) WHERE ((FeatureID>50000 AND FeatureID<=50050) OR FeatureID>=51000) AND IsEnabled=1) MD
,(SELECT ISNULL(COUNT(*),0) FROM ADM_RevenUReports WITH(NOLOCK) WHERE IsGroup=0 AND ReportID>10000 AND StaticReportType IN (0,-1)) MR'
 ,1
 ,1
[System: 192.168.1.55] DEBUG | 10-15-2025 11:30:50.396 | General Service|:: CompanyIndex:137 SpName: spADM_GetDataSet 
 'select * from COM_TokenHistory WITH(NOLOCK) where JwtToken=''eyJhbGciOiJIUzI1NiIsInR5cCI6IkpXVCJ9.eyJ1bmlxdWVfbmFtZSI6ImFkbWluLDEsMTM3LDEiLCJuYmYiOjE3NjA1MDgwNTAsImV4cCI6MTc2MDUzNjg0OSwiaWF0IjoxNzYwNTA4MDUwfQ.s_1ZNwwHyRmgtErEIx_Xagt_pK7MyH6y6aJEVmv30PM'''
 ,1
 ,1
[System: 192.168.1.55] DEBUG | 10-15-2025 11:30:50.536 | General Service|:: CompanyIndex:137 SpName: spCOM_ConfigValues 
 1
 ,'NotifTime'
 ,''
[System: 192.168.1.55] DEBUG | 10-15-2025 11:30:50.536 | General Service|:: CompanyIndex:137 SpName: spADM_GetDataSet 
 'select * from COM_TokenHistory WITH(NOLOCK) where JwtToken=''eyJhbGciOiJIUzI1NiIsInR5cCI6IkpXVCJ9.eyJ1bmlxdWVfbmFtZSI6ImFkbWluLDEsMTM3LDEiLCJuYmYiOjE3NjA1MDgwNTAsImV4cCI6MTc2MDUzNjg0OSwiaWF0IjoxNzYwNTA4MDUwfQ.s_1ZNwwHyRmgtErEIx_Xagt_pK7MyH6y6aJEVmv30PM'''
 ,1
 ,1
[System: 192.168.1.55] DEBUG | 10-15-2025 11:30:50.567 | General Service|:: CompanyIndex:137 SpName: spADM_GetRibbonView 
 1
 ,1
 ,1
 ,1
 ,0
 ,''
[System: 192.168.1.55] DEBUG | 10-15-2025 11:30:50.567 | General Service|:: CompanyIndex:137 SpName: spADM_GetDataSet 
 'select * from COM_TokenHistory WITH(NOLOCK) where JwtToken=''eyJhbGciOiJIUzI1NiIsInR5cCI6IkpXVCJ9.eyJ1bmlxdWVfbmFtZSI6ImFkbWluLDEsMTM3LDEiLCJuYmYiOjE3NjA1MDgwNTAsImV4cCI6MTc2MDUzNjg0OSwiaWF0IjoxNzYwNTA4MDUwfQ.s_1ZNwwHyRmgtErEIx_Xagt_pK7MyH6y6aJEVmv30PM'''
 ,1
 ,1
[System: 192.168.1.55] DEBUG | 10-15-2025 11:30:50.833 | General Service|:: CompanyIndex:137 SpName: spADM_GetDashBoard 
 2
 ,0
 ,0
 ,'1'
 ,'1'
 ,1
[System: 192.168.1.55] DEBUG | 10-15-2025 11:30:50.833 | General Service|:: CompanyIndex:137 SpName: spADM_GetDataSet 
 'select * from COM_TokenHistory WITH(NOLOCK) where JwtToken=''eyJhbGciOiJIUzI1NiIsInR5cCI6IkpXVCJ9.eyJ1bmlxdWVfbmFtZSI6ImFkbWluLDEsMTM3LDEiLCJuYmYiOjE3NjA1MDgwNTAsImV4cCI6MTc2MDUzNjg0OSwiaWF0IjoxNzYwNTA4MDUwfQ.s_1ZNwwHyRmgtErEIx_Xagt_pK7MyH6y6aJEVmv30PM'''
 ,1
 ,1
[System: 192.168.1.55] DEBUG | 10-15-2025 11:30:50.864 | General Service|:: CompanyIndex:137 SpName: spCOM_ConfigValues 
 1
 ,'LandingDocs'
 ,'1'
[System: 192.168.1.55] DEBUG | 10-15-2025 11:30:50.880 | General Service|:: CompanyIndex:137 SpName: spADM_GetDataSet 
 'select * from COM_TokenHistory WITH(NOLOCK) where JwtToken=''eyJhbGciOiJIUzI1NiIsInR5cCI6IkpXVCJ9.eyJ1bmlxdWVfbmFtZSI6ImFkbWluLDEsMTM3LDEiLCJuYmYiOjE3NjA1MDgwNTAsImV4cCI6MTc2MDUzNjg0OSwiaWF0IjoxNzYwNTA4MDUwfQ.s_1ZNwwHyRmgtErEIx_Xagt_pK7MyH6y6aJEVmv30PM'''
 ,1
 ,1
[System: 192.168.1.55] DEBUG | 10-15-2025 11:30:50.927 | General Service|:: CompanyIndex:137 SpName: spADM_GetAllListViewsDef 
 1
 ,1
[System: 192.168.1.55] DEBUG | 10-15-2025 11:30:50.927 | General Service|:: CompanyIndex:137 SpName: spADM_GetDataSet 
 'select * from COM_TokenHistory WITH(NOLOCK) where JwtToken=''eyJhbGciOiJIUzI1NiIsInR5cCI6IkpXVCJ9.eyJ1bmlxdWVfbmFtZSI6ImFkbWluLDEsMTM3LDEiLCJuYmYiOjE3NjA1MDgwNTAsImV4cCI6MTc2MDUzNjg0OSwiaWF0IjoxNzYwNTA4MDUwfQ.s_1ZNwwHyRmgtErEIx_Xagt_pK7MyH6y6aJEVmv30PM'''
 ,1
 ,1
[System: 192.168.1.55] DEBUG | 10-15-2025 11:30:51.067 | General Service|:: CompanyIndex:137 SpName: spADM_GetAllListViewsDef 
 1
 ,1
[System: 192.168.1.55] DEBUG | 10-15-2025 11:30:51.067 | General Service|:: CompanyIndex:137 SpName: spADM_GetDataSet 
 'select * from COM_TokenHistory WITH(NOLOCK) where JwtToken=''eyJhbGciOiJIUzI1NiIsInR5cCI6IkpXVCJ9.eyJ1bmlxdWVfbmFtZSI6ImFkbWluLDEsMTM3LDEiLCJuYmYiOjE3NjA1MDgwNTAsImV4cCI6MTc2MDUzNjg0OSwiaWF0IjoxNzYwNTA4MDUwfQ.s_1ZNwwHyRmgtErEIx_Xagt_pK7MyH6y6aJEVmv30PM'''
 ,1
 ,1
[System: 192.168.1.55] DEBUG | 10-15-2025 11:30:51.302 | General Service|:: CompanyIndex:137 SpName: spADM_GetDataSet 
 'Select CostCenterID,CostCenterColID,CostCenterName,SysTableName,UserColumnName,SysColumnName,ISNULL(UserDefaultValue,'''') UserDefaultValue
From AdM_CostCenterDef WITH(NOLOCK)
Where SysColumnName IN(''CreditAccount'',''DebitAccount'',''ProductID'') 
AND CostCenterID>40000 AND CostCenterID<50000 

SELECT * FROM ADM_Features WITH(NOLOCK) '
 ,1
 ,1
[System: 192.168.1.55] DEBUG | 10-15-2025 11:30:51.302 | General Service|:: CompanyIndex:137 SpName: spADM_GetDataSet 
 'select * from COM_TokenHistory WITH(NOLOCK) where JwtToken=''eyJhbGciOiJIUzI1NiIsInR5cCI6IkpXVCJ9.eyJ1bmlxdWVfbmFtZSI6ImFkbWluLDEsMTM3LDEiLCJuYmYiOjE3NjA1MDgwNTAsImV4cCI6MTc2MDUzNjg0OSwiaWF0IjoxNzYwNTA4MDUwfQ.s_1ZNwwHyRmgtErEIx_Xagt_pK7MyH6y6aJEVmv30PM'''
 ,1
 ,1
[System: 192.168.1.55] DEBUG | 10-15-2025 11:30:51.348 | General Service|:: CompanyIndex:137 SpName: spADM_GetDataSet 
 '  SELECT * FROM PAY_PayrollPreferences WITH(NOLOCK) '
 ,1
 ,1
[System: 192.168.1.55] DEBUG | 10-15-2025 11:30:51.348 | General Service|:: CompanyIndex:137 SpName: spADM_GetDataSet 
 'select * from COM_TokenHistory WITH(NOLOCK) where JwtToken=''eyJhbGciOiJIUzI1NiIsInR5cCI6IkpXVCJ9.eyJ1bmlxdWVfbmFtZSI6ImFkbWluLDEsMTM3LDEiLCJuYmYiOjE3NjA1MDgwNTAsImV4cCI6MTc2MDUzNjg0OSwiaWF0IjoxNzYwNTA4MDUwfQ.s_1ZNwwHyRmgtErEIx_Xagt_pK7MyH6y6aJEVmv30PM'''
 ,1
 ,1
[System: 192.168.1.55] DEBUG | 10-15-2025 11:30:51.380 | General Service|:: CompanyIndex:137 SpName: spADM_GetDataSet 
 '  --0
                                Select * FROM COM_CC50051 WITH(NOLOCK) WHERE IsGroup=0 AND LoginUserID=''admin''
                                --1                                
                                Select * FROM COM_CC50051 WITH(NOLOCK) WHERE RptManager IN (Select NodeID FROM COM_CC50051 WITH(NOLOCK) WHERE IsGroup=0 AND LoginUserID=''admin'')
                                UNION ALL
                                Select * FROM COM_CC50051 WITH(NOLOCK) WHERE RptManager IN 
                                (
	                                Select NodeID FROM COM_CC50051 WITH(NOLOCK) 
	                                WHERE IsGroup=0 AND LoginUserID IN
	                                (
	                                SELECT fe.LoginUserID
	                                FROM INV_DocDetails a WITH(NOLOCK) 
	                                JOIN COM_DocCCData b WITH(NOLOCK) ON b.InvDocDetailsID=a.InvDocDetailsID
	                                JOIN COM_DocNumData c WITH(NOLOCK) ON c.InvDocDetailsID=a.InvDocDetailsID
	                                JOIN COM_DocTextData d WITH(NOLOCK) ON d.InvDocDetailsID=a.InvDocDetailsID
	                                JOIN COM_CC50051 fe WITH(NOLOCK) on fe.NodeID=b.dcCCNID51
	                                JOIN COM_CC50051 te WITH(NOLOCK) on CONVERT(NVARCHAR,te.NodeID)=d.dcAlpha1
	                                WHERE a.CostCenterID=40098 and a.StatusID=369 AND d.dcAlpha3=''Temporary''
	                                AND te.LoginUserID=''admin'' 
	                                AND ISDATE(d.dcAlpha4)=1 AND ISDATE(d.dcAlpha5)=1 
	                                AND CONVERT(DATETIME,''15 Oct 2025'') BETWEEN CONVERT(DATETIME,d.dcAlpha4) AND CONVERT(DATETIME,d.dcAlpha5)
	                                )
                                )
                                --2
                                Select * FROM ADM_USERS WITH(NOLOCK) WHERE USERID=1
                                --3
                                Select * FROM COM_CostCenterCostCenterMap WITH(NOLOCK) WHERE ParentCostCenterID=7 AND ParentNodeID=1
                                --4                                
                                Select * FROM COM_CostCenterCostCenterMap WITH(NOLOCK) WHERE ParentCostCenterID=7 AND ParentNodeID=1
                                AND CostCenterID IN(Select ColumnCostCenterID From ADM_CostCenterDef Where CostCenterID=50051 AND IsColumnInUse=1 AND SysColumnName LIKE ''CCNID%'')
                                --5
                                Select * from COM_Files WITH(NOLOCK) WHERE FeatureID=50051 AND FeaturePK IN (Select NodeID FROM COM_CC50051 WITH(NOLOCK) WHERE IsGroup=0 AND LoginUserID=''admin'')                         
'
 ,1
 ,1
[System: 192.168.1.55] DEBUG | 10-15-2025 11:30:51.395 | General Service|:: CompanyIndex:137 SpName: spADM_GetDataSet 
 'select * from COM_TokenHistory WITH(NOLOCK) where JwtToken=''eyJhbGciOiJIUzI1NiIsInR5cCI6IkpXVCJ9.eyJ1bmlxdWVfbmFtZSI6ImFkbWluLDEsMTM3LDEiLCJuYmYiOjE3NjA1MDgwNTAsImV4cCI6MTc2MDUzNjg0OSwiaWF0IjoxNzYwNTA4MDUwfQ.s_1ZNwwHyRmgtErEIx_Xagt_pK7MyH6y6aJEVmv30PM'''
 ,1
 ,1
[System: 192.168.1.55] DEBUG | 10-15-2025 11:30:51.427 | General Service|:: CompanyIndex:137 SpName: spADM_GetDataSet 
 'declare @UserID int,@RoleID int,@UserName NVARCHAR(100),@where nvarchar(max),@query nvarchar(max)
set @UserID=1
set @RoleID=1-- Employee:-1
SELECT @UserName=UserName From ADM_Users WITH(NOLOCK) WHERE UserID=@UserID
exec [fnGet_GetAssignedDims] @UserID,@RoleID,@where output
 create table #TblUsrWF(WID int,LevelID int,Type int,CtWef float,LvWef int)
EXEC spRPT_GetReportData @Type=8,@Param1=@UserID,@strXML=null,@RoleID=@RoleID set @query=''  SELECT DT.CostCenterID,DT.DocumentName,DT.DocumentType,DT.IsInventory,count(*) CNT
FROM (
 SELECT INV.CostCenterID
FROM INV_DocDetails INV with(nolock)''
if(@where<>'''')
	set @query=@query+'' join com_docccdata d with(nolock) on INV.INVDocDetailsid=d.INVDocDetailsid''	

set @query=@query+'' ,#TblUsrWF WF
WHERE WF.WID=INV.WorkflowID and (WF.LevelID>INV.WorkFlowLevel or (WF.LevelID+1=INV.WorkFlowLevel and INV.StatusID=372)) and (INV.StatusID=371 or INV.StatusID=372 or INV.StatusID=441) AND (WF.Type=1 or (INV.WorkFlowLevel+1=WF.LevelID and INV.StatusID!=372) or (WF.LevelID+1=INV.WorkFlowLevel and INV.StatusID=372) or (WF.CtWef is not null and INV.WorkFlowLevel>=WF.LvWef
and INV.CreatedDate+WF.CtWef<=convert(float,getdate()))) ''+@where+''
GROUP BY INV.CostCenterID,INV.VoucherNo
UNION ALL
SELECT ACC.CostCenterID
FROM ACC_DocDetails ACC with(nolock)''
if(@where<>'''')
	set @query=@query+'' join com_docccdata d with(nolock) on ACC.ACCDocDetailsid=d.ACCDocDetailsid''	

set @query=@query+'',#TblUsrWF WF
WHERE ACC.LinkedAccDocDetailsID is null and ACC.InvDocDetailsID is null and WF.WID=ACC.WorkflowID and (WF.LevelID>ACC.WorkFlowLevel or (WF.LevelID+1=ACC.WorkFlowLevel and ACC.StatusID=372)) and (ACC.StatusID=371 or ACC.StatusID=372 or ACC.StatusID=441) AND (WF.Type=1 or (ACC.WorkFlowLevel+1=WF.LevelID and ACC.StatusID!=372) or (WF.LevelID+1=ACC.WorkFlowLevel and ACC.StatusID=372) or (WF.CtWef is not null and ACC.WorkFlowLevel>=WF.LvWef
and ACC.CreatedDate+WF.CtWef<=convert(float,getdate())))''+@where+''
GROUP BY ACC.CostCenterID,ACC.VoucherNo  ) AS T
JOIN ADM_DocumentTypes DT with(nolock) ON T.CostCenterID=DT.CostCenterID
GROUP BY DT.CostCenterID,DT.DocumentName,DT.DocumentType,DT.IsInventory  
UNION ALL
SELECT DT.FeatureID CostCenterID,DT.Name DocumentName,-DT.FeatureID DocumentType,0 IsInventory,count(*) CNT
FROM (
SELECT INV.CostCenterID FROM REN_Contract INV WITH(NOLOCK),#TblUsrWF WF
WHERE  WF.WID=INV.WorkflowID and WF.LevelID>INV.WorkFlowLevel and (INV.StatusID=440 or INV.StatusID=470 or INV.StatusID=466) AND (WF.Type=1 or (INV.WorkFlowLevel+1=WF.LevelID and INV.StatusID!=470)  or (WF.CtWef is not null and INV.WorkFlowLevel>=WF.LvWef
 and INV.CreatedDate+WF.CtWef<=convert(float,getdate()))) AND INV.RefContractID=0 ) AS T
JOIN ADM_Features DT with(nolock) ON T.CostCenterID=DT.FeatureID
GROUP BY DT.FeatureID,DT.Name 
ORDER BY DocumentName''
exec(@query)

DROP TABLE #TblUsrWF
'
 ,1
 ,1
[System: 192.168.1.55] DEBUG | 10-15-2025 11:30:51.442 | General Service|:: CompanyIndex:137 SpName: spADM_GetDataSet 
 'select * from COM_TokenHistory WITH(NOLOCK) where JwtToken=''eyJhbGciOiJIUzI1NiIsInR5cCI6IkpXVCJ9.eyJ1bmlxdWVfbmFtZSI6ImFkbWluLDEsMTM3LDEiLCJuYmYiOjE3NjA1MDgwNTAsImV4cCI6MTc2MDUzNjg0OSwiaWF0IjoxNzYwNTA4MDUwfQ.s_1ZNwwHyRmgtErEIx_Xagt_pK7MyH6y6aJEVmv30PM'''
 ,1
 ,1
[System: 192.168.1.55] DEBUG | 10-15-2025 11:30:51.755 | General Service|:: CompanyIndex:137 SpName: spCOM_GetFavorites 
 'GETLIST0'
 ,0
 ,'1'
 ,'1'
 ,1
[System: 192.168.1.55] DEBUG | 10-15-2025 11:30:51.755 | General Service|:: CompanyIndex:137 SpName: spADM_GetDataSet 
 'select * from COM_TokenHistory WITH(NOLOCK) where JwtToken=''eyJhbGciOiJIUzI1NiIsInR5cCI6IkpXVCJ9.eyJ1bmlxdWVfbmFtZSI6ImFkbWluLDEsMTM3LDEiLCJuYmYiOjE3NjA1MDgwNTAsImV4cCI6MTc2MDUzNjg0OSwiaWF0IjoxNzYwNTA4MDUwfQ.s_1ZNwwHyRmgtErEIx_Xagt_pK7MyH6y6aJEVmv30PM'''
 ,1
 ,1
[System: 192.168.1.55] DEBUG | 10-15-2025 11:30:51.770 | General Service|:: CompanyIndex:137 SpName: spCOM_GetFavorites 
 'VIEW'
 ,1
 ,'1'
 ,'1'
 ,1
[System: 192.168.1.55] DEBUG | 10-15-2025 11:30:51.770 | General Service|:: CompanyIndex:137 SpName: spADM_GetDataSet 
 'select * from COM_TokenHistory WITH(NOLOCK) where JwtToken=''eyJhbGciOiJIUzI1NiIsInR5cCI6IkpXVCJ9.eyJ1bmlxdWVfbmFtZSI6ImFkbWluLDEsMTM3LDEiLCJuYmYiOjE3NjA1MDgwNTAsImV4cCI6MTc2MDUzNjg0OSwiaWF0IjoxNzYwNTA4MDUwfQ.s_1ZNwwHyRmgtErEIx_Xagt_pK7MyH6y6aJEVmv30PM'''
 ,1
 ,1
[System: 192.168.1.55] DEBUG | 10-15-2025 11:31:00.289 | General Service|:: CompanyIndex:137 SpName: spADM_GetCostCenterGridViewList 
 200
 ,1
 ,1
 ,1
[System: 192.168.1.55] DEBUG | 10-15-2025 11:31:00.289 | General Service|:: CompanyIndex:137 SpName: spADM_GetDataSet 
 'select * from COM_TokenHistory WITH(NOLOCK) where JwtToken=''eyJhbGciOiJIUzI1NiIsInR5cCI6IkpXVCJ9.eyJ1bmlxdWVfbmFtZSI6ImFkbWluLDEsMTM3LDEiLCJuYmYiOjE3NjA1MDgwNTAsImV4cCI6MTc2MDUzNjg0OSwiaWF0IjoxNzYwNTA4MDUwfQ.s_1ZNwwHyRmgtErEIx_Xagt_pK7MyH6y6aJEVmv30PM'''
 ,1
 ,1
[System: 192.168.1.55] DEBUG | 10-15-2025 11:31:00.383 | General Service|:: CompanyIndex:137 SpName: spCom_GetCostCenterSummary 
 267
 ,-1
 ,1000
 ,''
 ,''
 ,''
 ,0
 ,'15-Oct-2025'
 ,NULL
 ,''
 ,1
 ,1
 ,0
 ,0
 ,False
 ,1
[System: 192.168.1.55] DEBUG | 10-15-2025 11:31:00.383 | General Service|:: CompanyIndex:137 SpName: spADM_GetDataSet 
 'select * from COM_TokenHistory WITH(NOLOCK) where JwtToken=''eyJhbGciOiJIUzI1NiIsInR5cCI6IkpXVCJ9.eyJ1bmlxdWVfbmFtZSI6ImFkbWluLDEsMTM3LDEiLCJuYmYiOjE3NjA1MDgwNTAsImV4cCI6MTc2MDUzNjg0OSwiaWF0IjoxNzYwNTA4MDUwfQ.s_1ZNwwHyRmgtErEIx_Xagt_pK7MyH6y6aJEVmv30PM'''
 ,1
 ,1
[System: 192.168.1.55] DEBUG | 10-15-2025 11:31:03.962 | General Service|:: CompanyIndex:137 SpName: spCom_GetCostCenterQuickViewDefn 
 200
 ,'10041'
 ,200
 ,1
 ,1
 ,1
[System: 192.168.1.55] DEBUG | 10-15-2025 11:31:03.977 | General Service|:: CompanyIndex:137 SpName: spADM_GetDataSet 
 'select * from COM_TokenHistory WITH(NOLOCK) where JwtToken=''eyJhbGciOiJIUzI1NiIsInR5cCI6IkpXVCJ9.eyJ1bmlxdWVfbmFtZSI6ImFkbWluLDEsMTM3LDEiLCJuYmYiOjE3NjA1MDgwNTAsImV4cCI6MTc2MDUzNjg0OSwiaWF0IjoxNzYwNTA4MDUwfQ.s_1ZNwwHyRmgtErEIx_Xagt_pK7MyH6y6aJEVmv30PM'''
 ,1
 ,1
[System: 192.168.1.55] DEBUG | 10-15-2025 11:31:05.775 | General Service|:: CompanyIndex:137 SpName: spADM_GetDataSet 
 'SELECT StaticReportType FROM ADM_RevenUReports WITH(NOLOCK) WHERE ReportID=10013'
 ,1
 ,1
[System: 192.168.1.55] DEBUG | 10-15-2025 11:31:05.790 | General Service|:: CompanyIndex:137 SpName: spADM_GetDataSet 
 'select * from COM_TokenHistory WITH(NOLOCK) where JwtToken=''eyJhbGciOiJIUzI1NiIsInR5cCI6IkpXVCJ9.eyJ1bmlxdWVfbmFtZSI6ImFkbWluLDEsMTM3LDEiLCJuYmYiOjE3NjA1MDgwNTAsImV4cCI6MTc2MDUzNjg0OSwiaWF0IjoxNzYwNTA4MDUwfQ.s_1ZNwwHyRmgtErEIx_Xagt_pK7MyH6y6aJEVmv30PM'''
 ,1
 ,1
[System: 192.168.1.55] DEBUG | 10-15-2025 11:31:05.837 | General Service|:: CompanyIndex:137 SpName: spRPT_GetReport 
 0
 ,10013
 ,'1'
 ,'1'
 ,1
[System: 192.168.1.55] DEBUG | 10-15-2025 11:31:05.837 | General Service|:: CompanyIndex:137 SpName: spADM_GetDataSet 
 'select * from COM_TokenHistory WITH(NOLOCK) where JwtToken=''eyJhbGciOiJIUzI1NiIsInR5cCI6IkpXVCJ9.eyJ1bmlxdWVfbmFtZSI6ImFkbWluLDEsMTM3LDEiLCJuYmYiOjE3NjA1MDgwNTAsImV4cCI6MTc2MDUzNjg0OSwiaWF0IjoxNzYwNTA4MDUwfQ.s_1ZNwwHyRmgtErEIx_Xagt_pK7MyH6y6aJEVmv30PM'''
 ,1
 ,1
[System: 192.168.1.55] DEBUG | 10-15-2025 11:31:05.868 | General Service|:: CompanyIndex:137 SpName: spDOC_GetVPTPrintCopies 
 4
 ,50
 ,10013
 ,2
 ,4
 ,'View~admin'
 ,'admin'
 ,1
[System: 192.168.1.55] DEBUG | 10-15-2025 11:31:05.868 | General Service|:: CompanyIndex:137 SpName: spADM_GetDataSet 
 'select * from COM_TokenHistory WITH(NOLOCK) where JwtToken=''eyJhbGciOiJIUzI1NiIsInR5cCI6IkpXVCJ9.eyJ1bmlxdWVfbmFtZSI6ImFkbWluLDEsMTM3LDEiLCJuYmYiOjE3NjA1MDgwNTAsImV4cCI6MTc2MDUzNjg0OSwiaWF0IjoxNzYwNTA4MDUwfQ.s_1ZNwwHyRmgtErEIx_Xagt_pK7MyH6y6aJEVmv30PM'''
 ,1
 ,1
[System: 192.168.1.55] DEBUG | 10-15-2025 11:31:05.931 | General Service|:: CompanyIndex:137 SpName: spRPT_GetReportCategoryandField 
 -1
 ,0
 ,1
 ,0
 ,'1'
 ,1
[System: 192.168.1.55] DEBUG | 10-15-2025 11:31:05.931 | General Service|:: CompanyIndex:137 SpName: spADM_GetDataSet 
 'select * from COM_TokenHistory WITH(NOLOCK) where JwtToken=''eyJhbGciOiJIUzI1NiIsInR5cCI6IkpXVCJ9.eyJ1bmlxdWVfbmFtZSI6ImFkbWluLDEsMTM3LDEiLCJuYmYiOjE3NjA1MDgwNTAsImV4cCI6MTc2MDUzNjg0OSwiaWF0IjoxNzYwNTA4MDUwfQ.s_1ZNwwHyRmgtErEIx_Xagt_pK7MyH6y6aJEVmv30PM'''
 ,1
 ,1
[System: 192.168.1.55] DEBUG | 10-15-2025 11:31:05.993 | General Service|:: CompanyIndex:137 SpName: spRPT_GetReportFields 
 400
 ,0
 ,'1'
 ,1
[System: 192.168.1.55] DEBUG | 10-15-2025 11:31:05.993 | General Service|:: CompanyIndex:137 SpName: spADM_GetDataSet 
 'select * from COM_TokenHistory WITH(NOLOCK) where JwtToken=''eyJhbGciOiJIUzI1NiIsInR5cCI6IkpXVCJ9.eyJ1bmlxdWVfbmFtZSI6ImFkbWluLDEsMTM3LDEiLCJuYmYiOjE3NjA1MDgwNTAsImV4cCI6MTc2MDUzNjg0OSwiaWF0IjoxNzYwNTA4MDUwfQ.s_1ZNwwHyRmgtErEIx_Xagt_pK7MyH6y6aJEVmv30PM'''
 ,1
 ,1
[System: 192.168.1.55] DEBUG | 10-15-2025 11:31:09.834 | General Service|:: CompanyIndex:137 SpName: spADM_GetDataSet 
 'SELECT MAX(I.VoucherNo) DOCNO,MAX(Convert(DATETIME,I.DOCDATE)) DOCDATE,MAX(C51.CODE) CODE,MAX(C51.NAME) NAME,MAX(CONVERT(DATETIME,C51.DOJ)) DOJ,MAX(CONVERT(DATETIME,C51.DORELIEVE)) DOR,
MAX(CASE WHEN (T.DCALPHA1=1 AND T.DCALPHA2=1) THEN CONVERT(FLOAT,T.dcAlpha29) ELSE 0 END) GratuityAmount1,
MAX(CASE WHEN (T.DCALPHA1=1 AND T.DCALPHA2=2) THEN CONVERT(FLOAT,T.dcAlpha29) ELSE 0 END) GratuityAmount2,
MAX(CASE WHEN (T.DCALPHA1=5 AND T.DCALPHA2=1) THEN CONVERT(FLOAT,T.dcAlpha12) ELSE 0 END) OthAdd1,
MAX(CASE WHEN (T.DCALPHA1=6 AND T.DCALPHA2=1) THEN CONVERT(FLOAT,T.dcAlpha12) ELSE 0 END) OthDed1,
MAX(CASE WHEN (T.DCALPHA1=6 AND T.DCALPHA2=2) THEN CONVERT(FLOAT,T.dcAlpha12) ELSE 0 END) OthDed2,
MAX(CASE WHEN (T.DCALPHA1=2 AND T.DCALPHA2=1) THEN CONVERT(FLOAT,T.dcAlpha16) ELSE 0 END) LeaveEncash,
MAX(CASE WHEN (T.DCALPHA1=7 AND T.DCALPHA2=1) THEN CONVERT(FLOAT,REPLACE(T.dcAlpha16,'','','''')) ELSE 0 END) Loan,
MAX(MP1.DAYATTENDED) DaysAttended,MAX(MP1.LOPDAYS) LOPDAYS,MAX(MP1.OTAMOUNT) OTAMOUNT,
MAX(MP1.EARNING1) EARNINGS1,MAX(MP1.EARNING2) EARNINGS2,MAX(MP1.EARNING3) EARNINGS3,MAX(MP1.EARNING4) EARNINGS4,MAX(MP1.EARNING5) EARNINGS5,MAX(MP1.EARNING6) EARNINGS6
FROM INV_DOCDETAILS I WITH(NOLOCK)
JOIN COM_DOCCCDATA C  WITH(NOLOCK) ON C.INVDOCDETAILSID=I.INVDOCDETAILSID
JOIN COM_DOCTEXTDATA T WITH(NOLOCK) ON T.INVDOCDETAILSID=I.INVDOCDETAILSID
JOIN COM_DOCNUMDATA N WITH(NOLOCK) ON N.INVDOCDETAILSID=I.INVDOCDETAILSID
JOIN COM_CC50051 C51 WITH(NOLOCK) ON C51.NodeID=C.dcCCNID51

LEFT JOIN(
SELECT b1.dcCCNID51 as EmpSeqNo, MAX(A1.DueDate) DUEDATE
			From INV_DocDetails a1 WITH(NOLOCK) 
		JOIN COM_DocCCData b1 WITH(NOLOCK) ON b1.InvDocDetailsID=a1.InvDocDetailsID
		WHERE a1.CostCenterID=40054 and a1.StatusID=369 AND a1.VoucherType=11  GROUP BY b1.dcCCNID51
)MP ON mp.EmpSeqNo=C.dcCCNID51

LEFT JOIN(
SELECT b1.dcCCNID51 as EmpSeqNo,A1.DueDate DueDate, D1.dcAlpha5  DAYATTENDED
		,CONVERT(FLOAT,D1.dcAlpha9) LOPDAYS,CONVERT(FLOAT,D1.dcAlpha20) OTAMOUNT,
		c1.dcNum1 EARNING1,c1.dcNum2 EARNING2,c1.dcNum3 EARNING3,c1.dcNum4 EARNING4,c1.dcNum5 EARNING5,c1.dcNum6 EARNING6
			From INV_DocDetails a1 WITH(NOLOCK) 
			JOIN COM_DocCCData b1 WITH(NOLOCK) ON b1.InvDocDetailsID=a1.InvDocDetailsID
			JOIN PAY_DocNumData c1 WITH(NOLOCK) ON c1.InvDocDetailsID=a1.InvDocDetailsID
			JOIN COM_DocTextData d1 WITH(NOLOCK) ON d1.InvDocDetailsID=a1.InvDocDetailsID
			WHERE a1.CostCenterID=40054 and a1.StatusID=369 AND a1.VoucherType=11  
	)MP1 ON mp1.EmpSeqNo=C.dcCCNID51 AND MP1.DueDate=MP.DUEDATE

WHERE CostCenterID=40095 AND CONVERT(DATETIME,I.DOCDATE) BETWEEN ''01 Oct 2020'' AND ''31 Oct 2025''
GROUP BY C51.CODE'
 ,1
 ,1
[System: 192.168.1.55] DEBUG | 10-15-2025 11:31:09.834 | General Service|:: CompanyIndex:137 SpName: spADM_GetDataSet 
 'select * from COM_TokenHistory WITH(NOLOCK) where JwtToken=''eyJhbGciOiJIUzI1NiIsInR5cCI6IkpXVCJ9.eyJ1bmlxdWVfbmFtZSI6ImFkbWluLDEsMTM3LDEiLCJuYmYiOjE3NjA1MDgwNTAsImV4cCI6MTc2MDUzNjg0OSwiaWF0IjoxNzYwNTA4MDUwfQ.s_1ZNwwHyRmgtErEIx_Xagt_pK7MyH6y6aJEVmv30PM'''
 ,1
 ,1
[System: 192.168.1.55] DEBUG | 10-15-2025 11:31:11.738 | General Service|:: CompanyIndex:137 SpName: spDOC_GetDocumentDetailsByVoucherNo 
 'FST-1'
 ,'1'
 ,1
[System: 192.168.1.55] DEBUG | 10-15-2025 11:31:11.738 | General Service|:: CompanyIndex:137 SpName: spADM_GetDataSet 
 'select * from COM_TokenHistory WITH(NOLOCK) where JwtToken=''eyJhbGciOiJIUzI1NiIsInR5cCI6IkpXVCJ9.eyJ1bmlxdWVfbmFtZSI6ImFkbWluLDEsMTM3LDEiLCJuYmYiOjE3NjA1MDgwNTAsImV4cCI6MTc2MDUzNjg0OSwiaWF0IjoxNzYwNTA4MDUwfQ.s_1ZNwwHyRmgtErEIx_Xagt_pK7MyH6y6aJEVmv30PM'''
 ,1
 ,1
[System: 192.168.1.55] DEBUG | 10-15-2025 11:31:20.148 | General Service|:: CompanyIndex:137 SpName: spDOC_GetDocumentDetailsByVoucherNo 
 'FST-2'
 ,'1'
 ,1
[System: 192.168.1.55] DEBUG | 10-15-2025 11:31:20.148 | General Service|:: CompanyIndex:137 SpName: spADM_GetDataSet 
 'select * from COM_TokenHistory WITH(NOLOCK) where JwtToken=''eyJhbGciOiJIUzI1NiIsInR5cCI6IkpXVCJ9.eyJ1bmlxdWVfbmFtZSI6ImFkbWluLDEsMTM3LDEiLCJuYmYiOjE3NjA1MDgwNTAsImV4cCI6MTc2MDUzNjg0OSwiaWF0IjoxNzYwNTA4MDUwfQ.s_1ZNwwHyRmgtErEIx_Xagt_pK7MyH6y6aJEVmv30PM'''
 ,1
 ,1
[System: 192.168.1.56] DEBUG | 10-15-2025 11:31:30.253 | General Service|:: CompanyIndex:7 SpName: spADM_GetDataSet 
 'declare @UserID int,@RoleID int,@UserName NVARCHAR(100),@where nvarchar(max),@query nvarchar(max)
set @UserID=1
set @RoleID=1-- Employee:-1
SELECT @UserName=UserName From ADM_Users WITH(NOLOCK) WHERE UserID=@UserID
exec [fnGet_GetAssignedDims] @UserID,@RoleID,@where output
 create table #TblUsrWF(WID int,LevelID int,Type int,CtWef float,LvWef int)
EXEC spRPT_GetReportData @Type=8,@Param1=@UserID,@strXML=null,@RoleID=@RoleID set @query=''  SELECT DT.CostCenterID,DT.DocumentName,DT.DocumentType,DT.IsInventory,count(*) CNT
FROM (
 SELECT INV.CostCenterID
FROM INV_DocDetails INV with(nolock)''
if(@where<>'''')
	set @query=@query+'' join com_docccdata d with(nolock) on INV.INVDocDetailsid=d.INVDocDetailsid''	

set @query=@query+'' ,#TblUsrWF WF
WHERE WF.WID=INV.WorkflowID and (WF.LevelID>INV.WorkFlowLevel or (WF.LevelID+1=INV.WorkFlowLevel and INV.StatusID=372)) and (INV.StatusID=371 or INV.StatusID=372 or INV.StatusID=441) AND (WF.Type=1 or (INV.WorkFlowLevel+1=WF.LevelID and INV.StatusID!=372) or (WF.LevelID+1=INV.WorkFlowLevel and INV.StatusID=372) or (WF.CtWef is not null and INV.WorkFlowLevel>=WF.LvWef
and INV.CreatedDate+WF.CtWef<=convert(float,getdate()))) ''+@where+''
GROUP BY INV.CostCenterID,INV.VoucherNo
UNION ALL
SELECT ACC.CostCenterID
FROM ACC_DocDetails ACC with(nolock)''
if(@where<>'''')
	set @query=@query+'' join com_docccdata d with(nolock) on ACC.ACCDocDetailsid=d.ACCDocDetailsid''	

set @query=@query+'',#TblUsrWF WF
WHERE ACC.LinkedAccDocDetailsID is null and ACC.InvDocDetailsID is null and WF.WID=ACC.WorkflowID and (WF.LevelID>ACC.WorkFlowLevel or (WF.LevelID+1=ACC.WorkFlowLevel and ACC.StatusID=372)) and (ACC.StatusID=371 or ACC.StatusID=372 or ACC.StatusID=441) AND (WF.Type=1 or (ACC.WorkFlowLevel+1=WF.LevelID and ACC.StatusID!=372) or (WF.LevelID+1=ACC.WorkFlowLevel and ACC.StatusID=372) or (WF.CtWef is not null and ACC.WorkFlowLevel>=WF.LvWef
and ACC.CreatedDate+WF.CtWef<=convert(float,getdate())))''+@where+''
GROUP BY ACC.CostCenterID,ACC.VoucherNo  ) AS T
JOIN ADM_DocumentTypes DT with(nolock) ON T.CostCenterID=DT.CostCenterID
GROUP BY DT.CostCenterID,DT.DocumentName,DT.DocumentType,DT.IsInventory  
UNION ALL
SELECT DT.FeatureID CostCenterID,DT.Name DocumentName,-DT.FeatureID DocumentType,0 IsInventory,count(*) CNT
FROM (
SELECT INV.CostCenterID FROM REN_Contract INV WITH(NOLOCK),#TblUsrWF WF
WHERE  WF.WID=INV.WorkflowID and WF.LevelID>INV.WorkFlowLevel and (INV.StatusID=440 or INV.StatusID=470 or INV.StatusID=466) AND (WF.Type=1 or (INV.WorkFlowLevel+1=WF.LevelID and INV.StatusID!=470)  or (WF.CtWef is not null and INV.WorkFlowLevel>=WF.LvWef
 and INV.CreatedDate+WF.CtWef<=convert(float,getdate()))) AND INV.RefContractID=0 ) AS T
JOIN ADM_Features DT with(nolock) ON T.CostCenterID=DT.FeatureID
GROUP BY DT.FeatureID,DT.Name 
ORDER BY DocumentName''
exec(@query)

DROP TABLE #TblUsrWF
'
 ,1
 ,1
[System: 192.168.1.56] DEBUG | 10-15-2025 11:31:30.312 | General Service|:: CompanyIndex:7 SpName: spADM_GetDataSet 
 'select * from COM_TokenHistory WITH(NOLOCK) where JwtToken=''eyJhbGciOiJIUzI1NiIsInR5cCI6IkpXVCJ9.eyJ1bmlxdWVfbmFtZSI6ImFkbWluLDEsNywxIiwibmJmIjoxNzYwNTA3MDMwLCJleHAiOjE3NjA1MzU4MzAsImlhdCI6MTc2MDUwNzAzMH0.DEkqIG4YagVXYsTCDg2F-z86W_MhkNVD5GmjGCuKDPo'''
 ,1
 ,1
 message=Invalid object name 'COM_TokenHistory'.
[System: 192.168.1.56] DEBUG | 10-15-2025 11:31:30.312 | General Service|:: CompanyIndex:7 SpName: spADM_GetDataSet 
 'select * from COM_TokenHistory WITH(NOLOCK) where JwtToken=''eyJhbGciOiJIUzI1NiIsInR5cCI6IkpXVCJ9.eyJ1bmlxdWVfbmFtZSI6ImFkbWluLDEsNywxIiwibmJmIjoxNzYwNTA3MDMwLCJleHAiOjE3NjA1MzU4MzAsImlhdCI6MTc2MDUwNzAzMH0.DEkqIG4YagVXYsTCDg2F-z86W_MhkNVD5GmjGCuKDPo'''
 ,1
 ,1
 message=Problem in processing your request, Please contact administrator.
[System: 192.168.1.56] INFO | 10-15-2025 11:31:30.312 | OnStartup: Logger Instance Created Successfully
[System: 192.168.1.56] INFO | 10-15-2025 11:31:30.312 | OnStartup: Application Starting...
[System: 192.168.1.56] ERROR | 10-15-2025 11:31:30.312 | General Service|:: CompanyIndex:7 SpName: spADM_GetDataSetParameters :
 'select * from COM_TokenHistory WITH(NOLOCK) where JwtToken=''eyJhbGciOiJIUzI1NiIsInR5cCI6IkpXVCJ9.eyJ1bmlxdWVfbmFtZSI6ImFkbWluLDEsNywxIiwibmJmIjoxNzYwNTA3MDMwLCJleHAiOjE3NjA1MzU4MzAsImlhdCI6MTc2MDUwNzAzMH0.DEkqIG4YagVXYsTCDg2F-z86W_MhkNVD5GmjGCuKDPo'''
 ,1
 ,1|Invalid object name 'COM_TokenHistory'.
[System: 192.168.1.55] DEBUG | 10-15-2025 11:31:32.874 | General Service|:: CompanyIndex:137 SpName: spDOC_GetDocumentDetailsByVoucherNo 
 'FST-Hyder/25/1'
 ,'1'
 ,1
[System: 192.168.1.55] DEBUG | 10-15-2025 11:31:32.874 | General Service|:: CompanyIndex:137 SpName: spADM_GetDataSet 
 'select * from COM_TokenHistory WITH(NOLOCK) where JwtToken=''eyJhbGciOiJIUzI1NiIsInR5cCI6IkpXVCJ9.eyJ1bmlxdWVfbmFtZSI6ImFkbWluLDEsMTM3LDEiLCJuYmYiOjE3NjA1MDgwNTAsImV4cCI6MTc2MDUzNjg0OSwiaWF0IjoxNzYwNTA4MDUwfQ.s_1ZNwwHyRmgtErEIx_Xagt_pK7MyH6y6aJEVmv30PM'''
 ,1
 ,1
[System: 192.168.1.56] DEBUG | 10-15-2025 11:32:28.050 | General Service|:: CompanyIndex:7 SpName: spADM_GetDataSet 
 'declare @UserID int,@RoleID int,@UserName NVARCHAR(100),@where nvarchar(max),@query nvarchar(max)
set @UserID=1
set @RoleID=1-- Employee:-1
SELECT @UserName=UserName From ADM_Users WITH(NOLOCK) WHERE UserID=@UserID
exec [fnGet_GetAssignedDims] @UserID,@RoleID,@where output
 create table #TblUsrWF(WID int,LevelID int,Type int,CtWef float,LvWef int)
EXEC spRPT_GetReportData @Type=8,@Param1=@UserID,@strXML=null,@RoleID=@RoleID set @query=''  SELECT DT.CostCenterID,DT.DocumentName,DT.DocumentType,DT.IsInventory,count(*) CNT
FROM (
 SELECT INV.CostCenterID
FROM INV_DocDetails INV with(nolock)''
if(@where<>'''')
	set @query=@query+'' join com_docccdata d with(nolock) on INV.INVDocDetailsid=d.INVDocDetailsid''	

set @query=@query+'' ,#TblUsrWF WF
WHERE WF.WID=INV.WorkflowID and (WF.LevelID>INV.WorkFlowLevel or (WF.LevelID+1=INV.WorkFlowLevel and INV.StatusID=372)) and (INV.StatusID=371 or INV.StatusID=372 or INV.StatusID=441) AND (WF.Type=1 or (INV.WorkFlowLevel+1=WF.LevelID and INV.StatusID!=372) or (WF.LevelID+1=INV.WorkFlowLevel and INV.StatusID=372) or (WF.CtWef is not null and INV.WorkFlowLevel>=WF.LvWef
and INV.CreatedDate+WF.CtWef<=convert(float,getdate()))) ''+@where+''
GROUP BY INV.CostCenterID,INV.VoucherNo
UNION ALL
SELECT ACC.CostCenterID
FROM ACC_DocDetails ACC with(nolock)''
if(@where<>'''')
	set @query=@query+'' join com_docccdata d with(nolock) on ACC.ACCDocDetailsid=d.ACCDocDetailsid''	

set @query=@query+'',#TblUsrWF WF
WHERE ACC.LinkedAccDocDetailsID is null and ACC.InvDocDetailsID is null and WF.WID=ACC.WorkflowID and (WF.LevelID>ACC.WorkFlowLevel or (WF.LevelID+1=ACC.WorkFlowLevel and ACC.StatusID=372)) and (ACC.StatusID=371 or ACC.StatusID=372 or ACC.StatusID=441) AND (WF.Type=1 or (ACC.WorkFlowLevel+1=WF.LevelID and ACC.StatusID!=372) or (WF.LevelID+1=ACC.WorkFlowLevel and ACC.StatusID=372) or (WF.CtWef is not null and ACC.WorkFlowLevel>=WF.LvWef
and ACC.CreatedDate+WF.CtWef<=convert(float,getdate())))''+@where+''
GROUP BY ACC.CostCenterID,ACC.VoucherNo  ) AS T
JOIN ADM_DocumentTypes DT with(nolock) ON T.CostCenterID=DT.CostCenterID
GROUP BY DT.CostCenterID,DT.DocumentName,DT.DocumentType,DT.IsInventory  
UNION ALL
SELECT DT.FeatureID CostCenterID,DT.Name DocumentName,-DT.FeatureID DocumentType,0 IsInventory,count(*) CNT
FROM (
SELECT INV.CostCenterID FROM REN_Contract INV WITH(NOLOCK),#TblUsrWF WF
WHERE  WF.WID=INV.WorkflowID and WF.LevelID>INV.WorkFlowLevel and (INV.StatusID=440 or INV.StatusID=470 or INV.StatusID=466) AND (WF.Type=1 or (INV.WorkFlowLevel+1=WF.LevelID and INV.StatusID!=470)  or (WF.CtWef is not null and INV.WorkFlowLevel>=WF.LvWef
 and INV.CreatedDate+WF.CtWef<=convert(float,getdate()))) AND INV.RefContractID=0 ) AS T
JOIN ADM_Features DT with(nolock) ON T.CostCenterID=DT.FeatureID
GROUP BY DT.FeatureID,DT.Name 
ORDER BY DocumentName''
exec(@query)

DROP TABLE #TblUsrWF
'
 ,1
 ,1
[System: 192.168.1.56] DEBUG | 10-15-2025 11:32:28.066 | General Service|:: CompanyIndex:7 SpName: spADM_GetDataSet 
 'select * from COM_TokenHistory WITH(NOLOCK) where JwtToken=''eyJhbGciOiJIUzI1NiIsInR5cCI6IkpXVCJ9.eyJ1bmlxdWVfbmFtZSI6ImFkbWluLDEsNywxIiwibmJmIjoxNzYwNTA3MDMwLCJleHAiOjE3NjA1MzU4MzAsImlhdCI6MTc2MDUwNzAzMH0.DEkqIG4YagVXYsTCDg2F-z86W_MhkNVD5GmjGCuKDPo'''
 ,1
 ,1
 message=Invalid object name 'COM_TokenHistory'.
[System: 192.168.1.56] DEBUG | 10-15-2025 11:32:28.066 | General Service|:: CompanyIndex:7 SpName: spADM_GetDataSet 
 'select * from COM_TokenHistory WITH(NOLOCK) where JwtToken=''eyJhbGciOiJIUzI1NiIsInR5cCI6IkpXVCJ9.eyJ1bmlxdWVfbmFtZSI6ImFkbWluLDEsNywxIiwibmJmIjoxNzYwNTA3MDMwLCJleHAiOjE3NjA1MzU4MzAsImlhdCI6MTc2MDUwNzAzMH0.DEkqIG4YagVXYsTCDg2F-z86W_MhkNVD5GmjGCuKDPo'''
 ,1
 ,1
 message=Problem in processing your request, Please contact administrator.
[System: 192.168.1.56] INFO | 10-15-2025 11:32:28.066 | OnStartup: Logger Instance Created Successfully
[System: 192.168.1.56] INFO | 10-15-2025 11:32:28.066 | OnStartup: Application Starting...
[System: 192.168.1.56] ERROR | 10-15-2025 11:32:28.066 | General Service|:: CompanyIndex:7 SpName: spADM_GetDataSetParameters :
 'select * from COM_TokenHistory WITH(NOLOCK) where JwtToken=''eyJhbGciOiJIUzI1NiIsInR5cCI6IkpXVCJ9.eyJ1bmlxdWVfbmFtZSI6ImFkbWluLDEsNywxIiwibmJmIjoxNzYwNTA3MDMwLCJleHAiOjE3NjA1MzU4MzAsImlhdCI6MTc2MDUwNzAzMH0.DEkqIG4YagVXYsTCDg2F-z86W_MhkNVD5GmjGCuKDPo'''
 ,1
 ,1|Invalid object name 'COM_TokenHistory'.
[System: 192.168.1.56] DEBUG | 10-15-2025 11:33:29.048 | General Service|:: CompanyIndex:7 SpName: spADM_GetDataSet 
 'declare @UserID int,@RoleID int,@UserName NVARCHAR(100),@where nvarchar(max),@query nvarchar(max)
set @UserID=1
set @RoleID=1-- Employee:-1
SELECT @UserName=UserName From ADM_Users WITH(NOLOCK) WHERE UserID=@UserID
exec [fnGet_GetAssignedDims] @UserID,@RoleID,@where output
 create table #TblUsrWF(WID int,LevelID int,Type int,CtWef float,LvWef int)
EXEC spRPT_GetReportData @Type=8,@Param1=@UserID,@strXML=null,@RoleID=@RoleID set @query=''  SELECT DT.CostCenterID,DT.DocumentName,DT.DocumentType,DT.IsInventory,count(*) CNT
FROM (
 SELECT INV.CostCenterID
FROM INV_DocDetails INV with(nolock)''
if(@where<>'''')
	set @query=@query+'' join com_docccdata d with(nolock) on INV.INVDocDetailsid=d.INVDocDetailsid''	

set @query=@query+'' ,#TblUsrWF WF
WHERE WF.WID=INV.WorkflowID and (WF.LevelID>INV.WorkFlowLevel or (WF.LevelID+1=INV.WorkFlowLevel and INV.StatusID=372)) and (INV.StatusID=371 or INV.StatusID=372 or INV.StatusID=441) AND (WF.Type=1 or (INV.WorkFlowLevel+1=WF.LevelID and INV.StatusID!=372) or (WF.LevelID+1=INV.WorkFlowLevel and INV.StatusID=372) or (WF.CtWef is not null and INV.WorkFlowLevel>=WF.LvWef
and INV.CreatedDate+WF.CtWef<=convert(float,getdate()))) ''+@where+''
GROUP BY INV.CostCenterID,INV.VoucherNo
UNION ALL
SELECT ACC.CostCenterID
FROM ACC_DocDetails ACC with(nolock)''
if(@where<>'''')
	set @query=@query+'' join com_docccdata d with(nolock) on ACC.ACCDocDetailsid=d.ACCDocDetailsid''	

set @query=@query+'',#TblUsrWF WF
WHERE ACC.LinkedAccDocDetailsID is null and ACC.InvDocDetailsID is null and WF.WID=ACC.WorkflowID and (WF.LevelID>ACC.WorkFlowLevel or (WF.LevelID+1=ACC.WorkFlowLevel and ACC.StatusID=372)) and (ACC.StatusID=371 or ACC.StatusID=372 or ACC.StatusID=441) AND (WF.Type=1 or (ACC.WorkFlowLevel+1=WF.LevelID and ACC.StatusID!=372) or (WF.LevelID+1=ACC.WorkFlowLevel and ACC.StatusID=372) or (WF.CtWef is not null and ACC.WorkFlowLevel>=WF.LvWef
and ACC.CreatedDate+WF.CtWef<=convert(float,getdate())))''+@where+''
GROUP BY ACC.CostCenterID,ACC.VoucherNo  ) AS T
JOIN ADM_DocumentTypes DT with(nolock) ON T.CostCenterID=DT.CostCenterID
GROUP BY DT.CostCenterID,DT.DocumentName,DT.DocumentType,DT.IsInventory  
UNION ALL
SELECT DT.FeatureID CostCenterID,DT.Name DocumentName,-DT.FeatureID DocumentType,0 IsInventory,count(*) CNT
FROM (
SELECT INV.CostCenterID FROM REN_Contract INV WITH(NOLOCK),#TblUsrWF WF
WHERE  WF.WID=INV.WorkflowID and WF.LevelID>INV.WorkFlowLevel and (INV.StatusID=440 or INV.StatusID=470 or INV.StatusID=466) AND (WF.Type=1 or (INV.WorkFlowLevel+1=WF.LevelID and INV.StatusID!=470)  or (WF.CtWef is not null and INV.WorkFlowLevel>=WF.LvWef
 and INV.CreatedDate+WF.CtWef<=convert(float,getdate()))) AND INV.RefContractID=0 ) AS T
JOIN ADM_Features DT with(nolock) ON T.CostCenterID=DT.FeatureID
GROUP BY DT.FeatureID,DT.Name 
ORDER BY DocumentName''
exec(@query)

DROP TABLE #TblUsrWF
'
 ,1
 ,1
[System: 192.168.1.56] DEBUG | 10-15-2025 11:33:29.048 | General Service|:: CompanyIndex:7 SpName: spADM_GetDataSet 
 'select * from COM_TokenHistory WITH(NOLOCK) where JwtToken=''eyJhbGciOiJIUzI1NiIsInR5cCI6IkpXVCJ9.eyJ1bmlxdWVfbmFtZSI6ImFkbWluLDEsNywxIiwibmJmIjoxNzYwNTA3MDMwLCJleHAiOjE3NjA1MzU4MzAsImlhdCI6MTc2MDUwNzAzMH0.DEkqIG4YagVXYsTCDg2F-z86W_MhkNVD5GmjGCuKDPo'''
 ,1
 ,1
 message=Invalid object name 'COM_TokenHistory'.
[System: 192.168.1.56] DEBUG | 10-15-2025 11:33:29.048 | General Service|:: CompanyIndex:7 SpName: spADM_GetDataSet 
 'select * from COM_TokenHistory WITH(NOLOCK) where JwtToken=''eyJhbGciOiJIUzI1NiIsInR5cCI6IkpXVCJ9.eyJ1bmlxdWVfbmFtZSI6ImFkbWluLDEsNywxIiwibmJmIjoxNzYwNTA3MDMwLCJleHAiOjE3NjA1MzU4MzAsImlhdCI6MTc2MDUwNzAzMH0.DEkqIG4YagVXYsTCDg2F-z86W_MhkNVD5GmjGCuKDPo'''
 ,1
 ,1
 message=Problem in processing your request, Please contact administrator.
[System: 192.168.1.56] INFO | 10-15-2025 11:33:29.048 | OnStartup: Logger Instance Created Successfully
[System: 192.168.1.56] INFO | 10-15-2025 11:33:29.048 | OnStartup: Application Starting...
[System: 192.168.1.56] ERROR | 10-15-2025 11:33:29.048 | General Service|:: CompanyIndex:7 SpName: spADM_GetDataSetParameters :
 'select * from COM_TokenHistory WITH(NOLOCK) where JwtToken=''eyJhbGciOiJIUzI1NiIsInR5cCI6IkpXVCJ9.eyJ1bmlxdWVfbmFtZSI6ImFkbWluLDEsNywxIiwibmJmIjoxNzYwNTA3MDMwLCJleHAiOjE3NjA1MzU4MzAsImlhdCI6MTc2MDUwNzAzMH0.DEkqIG4YagVXYsTCDg2F-z86W_MhkNVD5GmjGCuKDPo'''
 ,1
 ,1|Invalid object name 'COM_TokenHistory'.
[System: 192.168.1.56] DEBUG | 10-15-2025 11:34:14.145 | General Service|:: CompanyIndex:7 SpName: spCOM_ConfigValues 
 1
 ,'NotifTime'
 ,''
[System: 192.168.1.56] DEBUG | 10-15-2025 11:34:14.145 | General Service|:: CompanyIndex:7 SpName: spADM_GetDataSet 
 'select * from COM_TokenHistory WITH(NOLOCK) where JwtToken=''eyJhbGciOiJIUzI1NiIsInR5cCI6IkpXVCJ9.eyJ1bmlxdWVfbmFtZSI6ImFkbWluLDEsNywxIiwibmJmIjoxNzYwNTA3MDMwLCJleHAiOjE3NjA1MzU4MzAsImlhdCI6MTc2MDUwNzAzMH0.DEkqIG4YagVXYsTCDg2F-z86W_MhkNVD5GmjGCuKDPo'''
 ,1
 ,1
 message=Invalid object name 'COM_TokenHistory'.
[System: 192.168.1.56] DEBUG | 10-15-2025 11:34:14.145 | General Service|:: CompanyIndex:7 SpName: spADM_GetDataSet 
 'select * from COM_TokenHistory WITH(NOLOCK) where JwtToken=''eyJhbGciOiJIUzI1NiIsInR5cCI6IkpXVCJ9.eyJ1bmlxdWVfbmFtZSI6ImFkbWluLDEsNywxIiwibmJmIjoxNzYwNTA3MDMwLCJleHAiOjE3NjA1MzU4MzAsImlhdCI6MTc2MDUwNzAzMH0.DEkqIG4YagVXYsTCDg2F-z86W_MhkNVD5GmjGCuKDPo'''
 ,1
 ,1
 message=Problem in processing your request, Please contact administrator.
[System: 192.168.1.56] INFO | 10-15-2025 11:34:14.145 | OnStartup: Logger Instance Created Successfully
[System: 192.168.1.56] INFO | 10-15-2025 11:34:14.145 | OnStartup: Application Starting...
[System: 192.168.1.56] ERROR | 10-15-2025 11:34:14.160 | General Service|:: CompanyIndex:7 SpName: spADM_GetDataSetParameters :
 'select * from COM_TokenHistory WITH(NOLOCK) where JwtToken=''eyJhbGciOiJIUzI1NiIsInR5cCI6IkpXVCJ9.eyJ1bmlxdWVfbmFtZSI6ImFkbWluLDEsNywxIiwibmJmIjoxNzYwNTA3MDMwLCJleHAiOjE3NjA1MzU4MzAsImlhdCI6MTc2MDUwNzAzMH0.DEkqIG4YagVXYsTCDg2F-z86W_MhkNVD5GmjGCuKDPo'''
 ,1
 ,1|Invalid object name 'COM_TokenHistory'.
[System: 192.168.1.56] DEBUG | 10-15-2025 11:34:30.025 | General Service|:: CompanyIndex:7 SpName: spADM_GetDataSet 
 'declare @UserID int,@RoleID int,@UserName NVARCHAR(100),@where nvarchar(max),@query nvarchar(max)
set @UserID=1
set @RoleID=1-- Employee:-1
SELECT @UserName=UserName From ADM_Users WITH(NOLOCK) WHERE UserID=@UserID
exec [fnGet_GetAssignedDims] @UserID,@RoleID,@where output
 create table #TblUsrWF(WID int,LevelID int,Type int,CtWef float,LvWef int)
EXEC spRPT_GetReportData @Type=8,@Param1=@UserID,@strXML=null,@RoleID=@RoleID set @query=''  SELECT DT.CostCenterID,DT.DocumentName,DT.DocumentType,DT.IsInventory,count(*) CNT
FROM (
 SELECT INV.CostCenterID
FROM INV_DocDetails INV with(nolock)''
if(@where<>'''')
	set @query=@query+'' join com_docccdata d with(nolock) on INV.INVDocDetailsid=d.INVDocDetailsid''	

set @query=@query+'' ,#TblUsrWF WF
WHERE WF.WID=INV.WorkflowID and (WF.LevelID>INV.WorkFlowLevel or (WF.LevelID+1=INV.WorkFlowLevel and INV.StatusID=372)) and (INV.StatusID=371 or INV.StatusID=372 or INV.StatusID=441) AND (WF.Type=1 or (INV.WorkFlowLevel+1=WF.LevelID and INV.StatusID!=372) or (WF.LevelID+1=INV.WorkFlowLevel and INV.StatusID=372) or (WF.CtWef is not null and INV.WorkFlowLevel>=WF.LvWef
and INV.CreatedDate+WF.CtWef<=convert(float,getdate()))) ''+@where+''
GROUP BY INV.CostCenterID,INV.VoucherNo
UNION ALL
SELECT ACC.CostCenterID
FROM ACC_DocDetails ACC with(nolock)''
if(@where<>'''')
	set @query=@query+'' join com_docccdata d with(nolock) on ACC.ACCDocDetailsid=d.ACCDocDetailsid''	

set @query=@query+'',#TblUsrWF WF
WHERE ACC.LinkedAccDocDetailsID is null and ACC.InvDocDetailsID is null and WF.WID=ACC.WorkflowID and (WF.LevelID>ACC.WorkFlowLevel or (WF.LevelID+1=ACC.WorkFlowLevel and ACC.StatusID=372)) and (ACC.StatusID=371 or ACC.StatusID=372 or ACC.StatusID=441) AND (WF.Type=1 or (ACC.WorkFlowLevel+1=WF.LevelID and ACC.StatusID!=372) or (WF.LevelID+1=ACC.WorkFlowLevel and ACC.StatusID=372) or (WF.CtWef is not null and ACC.WorkFlowLevel>=WF.LvWef
and ACC.CreatedDate+WF.CtWef<=convert(float,getdate())))''+@where+''
GROUP BY ACC.CostCenterID,ACC.VoucherNo  ) AS T
JOIN ADM_DocumentTypes DT with(nolock) ON T.CostCenterID=DT.CostCenterID
GROUP BY DT.CostCenterID,DT.DocumentName,DT.DocumentType,DT.IsInventory  
UNION ALL
SELECT DT.FeatureID CostCenterID,DT.Name DocumentName,-DT.FeatureID DocumentType,0 IsInventory,count(*) CNT
FROM (
SELECT INV.CostCenterID FROM REN_Contract INV WITH(NOLOCK),#TblUsrWF WF
WHERE  WF.WID=INV.WorkflowID and WF.LevelID>INV.WorkFlowLevel and (INV.StatusID=440 or INV.StatusID=470 or INV.StatusID=466) AND (WF.Type=1 or (INV.WorkFlowLevel+1=WF.LevelID and INV.StatusID!=470)  or (WF.CtWef is not null and INV.WorkFlowLevel>=WF.LvWef
 and INV.CreatedDate+WF.CtWef<=convert(float,getdate()))) AND INV.RefContractID=0 ) AS T
JOIN ADM_Features DT with(nolock) ON T.CostCenterID=DT.FeatureID
GROUP BY DT.FeatureID,DT.Name 
ORDER BY DocumentName''
exec(@query)

DROP TABLE #TblUsrWF
'
 ,1
 ,1
[System: 192.168.1.56] DEBUG | 10-15-2025 11:34:30.041 | General Service|:: CompanyIndex:7 SpName: spADM_GetDataSet 
 'select * from COM_TokenHistory WITH(NOLOCK) where JwtToken=''eyJhbGciOiJIUzI1NiIsInR5cCI6IkpXVCJ9.eyJ1bmlxdWVfbmFtZSI6ImFkbWluLDEsNywxIiwibmJmIjoxNzYwNTA3MDMwLCJleHAiOjE3NjA1MzU4MzAsImlhdCI6MTc2MDUwNzAzMH0.DEkqIG4YagVXYsTCDg2F-z86W_MhkNVD5GmjGCuKDPo'''
 ,1
 ,1
 message=Invalid object name 'COM_TokenHistory'.
[System: 192.168.1.56] DEBUG | 10-15-2025 11:34:30.041 | General Service|:: CompanyIndex:7 SpName: spADM_GetDataSet 
 'select * from COM_TokenHistory WITH(NOLOCK) where JwtToken=''eyJhbGciOiJIUzI1NiIsInR5cCI6IkpXVCJ9.eyJ1bmlxdWVfbmFtZSI6ImFkbWluLDEsNywxIiwibmJmIjoxNzYwNTA3MDMwLCJleHAiOjE3NjA1MzU4MzAsImlhdCI6MTc2MDUwNzAzMH0.DEkqIG4YagVXYsTCDg2F-z86W_MhkNVD5GmjGCuKDPo'''
 ,1
 ,1
 message=Problem in processing your request, Please contact administrator.
[System: 192.168.1.56] INFO | 10-15-2025 11:34:30.041 | OnStartup: Logger Instance Created Successfully
[System: 192.168.1.56] INFO | 10-15-2025 11:34:30.041 | OnStartup: Application Starting...
[System: 192.168.1.56] ERROR | 10-15-2025 11:34:30.041 | General Service|:: CompanyIndex:7 SpName: spADM_GetDataSetParameters :
 'select * from COM_TokenHistory WITH(NOLOCK) where JwtToken=''eyJhbGciOiJIUzI1NiIsInR5cCI6IkpXVCJ9.eyJ1bmlxdWVfbmFtZSI6ImFkbWluLDEsNywxIiwibmJmIjoxNzYwNTA3MDMwLCJleHAiOjE3NjA1MzU4MzAsImlhdCI6MTc2MDUwNzAzMH0.DEkqIG4YagVXYsTCDg2F-z86W_MhkNVD5GmjGCuKDPo'''
 ,1
 ,1|Invalid object name 'COM_TokenHistory'.
[System: 192.168.1.56] DEBUG | 10-15-2025 11:35:31.029 | General Service|:: CompanyIndex:7 SpName: spADM_GetDataSet 
 'declare @UserID int,@RoleID int,@UserName NVARCHAR(100),@where nvarchar(max),@query nvarchar(max)
set @UserID=1
set @RoleID=1-- Employee:-1
SELECT @UserName=UserName From ADM_Users WITH(NOLOCK) WHERE UserID=@UserID
exec [fnGet_GetAssignedDims] @UserID,@RoleID,@where output
 create table #TblUsrWF(WID int,LevelID int,Type int,CtWef float,LvWef int)
EXEC spRPT_GetReportData @Type=8,@Param1=@UserID,@strXML=null,@RoleID=@RoleID set @query=''  SELECT DT.CostCenterID,DT.DocumentName,DT.DocumentType,DT.IsInventory,count(*) CNT
FROM (
 SELECT INV.CostCenterID
FROM INV_DocDetails INV with(nolock)''
if(@where<>'''')
	set @query=@query+'' join com_docccdata d with(nolock) on INV.INVDocDetailsid=d.INVDocDetailsid''	

set @query=@query+'' ,#TblUsrWF WF
WHERE WF.WID=INV.WorkflowID and (WF.LevelID>INV.WorkFlowLevel or (WF.LevelID+1=INV.WorkFlowLevel and INV.StatusID=372)) and (INV.StatusID=371 or INV.StatusID=372 or INV.StatusID=441) AND (WF.Type=1 or (INV.WorkFlowLevel+1=WF.LevelID and INV.StatusID!=372) or (WF.LevelID+1=INV.WorkFlowLevel and INV.StatusID=372) or (WF.CtWef is not null and INV.WorkFlowLevel>=WF.LvWef
and INV.CreatedDate+WF.CtWef<=convert(float,getdate()))) ''+@where+''
GROUP BY INV.CostCenterID,INV.VoucherNo
UNION ALL
SELECT ACC.CostCenterID
FROM ACC_DocDetails ACC with(nolock)''
if(@where<>'''')
	set @query=@query+'' join com_docccdata d with(nolock) on ACC.ACCDocDetailsid=d.ACCDocDetailsid''	

set @query=@query+'',#TblUsrWF WF
WHERE ACC.LinkedAccDocDetailsID is null and ACC.InvDocDetailsID is null and WF.WID=ACC.WorkflowID and (WF.LevelID>ACC.WorkFlowLevel or (WF.LevelID+1=ACC.WorkFlowLevel and ACC.StatusID=372)) and (ACC.StatusID=371 or ACC.StatusID=372 or ACC.StatusID=441) AND (WF.Type=1 or (ACC.WorkFlowLevel+1=WF.LevelID and ACC.StatusID!=372) or (WF.LevelID+1=ACC.WorkFlowLevel and ACC.StatusID=372) or (WF.CtWef is not null and ACC.WorkFlowLevel>=WF.LvWef
and ACC.CreatedDate+WF.CtWef<=convert(float,getdate())))''+@where+''
GROUP BY ACC.CostCenterID,ACC.VoucherNo  ) AS T
JOIN ADM_DocumentTypes DT with(nolock) ON T.CostCenterID=DT.CostCenterID
GROUP BY DT.CostCenterID,DT.DocumentName,DT.DocumentType,DT.IsInventory  
UNION ALL
SELECT DT.FeatureID CostCenterID,DT.Name DocumentName,-DT.FeatureID DocumentType,0 IsInventory,count(*) CNT
FROM (
SELECT INV.CostCenterID FROM REN_Contract INV WITH(NOLOCK),#TblUsrWF WF
WHERE  WF.WID=INV.WorkflowID and WF.LevelID>INV.WorkFlowLevel and (INV.StatusID=440 or INV.StatusID=470 or INV.StatusID=466) AND (WF.Type=1 or (INV.WorkFlowLevel+1=WF.LevelID and INV.StatusID!=470)  or (WF.CtWef is not null and INV.WorkFlowLevel>=WF.LvWef
 and INV.CreatedDate+WF.CtWef<=convert(float,getdate()))) AND INV.RefContractID=0 ) AS T
JOIN ADM_Features DT with(nolock) ON T.CostCenterID=DT.FeatureID
GROUP BY DT.FeatureID,DT.Name 
ORDER BY DocumentName''
exec(@query)

DROP TABLE #TblUsrWF
'
 ,1
 ,1
[System: 192.168.1.56] DEBUG | 10-15-2025 11:35:31.045 | General Service|:: CompanyIndex:7 SpName: spADM_GetDataSet 
 'select * from COM_TokenHistory WITH(NOLOCK) where JwtToken=''eyJhbGciOiJIUzI1NiIsInR5cCI6IkpXVCJ9.eyJ1bmlxdWVfbmFtZSI6ImFkbWluLDEsNywxIiwibmJmIjoxNzYwNTA3MDMwLCJleHAiOjE3NjA1MzU4MzAsImlhdCI6MTc2MDUwNzAzMH0.DEkqIG4YagVXYsTCDg2F-z86W_MhkNVD5GmjGCuKDPo'''
 ,1
 ,1
 message=Invalid object name 'COM_TokenHistory'.
[System: 192.168.1.56] DEBUG | 10-15-2025 11:35:31.045 | General Service|:: CompanyIndex:7 SpName: spADM_GetDataSet 
 'select * from COM_TokenHistory WITH(NOLOCK) where JwtToken=''eyJhbGciOiJIUzI1NiIsInR5cCI6IkpXVCJ9.eyJ1bmlxdWVfbmFtZSI6ImFkbWluLDEsNywxIiwibmJmIjoxNzYwNTA3MDMwLCJleHAiOjE3NjA1MzU4MzAsImlhdCI6MTc2MDUwNzAzMH0.DEkqIG4YagVXYsTCDg2F-z86W_MhkNVD5GmjGCuKDPo'''
 ,1
 ,1
 message=Problem in processing your request, Please contact administrator.
[System: 192.168.1.56] INFO | 10-15-2025 11:35:31.045 | OnStartup: Logger Instance Created Successfully
[System: 192.168.1.56] INFO | 10-15-2025 11:35:31.045 | OnStartup: Application Starting...
[System: 192.168.1.56] ERROR | 10-15-2025 11:35:31.045 | General Service|:: CompanyIndex:7 SpName: spADM_GetDataSetParameters :
 'select * from COM_TokenHistory WITH(NOLOCK) where JwtToken=''eyJhbGciOiJIUzI1NiIsInR5cCI6IkpXVCJ9.eyJ1bmlxdWVfbmFtZSI6ImFkbWluLDEsNywxIiwibmJmIjoxNzYwNTA3MDMwLCJleHAiOjE3NjA1MzU4MzAsImlhdCI6MTc2MDUwNzAzMH0.DEkqIG4YagVXYsTCDg2F-z86W_MhkNVD5GmjGCuKDPo'''
 ,1
 ,1|Invalid object name 'COM_TokenHistory'.
[System: 192.168.1.56] DEBUG | 10-15-2025 11:36:32.036 | General Service|:: CompanyIndex:7 SpName: spADM_GetDataSet 
 'declare @UserID int,@RoleID int,@UserName NVARCHAR(100),@where nvarchar(max),@query nvarchar(max)
set @UserID=1
set @RoleID=1-- Employee:-1
SELECT @UserName=UserName From ADM_Users WITH(NOLOCK) WHERE UserID=@UserID
exec [fnGet_GetAssignedDims] @UserID,@RoleID,@where output
 create table #TblUsrWF(WID int,LevelID int,Type int,CtWef float,LvWef int)
EXEC spRPT_GetReportData @Type=8,@Param1=@UserID,@strXML=null,@RoleID=@RoleID set @query=''  SELECT DT.CostCenterID,DT.DocumentName,DT.DocumentType,DT.IsInventory,count(*) CNT
FROM (
 SELECT INV.CostCenterID
FROM INV_DocDetails INV with(nolock)''
if(@where<>'''')
	set @query=@query+'' join com_docccdata d with(nolock) on INV.INVDocDetailsid=d.INVDocDetailsid''	

set @query=@query+'' ,#TblUsrWF WF
WHERE WF.WID=INV.WorkflowID and (WF.LevelID>INV.WorkFlowLevel or (WF.LevelID+1=INV.WorkFlowLevel and INV.StatusID=372)) and (INV.StatusID=371 or INV.StatusID=372 or INV.StatusID=441) AND (WF.Type=1 or (INV.WorkFlowLevel+1=WF.LevelID and INV.StatusID!=372) or (WF.LevelID+1=INV.WorkFlowLevel and INV.StatusID=372) or (WF.CtWef is not null and INV.WorkFlowLevel>=WF.LvWef
and INV.CreatedDate+WF.CtWef<=convert(float,getdate()))) ''+@where+''
GROUP BY INV.CostCenterID,INV.VoucherNo
UNION ALL
SELECT ACC.CostCenterID
FROM ACC_DocDetails ACC with(nolock)''
if(@where<>'''')
	set @query=@query+'' join com_docccdata d with(nolock) on ACC.ACCDocDetailsid=d.ACCDocDetailsid''	

set @query=@query+'',#TblUsrWF WF
WHERE ACC.LinkedAccDocDetailsID is null and ACC.InvDocDetailsID is null and WF.WID=ACC.WorkflowID and (WF.LevelID>ACC.WorkFlowLevel or (WF.LevelID+1=ACC.WorkFlowLevel and ACC.StatusID=372)) and (ACC.StatusID=371 or ACC.StatusID=372 or ACC.StatusID=441) AND (WF.Type=1 or (ACC.WorkFlowLevel+1=WF.LevelID and ACC.StatusID!=372) or (WF.LevelID+1=ACC.WorkFlowLevel and ACC.StatusID=372) or (WF.CtWef is not null and ACC.WorkFlowLevel>=WF.LvWef
and ACC.CreatedDate+WF.CtWef<=convert(float,getdate())))''+@where+''
GROUP BY ACC.CostCenterID,ACC.VoucherNo  ) AS T
JOIN ADM_DocumentTypes DT with(nolock) ON T.CostCenterID=DT.CostCenterID
GROUP BY DT.CostCenterID,DT.DocumentName,DT.DocumentType,DT.IsInventory  
UNION ALL
SELECT DT.FeatureID CostCenterID,DT.Name DocumentName,-DT.FeatureID DocumentType,0 IsInventory,count(*) CNT
FROM (
SELECT INV.CostCenterID FROM REN_Contract INV WITH(NOLOCK),#TblUsrWF WF
WHERE  WF.WID=INV.WorkflowID and WF.LevelID>INV.WorkFlowLevel and (INV.StatusID=440 or INV.StatusID=470 or INV.StatusID=466) AND (WF.Type=1 or (INV.WorkFlowLevel+1=WF.LevelID and INV.StatusID!=470)  or (WF.CtWef is not null and INV.WorkFlowLevel>=WF.LvWef
 and INV.CreatedDate+WF.CtWef<=convert(float,getdate()))) AND INV.RefContractID=0 ) AS T
JOIN ADM_Features DT with(nolock) ON T.CostCenterID=DT.FeatureID
GROUP BY DT.FeatureID,DT.Name 
ORDER BY DocumentName''
exec(@query)

DROP TABLE #TblUsrWF
'
 ,1
 ,1
[System: 192.168.1.56] DEBUG | 10-15-2025 11:36:32.036 | General Service|:: CompanyIndex:7 SpName: spADM_GetDataSet 
 'select * from COM_TokenHistory WITH(NOLOCK) where JwtToken=''eyJhbGciOiJIUzI1NiIsInR5cCI6IkpXVCJ9.eyJ1bmlxdWVfbmFtZSI6ImFkbWluLDEsNywxIiwibmJmIjoxNzYwNTA3MDMwLCJleHAiOjE3NjA1MzU4MzAsImlhdCI6MTc2MDUwNzAzMH0.DEkqIG4YagVXYsTCDg2F-z86W_MhkNVD5GmjGCuKDPo'''
 ,1
 ,1
 message=Invalid object name 'COM_TokenHistory'.
[System: 192.168.1.56] DEBUG | 10-15-2025 11:36:32.036 | General Service|:: CompanyIndex:7 SpName: spADM_GetDataSet 
 'select * from COM_TokenHistory WITH(NOLOCK) where JwtToken=''eyJhbGciOiJIUzI1NiIsInR5cCI6IkpXVCJ9.eyJ1bmlxdWVfbmFtZSI6ImFkbWluLDEsNywxIiwibmJmIjoxNzYwNTA3MDMwLCJleHAiOjE3NjA1MzU4MzAsImlhdCI6MTc2MDUwNzAzMH0.DEkqIG4YagVXYsTCDg2F-z86W_MhkNVD5GmjGCuKDPo'''
 ,1
 ,1
 message=Problem in processing your request, Please contact administrator.
[System: 192.168.1.56] INFO | 10-15-2025 11:36:32.036 | OnStartup: Logger Instance Created Successfully
[System: 192.168.1.56] INFO | 10-15-2025 11:36:32.036 | OnStartup: Application Starting...
[System: 192.168.1.56] ERROR | 10-15-2025 11:36:32.036 | General Service|:: CompanyIndex:7 SpName: spADM_GetDataSetParameters :
 'select * from COM_TokenHistory WITH(NOLOCK) where JwtToken=''eyJhbGciOiJIUzI1NiIsInR5cCI6IkpXVCJ9.eyJ1bmlxdWVfbmFtZSI6ImFkbWluLDEsNywxIiwibmJmIjoxNzYwNTA3MDMwLCJleHAiOjE3NjA1MzU4MzAsImlhdCI6MTc2MDUwNzAzMH0.DEkqIG4YagVXYsTCDg2F-z86W_MhkNVD5GmjGCuKDPo'''
 ,1
 ,1|Invalid object name 'COM_TokenHistory'.
[System: 192.168.1.56] DEBUG | 10-15-2025 11:37:33.063 | General Service|:: CompanyIndex:7 SpName: spADM_GetDataSet 
 'declare @UserID int,@RoleID int,@UserName NVARCHAR(100),@where nvarchar(max),@query nvarchar(max)
set @UserID=1
set @RoleID=1-- Employee:-1
SELECT @UserName=UserName From ADM_Users WITH(NOLOCK) WHERE UserID=@UserID
exec [fnGet_GetAssignedDims] @UserID,@RoleID,@where output
 create table #TblUsrWF(WID int,LevelID int,Type int,CtWef float,LvWef int)
EXEC spRPT_GetReportData @Type=8,@Param1=@UserID,@strXML=null,@RoleID=@RoleID set @query=''  SELECT DT.CostCenterID,DT.DocumentName,DT.DocumentType,DT.IsInventory,count(*) CNT
FROM (
 SELECT INV.CostCenterID
FROM INV_DocDetails INV with(nolock)''
if(@where<>'''')
	set @query=@query+'' join com_docccdata d with(nolock) on INV.INVDocDetailsid=d.INVDocDetailsid''	

set @query=@query+'' ,#TblUsrWF WF
WHERE WF.WID=INV.WorkflowID and (WF.LevelID>INV.WorkFlowLevel or (WF.LevelID+1=INV.WorkFlowLevel and INV.StatusID=372)) and (INV.StatusID=371 or INV.StatusID=372 or INV.StatusID=441) AND (WF.Type=1 or (INV.WorkFlowLevel+1=WF.LevelID and INV.StatusID!=372) or (WF.LevelID+1=INV.WorkFlowLevel and INV.StatusID=372) or (WF.CtWef is not null and INV.WorkFlowLevel>=WF.LvWef
and INV.CreatedDate+WF.CtWef<=convert(float,getdate()))) ''+@where+''
GROUP BY INV.CostCenterID,INV.VoucherNo
UNION ALL
SELECT ACC.CostCenterID
FROM ACC_DocDetails ACC with(nolock)''
if(@where<>'''')
	set @query=@query+'' join com_docccdata d with(nolock) on ACC.ACCDocDetailsid=d.ACCDocDetailsid''	

set @query=@query+'',#TblUsrWF WF
WHERE ACC.LinkedAccDocDetailsID is null and ACC.InvDocDetailsID is null and WF.WID=ACC.WorkflowID and (WF.LevelID>ACC.WorkFlowLevel or (WF.LevelID+1=ACC.WorkFlowLevel and ACC.StatusID=372)) and (ACC.StatusID=371 or ACC.StatusID=372 or ACC.StatusID=441) AND (WF.Type=1 or (ACC.WorkFlowLevel+1=WF.LevelID and ACC.StatusID!=372) or (WF.LevelID+1=ACC.WorkFlowLevel and ACC.StatusID=372) or (WF.CtWef is not null and ACC.WorkFlowLevel>=WF.LvWef
and ACC.CreatedDate+WF.CtWef<=convert(float,getdate())))''+@where+''
GROUP BY ACC.CostCenterID,ACC.VoucherNo  ) AS T
JOIN ADM_DocumentTypes DT with(nolock) ON T.CostCenterID=DT.CostCenterID
GROUP BY DT.CostCenterID,DT.DocumentName,DT.DocumentType,DT.IsInventory  
UNION ALL
SELECT DT.FeatureID CostCenterID,DT.Name DocumentName,-DT.FeatureID DocumentType,0 IsInventory,count(*) CNT
FROM (
SELECT INV.CostCenterID FROM REN_Contract INV WITH(NOLOCK),#TblUsrWF WF
WHERE  WF.WID=INV.WorkflowID and WF.LevelID>INV.WorkFlowLevel and (INV.StatusID=440 or INV.StatusID=470 or INV.StatusID=466) AND (WF.Type=1 or (INV.WorkFlowLevel+1=WF.LevelID and INV.StatusID!=470)  or (WF.CtWef is not null and INV.WorkFlowLevel>=WF.LvWef
 and INV.CreatedDate+WF.CtWef<=convert(float,getdate()))) AND INV.RefContractID=0 ) AS T
JOIN ADM_Features DT with(nolock) ON T.CostCenterID=DT.FeatureID
GROUP BY DT.FeatureID,DT.Name 
ORDER BY DocumentName''
exec(@query)

DROP TABLE #TblUsrWF
'
 ,1
 ,1
[System: 192.168.1.56] DEBUG | 10-15-2025 11:37:33.063 | General Service|:: CompanyIndex:7 SpName: spADM_GetDataSet 
 'select * from COM_TokenHistory WITH(NOLOCK) where JwtToken=''eyJhbGciOiJIUzI1NiIsInR5cCI6IkpXVCJ9.eyJ1bmlxdWVfbmFtZSI6ImFkbWluLDEsNywxIiwibmJmIjoxNzYwNTA3MDMwLCJleHAiOjE3NjA1MzU4MzAsImlhdCI6MTc2MDUwNzAzMH0.DEkqIG4YagVXYsTCDg2F-z86W_MhkNVD5GmjGCuKDPo'''
 ,1
 ,1
 message=Invalid object name 'COM_TokenHistory'.
[System: 192.168.1.56] DEBUG | 10-15-2025 11:37:33.063 | General Service|:: CompanyIndex:7 SpName: spADM_GetDataSet 
 'select * from COM_TokenHistory WITH(NOLOCK) where JwtToken=''eyJhbGciOiJIUzI1NiIsInR5cCI6IkpXVCJ9.eyJ1bmlxdWVfbmFtZSI6ImFkbWluLDEsNywxIiwibmJmIjoxNzYwNTA3MDMwLCJleHAiOjE3NjA1MzU4MzAsImlhdCI6MTc2MDUwNzAzMH0.DEkqIG4YagVXYsTCDg2F-z86W_MhkNVD5GmjGCuKDPo'''
 ,1
 ,1
 message=Problem in processing your request, Please contact administrator.
[System: 192.168.1.56] INFO | 10-15-2025 11:37:33.063 | OnStartup: Logger Instance Created Successfully
[System: 192.168.1.56] INFO | 10-15-2025 11:37:33.063 | OnStartup: Application Starting...
[System: 192.168.1.56] ERROR | 10-15-2025 11:37:33.063 | General Service|:: CompanyIndex:7 SpName: spADM_GetDataSetParameters :
 'select * from COM_TokenHistory WITH(NOLOCK) where JwtToken=''eyJhbGciOiJIUzI1NiIsInR5cCI6IkpXVCJ9.eyJ1bmlxdWVfbmFtZSI6ImFkbWluLDEsNywxIiwibmJmIjoxNzYwNTA3MDMwLCJleHAiOjE3NjA1MzU4MzAsImlhdCI6MTc2MDUwNzAzMH0.DEkqIG4YagVXYsTCDg2F-z86W_MhkNVD5GmjGCuKDPo'''
 ,1
 ,1|Invalid object name 'COM_TokenHistory'.
[System: 192.168.1.56] DEBUG | 10-15-2025 11:38:34.040 | General Service|:: CompanyIndex:7 SpName: spADM_GetDataSet 
 'declare @UserID int,@RoleID int,@UserName NVARCHAR(100),@where nvarchar(max),@query nvarchar(max)
set @UserID=1
set @RoleID=1-- Employee:-1
SELECT @UserName=UserName From ADM_Users WITH(NOLOCK) WHERE UserID=@UserID
exec [fnGet_GetAssignedDims] @UserID,@RoleID,@where output
 create table #TblUsrWF(WID int,LevelID int,Type int,CtWef float,LvWef int)
EXEC spRPT_GetReportData @Type=8,@Param1=@UserID,@strXML=null,@RoleID=@RoleID set @query=''  SELECT DT.CostCenterID,DT.DocumentName,DT.DocumentType,DT.IsInventory,count(*) CNT
FROM (
 SELECT INV.CostCenterID
FROM INV_DocDetails INV with(nolock)''
if(@where<>'''')
	set @query=@query+'' join com_docccdata d with(nolock) on INV.INVDocDetailsid=d.INVDocDetailsid''	

set @query=@query+'' ,#TblUsrWF WF
WHERE WF.WID=INV.WorkflowID and (WF.LevelID>INV.WorkFlowLevel or (WF.LevelID+1=INV.WorkFlowLevel and INV.StatusID=372)) and (INV.StatusID=371 or INV.StatusID=372 or INV.StatusID=441) AND (WF.Type=1 or (INV.WorkFlowLevel+1=WF.LevelID and INV.StatusID!=372) or (WF.LevelID+1=INV.WorkFlowLevel and INV.StatusID=372) or (WF.CtWef is not null and INV.WorkFlowLevel>=WF.LvWef
and INV.CreatedDate+WF.CtWef<=convert(float,getdate()))) ''+@where+''
GROUP BY INV.CostCenterID,INV.VoucherNo
UNION ALL
SELECT ACC.CostCenterID
FROM ACC_DocDetails ACC with(nolock)''
if(@where<>'''')
	set @query=@query+'' join com_docccdata d with(nolock) on ACC.ACCDocDetailsid=d.ACCDocDetailsid''	

set @query=@query+'',#TblUsrWF WF
WHERE ACC.LinkedAccDocDetailsID is null and ACC.InvDocDetailsID is null and WF.WID=ACC.WorkflowID and (WF.LevelID>ACC.WorkFlowLevel or (WF.LevelID+1=ACC.WorkFlowLevel and ACC.StatusID=372)) and (ACC.StatusID=371 or ACC.StatusID=372 or ACC.StatusID=441) AND (WF.Type=1 or (ACC.WorkFlowLevel+1=WF.LevelID and ACC.StatusID!=372) or (WF.LevelID+1=ACC.WorkFlowLevel and ACC.StatusID=372) or (WF.CtWef is not null and ACC.WorkFlowLevel>=WF.LvWef
and ACC.CreatedDate+WF.CtWef<=convert(float,getdate())))''+@where+''
GROUP BY ACC.CostCenterID,ACC.VoucherNo  ) AS T
JOIN ADM_DocumentTypes DT with(nolock) ON T.CostCenterID=DT.CostCenterID
GROUP BY DT.CostCenterID,DT.DocumentName,DT.DocumentType,DT.IsInventory  
UNION ALL
SELECT DT.FeatureID CostCenterID,DT.Name DocumentName,-DT.FeatureID DocumentType,0 IsInventory,count(*) CNT
FROM (
SELECT INV.CostCenterID FROM REN_Contract INV WITH(NOLOCK),#TblUsrWF WF
WHERE  WF.WID=INV.WorkflowID and WF.LevelID>INV.WorkFlowLevel and (INV.StatusID=440 or INV.StatusID=470 or INV.StatusID=466) AND (WF.Type=1 or (INV.WorkFlowLevel+1=WF.LevelID and INV.StatusID!=470)  or (WF.CtWef is not null and INV.WorkFlowLevel>=WF.LvWef
 and INV.CreatedDate+WF.CtWef<=convert(float,getdate()))) AND INV.RefContractID=0 ) AS T
JOIN ADM_Features DT with(nolock) ON T.CostCenterID=DT.FeatureID
GROUP BY DT.FeatureID,DT.Name 
ORDER BY DocumentName''
exec(@query)

DROP TABLE #TblUsrWF
'
 ,1
 ,1
[System: 192.168.1.56] DEBUG | 10-15-2025 11:38:34.040 | General Service|:: CompanyIndex:7 SpName: spADM_GetDataSet 
 'select * from COM_TokenHistory WITH(NOLOCK) where JwtToken=''eyJhbGciOiJIUzI1NiIsInR5cCI6IkpXVCJ9.eyJ1bmlxdWVfbmFtZSI6ImFkbWluLDEsNywxIiwibmJmIjoxNzYwNTA3MDMwLCJleHAiOjE3NjA1MzU4MzAsImlhdCI6MTc2MDUwNzAzMH0.DEkqIG4YagVXYsTCDg2F-z86W_MhkNVD5GmjGCuKDPo'''
 ,1
 ,1
 message=Invalid object name 'COM_TokenHistory'.
[System: 192.168.1.56] DEBUG | 10-15-2025 11:38:34.040 | General Service|:: CompanyIndex:7 SpName: spADM_GetDataSet 
 'select * from COM_TokenHistory WITH(NOLOCK) where JwtToken=''eyJhbGciOiJIUzI1NiIsInR5cCI6IkpXVCJ9.eyJ1bmlxdWVfbmFtZSI6ImFkbWluLDEsNywxIiwibmJmIjoxNzYwNTA3MDMwLCJleHAiOjE3NjA1MzU4MzAsImlhdCI6MTc2MDUwNzAzMH0.DEkqIG4YagVXYsTCDg2F-z86W_MhkNVD5GmjGCuKDPo'''
 ,1
 ,1
 message=Problem in processing your request, Please contact administrator.
[System: 192.168.1.56] INFO | 10-15-2025 11:38:34.040 | OnStartup: Logger Instance Created Successfully
[System: 192.168.1.56] INFO | 10-15-2025 11:38:34.040 | OnStartup: Application Starting...
[System: 192.168.1.56] ERROR | 10-15-2025 11:38:34.040 | General Service|:: CompanyIndex:7 SpName: spADM_GetDataSetParameters :
 'select * from COM_TokenHistory WITH(NOLOCK) where JwtToken=''eyJhbGciOiJIUzI1NiIsInR5cCI6IkpXVCJ9.eyJ1bmlxdWVfbmFtZSI6ImFkbWluLDEsNywxIiwibmJmIjoxNzYwNTA3MDMwLCJleHAiOjE3NjA1MzU4MzAsImlhdCI6MTc2MDUwNzAzMH0.DEkqIG4YagVXYsTCDg2F-z86W_MhkNVD5GmjGCuKDPo'''
 ,1
 ,1|Invalid object name 'COM_TokenHistory'.
[System: 192.168.1.56] DEBUG | 10-15-2025 11:39:14.015 | General Service|:: CompanyIndex:7 SpName: spCOM_ConfigValues 
 1
 ,'NotifTime'
 ,''
[System: 192.168.1.56] DEBUG | 10-15-2025 11:39:14.015 | General Service|:: CompanyIndex:7 SpName: spADM_GetDataSet 
 'select * from COM_TokenHistory WITH(NOLOCK) where JwtToken=''eyJhbGciOiJIUzI1NiIsInR5cCI6IkpXVCJ9.eyJ1bmlxdWVfbmFtZSI6ImFkbWluLDEsNywxIiwibmJmIjoxNzYwNTA3MDMwLCJleHAiOjE3NjA1MzU4MzAsImlhdCI6MTc2MDUwNzAzMH0.DEkqIG4YagVXYsTCDg2F-z86W_MhkNVD5GmjGCuKDPo'''
 ,1
 ,1
 message=Invalid object name 'COM_TokenHistory'.
[System: 192.168.1.56] DEBUG | 10-15-2025 11:39:14.015 | General Service|:: CompanyIndex:7 SpName: spADM_GetDataSet 
 'select * from COM_TokenHistory WITH(NOLOCK) where JwtToken=''eyJhbGciOiJIUzI1NiIsInR5cCI6IkpXVCJ9.eyJ1bmlxdWVfbmFtZSI6ImFkbWluLDEsNywxIiwibmJmIjoxNzYwNTA3MDMwLCJleHAiOjE3NjA1MzU4MzAsImlhdCI6MTc2MDUwNzAzMH0.DEkqIG4YagVXYsTCDg2F-z86W_MhkNVD5GmjGCuKDPo'''
 ,1
 ,1
 message=Problem in processing your request, Please contact administrator.
[System: 192.168.1.56] INFO | 10-15-2025 11:39:14.015 | OnStartup: Logger Instance Created Successfully
[System: 192.168.1.56] INFO | 10-15-2025 11:39:14.015 | OnStartup: Application Starting...
[System: 192.168.1.56] ERROR | 10-15-2025 11:39:14.015 | General Service|:: CompanyIndex:7 SpName: spADM_GetDataSetParameters :
 'select * from COM_TokenHistory WITH(NOLOCK) where JwtToken=''eyJhbGciOiJIUzI1NiIsInR5cCI6IkpXVCJ9.eyJ1bmlxdWVfbmFtZSI6ImFkbWluLDEsNywxIiwibmJmIjoxNzYwNTA3MDMwLCJleHAiOjE3NjA1MzU4MzAsImlhdCI6MTc2MDUwNzAzMH0.DEkqIG4YagVXYsTCDg2F-z86W_MhkNVD5GmjGCuKDPo'''
 ,1
 ,1|Invalid object name 'COM_TokenHistory'.
[System: 192.168.1.56] DEBUG | 10-15-2025 11:39:35.054 | General Service|:: CompanyIndex:7 SpName: spADM_GetDataSet 
 'declare @UserID int,@RoleID int,@UserName NVARCHAR(100),@where nvarchar(max),@query nvarchar(max)
set @UserID=1
set @RoleID=1-- Employee:-1
SELECT @UserName=UserName From ADM_Users WITH(NOLOCK) WHERE UserID=@UserID
exec [fnGet_GetAssignedDims] @UserID,@RoleID,@where output
 create table #TblUsrWF(WID int,LevelID int,Type int,CtWef float,LvWef int)
EXEC spRPT_GetReportData @Type=8,@Param1=@UserID,@strXML=null,@RoleID=@RoleID set @query=''  SELECT DT.CostCenterID,DT.DocumentName,DT.DocumentType,DT.IsInventory,count(*) CNT
FROM (
 SELECT INV.CostCenterID
FROM INV_DocDetails INV with(nolock)''
if(@where<>'''')
	set @query=@query+'' join com_docccdata d with(nolock) on INV.INVDocDetailsid=d.INVDocDetailsid''	

set @query=@query+'' ,#TblUsrWF WF
WHERE WF.WID=INV.WorkflowID and (WF.LevelID>INV.WorkFlowLevel or (WF.LevelID+1=INV.WorkFlowLevel and INV.StatusID=372)) and (INV.StatusID=371 or INV.StatusID=372 or INV.StatusID=441) AND (WF.Type=1 or (INV.WorkFlowLevel+1=WF.LevelID and INV.StatusID!=372) or (WF.LevelID+1=INV.WorkFlowLevel and INV.StatusID=372) or (WF.CtWef is not null and INV.WorkFlowLevel>=WF.LvWef
and INV.CreatedDate+WF.CtWef<=convert(float,getdate()))) ''+@where+''
GROUP BY INV.CostCenterID,INV.VoucherNo
UNION ALL
SELECT ACC.CostCenterID
FROM ACC_DocDetails ACC with(nolock)''
if(@where<>'''')
	set @query=@query+'' join com_docccdata d with(nolock) on ACC.ACCDocDetailsid=d.ACCDocDetailsid''	

set @query=@query+'',#TblUsrWF WF
WHERE ACC.LinkedAccDocDetailsID is null and ACC.InvDocDetailsID is null and WF.WID=ACC.WorkflowID and (WF.LevelID>ACC.WorkFlowLevel or (WF.LevelID+1=ACC.WorkFlowLevel and ACC.StatusID=372)) and (ACC.StatusID=371 or ACC.StatusID=372 or ACC.StatusID=441) AND (WF.Type=1 or (ACC.WorkFlowLevel+1=WF.LevelID and ACC.StatusID!=372) or (WF.LevelID+1=ACC.WorkFlowLevel and ACC.StatusID=372) or (WF.CtWef is not null and ACC.WorkFlowLevel>=WF.LvWef
and ACC.CreatedDate+WF.CtWef<=convert(float,getdate())))''+@where+''
GROUP BY ACC.CostCenterID,ACC.VoucherNo  ) AS T
JOIN ADM_DocumentTypes DT with(nolock) ON T.CostCenterID=DT.CostCenterID
GROUP BY DT.CostCenterID,DT.DocumentName,DT.DocumentType,DT.IsInventory  
UNION ALL
SELECT DT.FeatureID CostCenterID,DT.Name DocumentName,-DT.FeatureID DocumentType,0 IsInventory,count(*) CNT
FROM (
SELECT INV.CostCenterID FROM REN_Contract INV WITH(NOLOCK),#TblUsrWF WF
WHERE  WF.WID=INV.WorkflowID and WF.LevelID>INV.WorkFlowLevel and (INV.StatusID=440 or INV.StatusID=470 or INV.StatusID=466) AND (WF.Type=1 or (INV.WorkFlowLevel+1=WF.LevelID and INV.StatusID!=470)  or (WF.CtWef is not null and INV.WorkFlowLevel>=WF.LvWef
 and INV.CreatedDate+WF.CtWef<=convert(float,getdate()))) AND INV.RefContractID=0 ) AS T
JOIN ADM_Features DT with(nolock) ON T.CostCenterID=DT.FeatureID
GROUP BY DT.FeatureID,DT.Name 
ORDER BY DocumentName''
exec(@query)

DROP TABLE #TblUsrWF
'
 ,1
 ,1
[System: 192.168.1.56] DEBUG | 10-15-2025 11:39:35.069 | General Service|:: CompanyIndex:7 SpName: spADM_GetDataSet 
 'select * from COM_TokenHistory WITH(NOLOCK) where JwtToken=''eyJhbGciOiJIUzI1NiIsInR5cCI6IkpXVCJ9.eyJ1bmlxdWVfbmFtZSI6ImFkbWluLDEsNywxIiwibmJmIjoxNzYwNTA3MDMwLCJleHAiOjE3NjA1MzU4MzAsImlhdCI6MTc2MDUwNzAzMH0.DEkqIG4YagVXYsTCDg2F-z86W_MhkNVD5GmjGCuKDPo'''
 ,1
 ,1
 message=Invalid object name 'COM_TokenHistory'.
[System: 192.168.1.56] DEBUG | 10-15-2025 11:39:35.069 | General Service|:: CompanyIndex:7 SpName: spADM_GetDataSet 
 'select * from COM_TokenHistory WITH(NOLOCK) where JwtToken=''eyJhbGciOiJIUzI1NiIsInR5cCI6IkpXVCJ9.eyJ1bmlxdWVfbmFtZSI6ImFkbWluLDEsNywxIiwibmJmIjoxNzYwNTA3MDMwLCJleHAiOjE3NjA1MzU4MzAsImlhdCI6MTc2MDUwNzAzMH0.DEkqIG4YagVXYsTCDg2F-z86W_MhkNVD5GmjGCuKDPo'''
 ,1
 ,1
 message=Problem in processing your request, Please contact administrator.
[System: 192.168.1.56] INFO | 10-15-2025 11:39:35.069 | OnStartup: Logger Instance Created Successfully
[System: 192.168.1.56] INFO | 10-15-2025 11:39:35.069 | OnStartup: Application Starting...
[System: 192.168.1.56] ERROR | 10-15-2025 11:39:35.069 | General Service|:: CompanyIndex:7 SpName: spADM_GetDataSetParameters :
 'select * from COM_TokenHistory WITH(NOLOCK) where JwtToken=''eyJhbGciOiJIUzI1NiIsInR5cCI6IkpXVCJ9.eyJ1bmlxdWVfbmFtZSI6ImFkbWluLDEsNywxIiwibmJmIjoxNzYwNTA3MDMwLCJleHAiOjE3NjA1MzU4MzAsImlhdCI6MTc2MDUwNzAzMH0.DEkqIG4YagVXYsTCDg2F-z86W_MhkNVD5GmjGCuKDPo'''
 ,1
 ,1|Invalid object name 'COM_TokenHistory'.
[System: 192.168.1.56] DEBUG | 10-15-2025 11:40:36.066 | General Service|:: CompanyIndex:7 SpName: spADM_GetDataSet 
 'declare @UserID int,@RoleID int,@UserName NVARCHAR(100),@where nvarchar(max),@query nvarchar(max)
set @UserID=1
set @RoleID=1-- Employee:-1
SELECT @UserName=UserName From ADM_Users WITH(NOLOCK) WHERE UserID=@UserID
exec [fnGet_GetAssignedDims] @UserID,@RoleID,@where output
 create table #TblUsrWF(WID int,LevelID int,Type int,CtWef float,LvWef int)
EXEC spRPT_GetReportData @Type=8,@Param1=@UserID,@strXML=null,@RoleID=@RoleID set @query=''  SELECT DT.CostCenterID,DT.DocumentName,DT.DocumentType,DT.IsInventory,count(*) CNT
FROM (
 SELECT INV.CostCenterID
FROM INV_DocDetails INV with(nolock)''
if(@where<>'''')
	set @query=@query+'' join com_docccdata d with(nolock) on INV.INVDocDetailsid=d.INVDocDetailsid''	

set @query=@query+'' ,#TblUsrWF WF
WHERE WF.WID=INV.WorkflowID and (WF.LevelID>INV.WorkFlowLevel or (WF.LevelID+1=INV.WorkFlowLevel and INV.StatusID=372)) and (INV.StatusID=371 or INV.StatusID=372 or INV.StatusID=441) AND (WF.Type=1 or (INV.WorkFlowLevel+1=WF.LevelID and INV.StatusID!=372) or (WF.LevelID+1=INV.WorkFlowLevel and INV.StatusID=372) or (WF.CtWef is not null and INV.WorkFlowLevel>=WF.LvWef
and INV.CreatedDate+WF.CtWef<=convert(float,getdate()))) ''+@where+''
GROUP BY INV.CostCenterID,INV.VoucherNo
UNION ALL
SELECT ACC.CostCenterID
FROM ACC_DocDetails ACC with(nolock)''
if(@where<>'''')
	set @query=@query+'' join com_docccdata d with(nolock) on ACC.ACCDocDetailsid=d.ACCDocDetailsid''	

set @query=@query+'',#TblUsrWF WF
WHERE ACC.LinkedAccDocDetailsID is null and ACC.InvDocDetailsID is null and WF.WID=ACC.WorkflowID and (WF.LevelID>ACC.WorkFlowLevel or (WF.LevelID+1=ACC.WorkFlowLevel and ACC.StatusID=372)) and (ACC.StatusID=371 or ACC.StatusID=372 or ACC.StatusID=441) AND (WF.Type=1 or (ACC.WorkFlowLevel+1=WF.LevelID and ACC.StatusID!=372) or (WF.LevelID+1=ACC.WorkFlowLevel and ACC.StatusID=372) or (WF.CtWef is not null and ACC.WorkFlowLevel>=WF.LvWef
and ACC.CreatedDate+WF.CtWef<=convert(float,getdate())))''+@where+''
GROUP BY ACC.CostCenterID,ACC.VoucherNo  ) AS T
JOIN ADM_DocumentTypes DT with(nolock) ON T.CostCenterID=DT.CostCenterID
GROUP BY DT.CostCenterID,DT.DocumentName,DT.DocumentType,DT.IsInventory  
UNION ALL
SELECT DT.FeatureID CostCenterID,DT.Name DocumentName,-DT.FeatureID DocumentType,0 IsInventory,count(*) CNT
FROM (
SELECT INV.CostCenterID FROM REN_Contract INV WITH(NOLOCK),#TblUsrWF WF
WHERE  WF.WID=INV.WorkflowID and WF.LevelID>INV.WorkFlowLevel and (INV.StatusID=440 or INV.StatusID=470 or INV.StatusID=466) AND (WF.Type=1 or (INV.WorkFlowLevel+1=WF.LevelID and INV.StatusID!=470)  or (WF.CtWef is not null and INV.WorkFlowLevel>=WF.LvWef
 and INV.CreatedDate+WF.CtWef<=convert(float,getdate()))) AND INV.RefContractID=0 ) AS T
JOIN ADM_Features DT with(nolock) ON T.CostCenterID=DT.FeatureID
GROUP BY DT.FeatureID,DT.Name 
ORDER BY DocumentName''
exec(@query)

DROP TABLE #TblUsrWF
'
 ,1
 ,1
[System: 192.168.1.56] DEBUG | 10-15-2025 11:40:36.066 | General Service|:: CompanyIndex:7 SpName: spADM_GetDataSet 
 'select * from COM_TokenHistory WITH(NOLOCK) where JwtToken=''eyJhbGciOiJIUzI1NiIsInR5cCI6IkpXVCJ9.eyJ1bmlxdWVfbmFtZSI6ImFkbWluLDEsNywxIiwibmJmIjoxNzYwNTA3MDMwLCJleHAiOjE3NjA1MzU4MzAsImlhdCI6MTc2MDUwNzAzMH0.DEkqIG4YagVXYsTCDg2F-z86W_MhkNVD5GmjGCuKDPo'''
 ,1
 ,1
 message=Invalid object name 'COM_TokenHistory'.
[System: 192.168.1.56] DEBUG | 10-15-2025 11:40:36.066 | General Service|:: CompanyIndex:7 SpName: spADM_GetDataSet 
 'select * from COM_TokenHistory WITH(NOLOCK) where JwtToken=''eyJhbGciOiJIUzI1NiIsInR5cCI6IkpXVCJ9.eyJ1bmlxdWVfbmFtZSI6ImFkbWluLDEsNywxIiwibmJmIjoxNzYwNTA3MDMwLCJleHAiOjE3NjA1MzU4MzAsImlhdCI6MTc2MDUwNzAzMH0.DEkqIG4YagVXYsTCDg2F-z86W_MhkNVD5GmjGCuKDPo'''
 ,1
 ,1
 message=Problem in processing your request, Please contact administrator.
[System: 192.168.1.56] INFO | 10-15-2025 11:40:36.066 | OnStartup: Logger Instance Created Successfully
[System: 192.168.1.56] INFO | 10-15-2025 11:40:36.066 | OnStartup: Application Starting...
[System: 192.168.1.56] ERROR | 10-15-2025 11:40:36.066 | General Service|:: CompanyIndex:7 SpName: spADM_GetDataSetParameters :
 'select * from COM_TokenHistory WITH(NOLOCK) where JwtToken=''eyJhbGciOiJIUzI1NiIsInR5cCI6IkpXVCJ9.eyJ1bmlxdWVfbmFtZSI6ImFkbWluLDEsNywxIiwibmJmIjoxNzYwNTA3MDMwLCJleHAiOjE3NjA1MzU4MzAsImlhdCI6MTc2MDUwNzAzMH0.DEkqIG4YagVXYsTCDg2F-z86W_MhkNVD5GmjGCuKDPo'''
 ,1
 ,1|Invalid object name 'COM_TokenHistory'.
[System: 192.168.1.56] DEBUG | 10-15-2025 11:41:37.065 | General Service|:: CompanyIndex:7 SpName: spADM_GetDataSet 
 'declare @UserID int,@RoleID int,@UserName NVARCHAR(100),@where nvarchar(max),@query nvarchar(max)
set @UserID=1
set @RoleID=1-- Employee:-1
SELECT @UserName=UserName From ADM_Users WITH(NOLOCK) WHERE UserID=@UserID
exec [fnGet_GetAssignedDims] @UserID,@RoleID,@where output
 create table #TblUsrWF(WID int,LevelID int,Type int,CtWef float,LvWef int)
EXEC spRPT_GetReportData @Type=8,@Param1=@UserID,@strXML=null,@RoleID=@RoleID set @query=''  SELECT DT.CostCenterID,DT.DocumentName,DT.DocumentType,DT.IsInventory,count(*) CNT
FROM (
 SELECT INV.CostCenterID
FROM INV_DocDetails INV with(nolock)''
if(@where<>'''')
	set @query=@query+'' join com_docccdata d with(nolock) on INV.INVDocDetailsid=d.INVDocDetailsid''	

set @query=@query+'' ,#TblUsrWF WF
WHERE WF.WID=INV.WorkflowID and (WF.LevelID>INV.WorkFlowLevel or (WF.LevelID+1=INV.WorkFlowLevel and INV.StatusID=372)) and (INV.StatusID=371 or INV.StatusID=372 or INV.StatusID=441) AND (WF.Type=1 or (INV.WorkFlowLevel+1=WF.LevelID and INV.StatusID!=372) or (WF.LevelID+1=INV.WorkFlowLevel and INV.StatusID=372) or (WF.CtWef is not null and INV.WorkFlowLevel>=WF.LvWef
and INV.CreatedDate+WF.CtWef<=convert(float,getdate()))) ''+@where+''
GROUP BY INV.CostCenterID,INV.VoucherNo
UNION ALL
SELECT ACC.CostCenterID
FROM ACC_DocDetails ACC with(nolock)''
if(@where<>'''')
	set @query=@query+'' join com_docccdata d with(nolock) on ACC.ACCDocDetailsid=d.ACCDocDetailsid''	

set @query=@query+'',#TblUsrWF WF
WHERE ACC.LinkedAccDocDetailsID is null and ACC.InvDocDetailsID is null and WF.WID=ACC.WorkflowID and (WF.LevelID>ACC.WorkFlowLevel or (WF.LevelID+1=ACC.WorkFlowLevel and ACC.StatusID=372)) and (ACC.StatusID=371 or ACC.StatusID=372 or ACC.StatusID=441) AND (WF.Type=1 or (ACC.WorkFlowLevel+1=WF.LevelID and ACC.StatusID!=372) or (WF.LevelID+1=ACC.WorkFlowLevel and ACC.StatusID=372) or (WF.CtWef is not null and ACC.WorkFlowLevel>=WF.LvWef
and ACC.CreatedDate+WF.CtWef<=convert(float,getdate())))''+@where+''
GROUP BY ACC.CostCenterID,ACC.VoucherNo  ) AS T
JOIN ADM_DocumentTypes DT with(nolock) ON T.CostCenterID=DT.CostCenterID
GROUP BY DT.CostCenterID,DT.DocumentName,DT.DocumentType,DT.IsInventory  
UNION ALL
SELECT DT.FeatureID CostCenterID,DT.Name DocumentName,-DT.FeatureID DocumentType,0 IsInventory,count(*) CNT
FROM (
SELECT INV.CostCenterID FROM REN_Contract INV WITH(NOLOCK),#TblUsrWF WF
WHERE  WF.WID=INV.WorkflowID and WF.LevelID>INV.WorkFlowLevel and (INV.StatusID=440 or INV.StatusID=470 or INV.StatusID=466) AND (WF.Type=1 or (INV.WorkFlowLevel+1=WF.LevelID and INV.StatusID!=470)  or (WF.CtWef is not null and INV.WorkFlowLevel>=WF.LvWef
 and INV.CreatedDate+WF.CtWef<=convert(float,getdate()))) AND INV.RefContractID=0 ) AS T
JOIN ADM_Features DT with(nolock) ON T.CostCenterID=DT.FeatureID
GROUP BY DT.FeatureID,DT.Name 
ORDER BY DocumentName''
exec(@query)

DROP TABLE #TblUsrWF
'
 ,1
 ,1
[System: 192.168.1.56] DEBUG | 10-15-2025 11:41:37.065 | General Service|:: CompanyIndex:7 SpName: spADM_GetDataSet 
 'select * from COM_TokenHistory WITH(NOLOCK) where JwtToken=''eyJhbGciOiJIUzI1NiIsInR5cCI6IkpXVCJ9.eyJ1bmlxdWVfbmFtZSI6ImFkbWluLDEsNywxIiwibmJmIjoxNzYwNTA3MDMwLCJleHAiOjE3NjA1MzU4MzAsImlhdCI6MTc2MDUwNzAzMH0.DEkqIG4YagVXYsTCDg2F-z86W_MhkNVD5GmjGCuKDPo'''
 ,1
 ,1
 message=Invalid object name 'COM_TokenHistory'.
[System: 192.168.1.56] DEBUG | 10-15-2025 11:41:37.065 | General Service|:: CompanyIndex:7 SpName: spADM_GetDataSet 
 'select * from COM_TokenHistory WITH(NOLOCK) where JwtToken=''eyJhbGciOiJIUzI1NiIsInR5cCI6IkpXVCJ9.eyJ1bmlxdWVfbmFtZSI6ImFkbWluLDEsNywxIiwibmJmIjoxNzYwNTA3MDMwLCJleHAiOjE3NjA1MzU4MzAsImlhdCI6MTc2MDUwNzAzMH0.DEkqIG4YagVXYsTCDg2F-z86W_MhkNVD5GmjGCuKDPo'''
 ,1
 ,1
 message=Problem in processing your request, Please contact administrator.
[System: 192.168.1.56] INFO | 10-15-2025 11:41:37.080 | OnStartup: Logger Instance Created Successfully
[System: 192.168.1.56] INFO | 10-15-2025 11:41:37.080 | OnStartup: Application Starting...
[System: 192.168.1.56] ERROR | 10-15-2025 11:41:37.080 | General Service|:: CompanyIndex:7 SpName: spADM_GetDataSetParameters :
 'select * from COM_TokenHistory WITH(NOLOCK) where JwtToken=''eyJhbGciOiJIUzI1NiIsInR5cCI6IkpXVCJ9.eyJ1bmlxdWVfbmFtZSI6ImFkbWluLDEsNywxIiwibmJmIjoxNzYwNTA3MDMwLCJleHAiOjE3NjA1MzU4MzAsImlhdCI6MTc2MDUwNzAzMH0.DEkqIG4YagVXYsTCDg2F-z86W_MhkNVD5GmjGCuKDPo'''
 ,1
 ,1|Invalid object name 'COM_TokenHistory'.
[System: 192.168.1.56] DEBUG | 10-15-2025 11:42:15.071 | General Service|:: CompanyIndex:7 SpName: spADM_GetDataSet 
 'declare @UserID int,@RoleID int,@UserName NVARCHAR(100),@where nvarchar(max),@query nvarchar(max)
set @UserID=1
set @RoleID=1-- Employee:-1
SELECT @UserName=UserName From ADM_Users WITH(NOLOCK) WHERE UserID=@UserID
exec [fnGet_GetAssignedDims] @UserID,@RoleID,@where output
 create table #TblUsrWF(WID int,LevelID int,Type int,CtWef float,LvWef int)
EXEC spRPT_GetReportData @Type=8,@Param1=@UserID,@strXML=null,@RoleID=@RoleID set @query=''  SELECT DT.CostCenterID,DT.DocumentName,DT.DocumentType,DT.IsInventory,count(*) CNT
FROM (
 SELECT INV.CostCenterID
FROM INV_DocDetails INV with(nolock)''
if(@where<>'''')
	set @query=@query+'' join com_docccdata d with(nolock) on INV.INVDocDetailsid=d.INVDocDetailsid''	

set @query=@query+'' ,#TblUsrWF WF
WHERE WF.WID=INV.WorkflowID and (WF.LevelID>INV.WorkFlowLevel or (WF.LevelID+1=INV.WorkFlowLevel and INV.StatusID=372)) and (INV.StatusID=371 or INV.StatusID=372 or INV.StatusID=441) AND (WF.Type=1 or (INV.WorkFlowLevel+1=WF.LevelID and INV.StatusID!=372) or (WF.LevelID+1=INV.WorkFlowLevel and INV.StatusID=372) or (WF.CtWef is not null and INV.WorkFlowLevel>=WF.LvWef
and INV.CreatedDate+WF.CtWef<=convert(float,getdate()))) ''+@where+''
GROUP BY INV.CostCenterID,INV.VoucherNo
UNION ALL
SELECT ACC.CostCenterID
FROM ACC_DocDetails ACC with(nolock)''
if(@where<>'''')
	set @query=@query+'' join com_docccdata d with(nolock) on ACC.ACCDocDetailsid=d.ACCDocDetailsid''	

set @query=@query+'',#TblUsrWF WF
WHERE ACC.LinkedAccDocDetailsID is null and ACC.InvDocDetailsID is null and WF.WID=ACC.WorkflowID and (WF.LevelID>ACC.WorkFlowLevel or (WF.LevelID+1=ACC.WorkFlowLevel and ACC.StatusID=372)) and (ACC.StatusID=371 or ACC.StatusID=372 or ACC.StatusID=441) AND (WF.Type=1 or (ACC.WorkFlowLevel+1=WF.LevelID and ACC.StatusID!=372) or (WF.LevelID+1=ACC.WorkFlowLevel and ACC.StatusID=372) or (WF.CtWef is not null and ACC.WorkFlowLevel>=WF.LvWef
and ACC.CreatedDate+WF.CtWef<=convert(float,getdate())))''+@where+''
GROUP BY ACC.CostCenterID,ACC.VoucherNo  ) AS T
JOIN ADM_DocumentTypes DT with(nolock) ON T.CostCenterID=DT.CostCenterID
GROUP BY DT.CostCenterID,DT.DocumentName,DT.DocumentType,DT.IsInventory  
UNION ALL
SELECT DT.FeatureID CostCenterID,DT.Name DocumentName,-DT.FeatureID DocumentType,0 IsInventory,count(*) CNT
FROM (
SELECT INV.CostCenterID FROM REN_Contract INV WITH(NOLOCK),#TblUsrWF WF
WHERE  WF.WID=INV.WorkflowID and WF.LevelID>INV.WorkFlowLevel and (INV.StatusID=440 or INV.StatusID=470 or INV.StatusID=466) AND (WF.Type=1 or (INV.WorkFlowLevel+1=WF.LevelID and INV.StatusID!=470)  or (WF.CtWef is not null and INV.WorkFlowLevel>=WF.LvWef
 and INV.CreatedDate+WF.CtWef<=convert(float,getdate()))) AND INV.RefContractID=0 ) AS T
JOIN ADM_Features DT with(nolock) ON T.CostCenterID=DT.FeatureID
GROUP BY DT.FeatureID,DT.Name 
ORDER BY DocumentName''
exec(@query)

DROP TABLE #TblUsrWF
'
 ,1
 ,1
[System: 192.168.1.56] DEBUG | 10-15-2025 11:42:15.071 | General Service|:: CompanyIndex:7 SpName: spADM_GetDataSet 
 'select * from COM_TokenHistory WITH(NOLOCK) where JwtToken=''eyJhbGciOiJIUzI1NiIsInR5cCI6IkpXVCJ9.eyJ1bmlxdWVfbmFtZSI6ImFkbWluLDEsNywxIiwibmJmIjoxNzYwNTA3MDMwLCJleHAiOjE3NjA1MzU4MzAsImlhdCI6MTc2MDUwNzAzMH0.DEkqIG4YagVXYsTCDg2F-z86W_MhkNVD5GmjGCuKDPo'''
 ,1
 ,1
 message=Invalid object name 'COM_TokenHistory'.
[System: 192.168.1.56] DEBUG | 10-15-2025 11:42:15.071 | General Service|:: CompanyIndex:7 SpName: spADM_GetDataSet 
 'select * from COM_TokenHistory WITH(NOLOCK) where JwtToken=''eyJhbGciOiJIUzI1NiIsInR5cCI6IkpXVCJ9.eyJ1bmlxdWVfbmFtZSI6ImFkbWluLDEsNywxIiwibmJmIjoxNzYwNTA3MDMwLCJleHAiOjE3NjA1MzU4MzAsImlhdCI6MTc2MDUwNzAzMH0.DEkqIG4YagVXYsTCDg2F-z86W_MhkNVD5GmjGCuKDPo'''
 ,1
 ,1
 message=Problem in processing your request, Please contact administrator.
[System: 192.168.1.56] INFO | 10-15-2025 11:42:15.071 | OnStartup: Logger Instance Created Successfully
[System: 192.168.1.56] INFO | 10-15-2025 11:42:15.071 | OnStartup: Application Starting...
[System: 192.168.1.56] ERROR | 10-15-2025 11:42:15.071 | General Service|:: CompanyIndex:7 SpName: spADM_GetDataSetParameters :
 'select * from COM_TokenHistory WITH(NOLOCK) where JwtToken=''eyJhbGciOiJIUzI1NiIsInR5cCI6IkpXVCJ9.eyJ1bmlxdWVfbmFtZSI6ImFkbWluLDEsNywxIiwibmJmIjoxNzYwNTA3MDMwLCJleHAiOjE3NjA1MzU4MzAsImlhdCI6MTc2MDUwNzAzMH0.DEkqIG4YagVXYsTCDg2F-z86W_MhkNVD5GmjGCuKDPo'''
 ,1
 ,1|Invalid object name 'COM_TokenHistory'.
[System: 192.168.1.56] DEBUG | 10-15-2025 11:43:15.117 | General Service|:: CompanyIndex:7 SpName: spADM_GetDataSet 
 'declare @UserID int,@RoleID int,@UserName NVARCHAR(100),@where nvarchar(max),@query nvarchar(max)
set @UserID=1
set @RoleID=1-- Employee:-1
SELECT @UserName=UserName From ADM_Users WITH(NOLOCK) WHERE UserID=@UserID
exec [fnGet_GetAssignedDims] @UserID,@RoleID,@where output
 create table #TblUsrWF(WID int,LevelID int,Type int,CtWef float,LvWef int)
EXEC spRPT_GetReportData @Type=8,@Param1=@UserID,@strXML=null,@RoleID=@RoleID set @query=''  SELECT DT.CostCenterID,DT.DocumentName,DT.DocumentType,DT.IsInventory,count(*) CNT
FROM (
 SELECT INV.CostCenterID
FROM INV_DocDetails INV with(nolock)''
if(@where<>'''')
	set @query=@query+'' join com_docccdata d with(nolock) on INV.INVDocDetailsid=d.INVDocDetailsid''	

set @query=@query+'' ,#TblUsrWF WF
WHERE WF.WID=INV.WorkflowID and (WF.LevelID>INV.WorkFlowLevel or (WF.LevelID+1=INV.WorkFlowLevel and INV.StatusID=372)) and (INV.StatusID=371 or INV.StatusID=372 or INV.StatusID=441) AND (WF.Type=1 or (INV.WorkFlowLevel+1=WF.LevelID and INV.StatusID!=372) or (WF.LevelID+1=INV.WorkFlowLevel and INV.StatusID=372) or (WF.CtWef is not null and INV.WorkFlowLevel>=WF.LvWef
and INV.CreatedDate+WF.CtWef<=convert(float,getdate()))) ''+@where+''
GROUP BY INV.CostCenterID,INV.VoucherNo
UNION ALL
SELECT ACC.CostCenterID
FROM ACC_DocDetails ACC with(nolock)''
if(@where<>'''')
	set @query=@query+'' join com_docccdata d with(nolock) on ACC.ACCDocDetailsid=d.ACCDocDetailsid''	

set @query=@query+'',#TblUsrWF WF
WHERE ACC.LinkedAccDocDetailsID is null and ACC.InvDocDetailsID is null and WF.WID=ACC.WorkflowID and (WF.LevelID>ACC.WorkFlowLevel or (WF.LevelID+1=ACC.WorkFlowLevel and ACC.StatusID=372)) and (ACC.StatusID=371 or ACC.StatusID=372 or ACC.StatusID=441) AND (WF.Type=1 or (ACC.WorkFlowLevel+1=WF.LevelID and ACC.StatusID!=372) or (WF.LevelID+1=ACC.WorkFlowLevel and ACC.StatusID=372) or (WF.CtWef is not null and ACC.WorkFlowLevel>=WF.LvWef
and ACC.CreatedDate+WF.CtWef<=convert(float,getdate())))''+@where+''
GROUP BY ACC.CostCenterID,ACC.VoucherNo  ) AS T
JOIN ADM_DocumentTypes DT with(nolock) ON T.CostCenterID=DT.CostCenterID
GROUP BY DT.CostCenterID,DT.DocumentName,DT.DocumentType,DT.IsInventory  
UNION ALL
SELECT DT.FeatureID CostCenterID,DT.Name DocumentName,-DT.FeatureID DocumentType,0 IsInventory,count(*) CNT
FROM (
SELECT INV.CostCenterID FROM REN_Contract INV WITH(NOLOCK),#TblUsrWF WF
WHERE  WF.WID=INV.WorkflowID and WF.LevelID>INV.WorkFlowLevel and (INV.StatusID=440 or INV.StatusID=470 or INV.StatusID=466) AND (WF.Type=1 or (INV.WorkFlowLevel+1=WF.LevelID and INV.StatusID!=470)  or (WF.CtWef is not null and INV.WorkFlowLevel>=WF.LvWef
 and INV.CreatedDate+WF.CtWef<=convert(float,getdate()))) AND INV.RefContractID=0 ) AS T
JOIN ADM_Features DT with(nolock) ON T.CostCenterID=DT.FeatureID
GROUP BY DT.FeatureID,DT.Name 
ORDER BY DocumentName''
exec(@query)

DROP TABLE #TblUsrWF
'
 ,1
 ,1
[System: 192.168.1.56] DEBUG | 10-15-2025 11:43:15.117 | General Service|:: CompanyIndex:7 SpName: spADM_GetDataSet 
 'select * from COM_TokenHistory WITH(NOLOCK) where JwtToken=''eyJhbGciOiJIUzI1NiIsInR5cCI6IkpXVCJ9.eyJ1bmlxdWVfbmFtZSI6ImFkbWluLDEsNywxIiwibmJmIjoxNzYwNTA3MDMwLCJleHAiOjE3NjA1MzU4MzAsImlhdCI6MTc2MDUwNzAzMH0.DEkqIG4YagVXYsTCDg2F-z86W_MhkNVD5GmjGCuKDPo'''
 ,1
 ,1
 message=Invalid object name 'COM_TokenHistory'.
[System: 192.168.1.56] DEBUG | 10-15-2025 11:43:15.117 | General Service|:: CompanyIndex:7 SpName: spADM_GetDataSet 
 'select * from COM_TokenHistory WITH(NOLOCK) where JwtToken=''eyJhbGciOiJIUzI1NiIsInR5cCI6IkpXVCJ9.eyJ1bmlxdWVfbmFtZSI6ImFkbWluLDEsNywxIiwibmJmIjoxNzYwNTA3MDMwLCJleHAiOjE3NjA1MzU4MzAsImlhdCI6MTc2MDUwNzAzMH0.DEkqIG4YagVXYsTCDg2F-z86W_MhkNVD5GmjGCuKDPo'''
 ,1
 ,1
 message=Problem in processing your request, Please contact administrator.
[System: 192.168.1.56] INFO | 10-15-2025 11:43:15.117 | OnStartup: Logger Instance Created Successfully
[System: 192.168.1.56] INFO | 10-15-2025 11:43:15.132 | OnStartup: Application Starting...
[System: 192.168.1.56] ERROR | 10-15-2025 11:43:15.132 | General Service|:: CompanyIndex:7 SpName: spADM_GetDataSetParameters :
 'select * from COM_TokenHistory WITH(NOLOCK) where JwtToken=''eyJhbGciOiJIUzI1NiIsInR5cCI6IkpXVCJ9.eyJ1bmlxdWVfbmFtZSI6ImFkbWluLDEsNywxIiwibmJmIjoxNzYwNTA3MDMwLCJleHAiOjE3NjA1MzU4MzAsImlhdCI6MTc2MDUwNzAzMH0.DEkqIG4YagVXYsTCDg2F-z86W_MhkNVD5GmjGCuKDPo'''
 ,1
 ,1|Invalid object name 'COM_TokenHistory'.
[System: 192.168.1.56] DEBUG | 10-15-2025 11:43:51.952 | General Service|:: CompanyIndex:0 SpName: spADM_Login 
 4
 ,''
 ,''
 ,''
 ,'declare @AllowSession bit,@GUID nvarchar(50)
set @AllowSession=0
set @GUID=''814bebfc-8451-4cdd-ad6f-be06b38d07ec''
if exists(select [GUID] from ADM_Login with(nolock) where [GUID]=@GUID)
begin
    update ADM_Login  set LastAccessTime=convert(float,getdate()) where [GUID]=@GUID
    set @AllowSession=1
end
select @AllowSession AllowSession
'
 ,''
 ,0
[System: 192.168.1.56] DEBUG | 10-15-2025 11:43:51.952 | General Service|:: CompanyIndex:7 SpName: spADM_GetDataSet 
 'select * from COM_TokenHistory WITH(NOLOCK) where JwtToken=''eyJhbGciOiJIUzI1NiIsInR5cCI6IkpXVCJ9.eyJ1bmlxdWVfbmFtZSI6ImFkbWluLDEsNywxIiwibmJmIjoxNzYwNTA3MDMwLCJleHAiOjE3NjA1MzU4MzAsImlhdCI6MTc2MDUwNzAzMH0.DEkqIG4YagVXYsTCDg2F-z86W_MhkNVD5GmjGCuKDPo'''
 ,1
 ,1
 message=Invalid object name 'COM_TokenHistory'.
[System: 192.168.1.56] DEBUG | 10-15-2025 11:43:51.952 | General Service|:: CompanyIndex:7 SpName: spADM_GetDataSet 
 'select * from COM_TokenHistory WITH(NOLOCK) where JwtToken=''eyJhbGciOiJIUzI1NiIsInR5cCI6IkpXVCJ9.eyJ1bmlxdWVfbmFtZSI6ImFkbWluLDEsNywxIiwibmJmIjoxNzYwNTA3MDMwLCJleHAiOjE3NjA1MzU4MzAsImlhdCI6MTc2MDUwNzAzMH0.DEkqIG4YagVXYsTCDg2F-z86W_MhkNVD5GmjGCuKDPo'''
 ,1
 ,1
 message=Problem in processing your request, Please contact administrator.
[System: 192.168.1.56] INFO | 10-15-2025 11:43:51.952 | OnStartup: Logger Instance Created Successfully
[System: 192.168.1.56] INFO | 10-15-2025 11:43:51.952 | OnStartup: Application Starting...
[System: 192.168.1.56] ERROR | 10-15-2025 11:43:51.952 | General Service|:: CompanyIndex:7 SpName: spADM_GetDataSetParameters :
 'select * from COM_TokenHistory WITH(NOLOCK) where JwtToken=''eyJhbGciOiJIUzI1NiIsInR5cCI6IkpXVCJ9.eyJ1bmlxdWVfbmFtZSI6ImFkbWluLDEsNywxIiwibmJmIjoxNzYwNTA3MDMwLCJleHAiOjE3NjA1MzU4MzAsImlhdCI6MTc2MDUwNzAzMH0.DEkqIG4YagVXYsTCDg2F-z86W_MhkNVD5GmjGCuKDPo'''
 ,1
 ,1|Invalid object name 'COM_TokenHistory'.
