[System: 192.168.1.65] DEBUG | 11-11-2025 15:46:35.677 | General Service|:: CompanyIndex:162 SpName: spADM_GetDataSet 
 'SELECT (SELECT COUNT(*) FROM COM_Location L WITH(NOLOCK) JOIN COM_Status S WITH(NOLOCK) ON S.StatusID=L.StatusID WHERE L.IsGroup=0 AND S.[Status]=''Active'') ML
,(SELECT COUNT(*) FROM ADM_Features WITH(NOLOCK) WHERE ((FeatureID>50000 AND FeatureID<=50050) OR FeatureID>=51000) AND IsEnabled=1) MD
,(SELECT ISNULL(COUNT(*),0) FROM ADM_RevenUReports WITH(NOLOCK) WHERE IsGroup=0 AND ReportID>10000 AND StaticReportType IN (0,-1)) MR'
 ,1
 ,1
[System: 192.168.1.65] DEBUG | 11-11-2025 15:46:35.677 | General Service|:: CompanyIndex:162 SpName: spADM_GetDataSet 
 'select * from COM_TokenHistory WITH(NOLOCK) where JwtToken=''eyJhbGciOiJIUzI1NiIsInR5cCI6IkpXVCJ9.eyJ1bmlxdWVfbmFtZSI6ImFkbWluLDEsMTYyLDEiLCJuYmYiOjE3NjI4NTYxODgsImV4cCI6MTc2Mjg4NDk4OCwiaWF0IjoxNzYyODU2MTg4fQ.N63qdeP5e0bHwmKO1iVHOjepB5gGaFcNk6pGeX9L40w'''
 ,1
 ,1
[System: 192.168.1.65] DEBUG | 11-11-2025 15:46:44.441 | General Service|:: CompanyIndex:162 SpName: spADM_GetRibbonView 
 1
 ,1
 ,1
 ,1
 ,0
 ,''
[System: 192.168.1.65] DEBUG | 11-11-2025 15:46:44.457 | General Service|:: CompanyIndex:162 SpName: spADM_GetDataSet 
 'select * from COM_TokenHistory WITH(NOLOCK) where JwtToken=''eyJhbGciOiJIUzI1NiIsInR5cCI6IkpXVCJ9.eyJ1bmlxdWVfbmFtZSI6ImFkbWluLDEsMTYyLDEiLCJuYmYiOjE3NjI4NTYxODgsImV4cCI6MTc2Mjg4NDk4OCwiaWF0IjoxNzYyODU2MTg4fQ.N63qdeP5e0bHwmKO1iVHOjepB5gGaFcNk6pGeX9L40w'''
 ,1
 ,1
[System: 192.168.1.65] DEBUG | 11-11-2025 15:46:49.221 | General Service|:: CompanyIndex:162 SpName: spCOM_ConfigValues 
 1
 ,'NotifTime'
 ,''
[System: 192.168.1.65] DEBUG | 11-11-2025 15:46:49.221 | General Service|:: CompanyIndex:162 SpName: spADM_GetDataSet 
 'select * from COM_TokenHistory WITH(NOLOCK) where JwtToken=''eyJhbGciOiJIUzI1NiIsInR5cCI6IkpXVCJ9.eyJ1bmlxdWVfbmFtZSI6ImFkbWluLDEsMTYyLDEiLCJuYmYiOjE3NjI4NTYxODgsImV4cCI6MTc2Mjg4NDk4OCwiaWF0IjoxNzYyODU2MTg4fQ.N63qdeP5e0bHwmKO1iVHOjepB5gGaFcNk6pGeX9L40w'''
 ,1
 ,1
[System: 192.168.1.65] DEBUG | 11-11-2025 15:46:49.502 | General Service|:: CompanyIndex:162 SpName: spRPT_GetReport 
 2
 ,0
 ,'1'
 ,'1'
 ,1
[System: 192.168.1.65] DEBUG | 11-11-2025 15:46:49.502 | General Service|:: CompanyIndex:162 SpName: spADM_GetDataSet 
 'select * from COM_TokenHistory WITH(NOLOCK) where JwtToken=''eyJhbGciOiJIUzI1NiIsInR5cCI6IkpXVCJ9.eyJ1bmlxdWVfbmFtZSI6ImFkbWluLDEsMTYyLDEiLCJuYmYiOjE3NjI4NTYxODgsImV4cCI6MTc2Mjg4NDk4OCwiaWF0IjoxNzYyODU2MTg4fQ.N63qdeP5e0bHwmKO1iVHOjepB5gGaFcNk6pGeX9L40w'''
 ,1
 ,1
[System: 192.168.1.65] DEBUG | 11-11-2025 15:46:49.612 | General Service|:: CompanyIndex:162 SpName: spADM_GetDashBoard 
 2
 ,0
 ,0
 ,'1'
 ,'1'
 ,1
[System: 192.168.1.65] DEBUG | 11-11-2025 15:46:49.612 | General Service|:: CompanyIndex:162 SpName: spADM_GetDataSet 
 'select * from COM_TokenHistory WITH(NOLOCK) where JwtToken=''eyJhbGciOiJIUzI1NiIsInR5cCI6IkpXVCJ9.eyJ1bmlxdWVfbmFtZSI6ImFkbWluLDEsMTYyLDEiLCJuYmYiOjE3NjI4NTYxODgsImV4cCI6MTc2Mjg4NDk4OCwiaWF0IjoxNzYyODU2MTg4fQ.N63qdeP5e0bHwmKO1iVHOjepB5gGaFcNk6pGeX9L40w'''
 ,1
 ,1
[System: 192.168.1.65] DEBUG | 11-11-2025 15:46:50.893 | General Service|:: CompanyIndex:162 SpName: spCOM_ConfigValues 
 1
 ,'LandingDocs'
 ,'1'
[System: 192.168.1.65] DEBUG | 11-11-2025 15:46:50.893 | General Service|:: CompanyIndex:162 SpName: spADM_GetDataSet 
 'select * from COM_TokenHistory WITH(NOLOCK) where JwtToken=''eyJhbGciOiJIUzI1NiIsInR5cCI6IkpXVCJ9.eyJ1bmlxdWVfbmFtZSI6ImFkbWluLDEsMTYyLDEiLCJuYmYiOjE3NjI4NTYxODgsImV4cCI6MTc2Mjg4NDk4OCwiaWF0IjoxNzYyODU2MTg4fQ.N63qdeP5e0bHwmKO1iVHOjepB5gGaFcNk6pGeX9L40w'''
 ,1
 ,1
[System: 192.168.1.65] DEBUG | 11-11-2025 15:46:51.174 | General Service|:: CompanyIndex:162 SpName: spADM_GetAllListViewsDef 
 1
 ,1
[System: 192.168.1.65] DEBUG | 11-11-2025 15:46:51.190 | General Service|:: CompanyIndex:162 SpName: spADM_GetDataSet 
 'select * from COM_TokenHistory WITH(NOLOCK) where JwtToken=''eyJhbGciOiJIUzI1NiIsInR5cCI6IkpXVCJ9.eyJ1bmlxdWVfbmFtZSI6ImFkbWluLDEsMTYyLDEiLCJuYmYiOjE3NjI4NTYxODgsImV4cCI6MTc2Mjg4NDk4OCwiaWF0IjoxNzYyODU2MTg4fQ.N63qdeP5e0bHwmKO1iVHOjepB5gGaFcNk6pGeX9L40w'''
 ,1
 ,1
[System: 192.168.1.65] DEBUG | 11-11-2025 15:46:51.299 | General Service|:: CompanyIndex:162 SpName: spADM_GetAllListViewsDef 
 1
 ,1
[System: 192.168.1.65] DEBUG | 11-11-2025 15:46:51.314 | General Service|:: CompanyIndex:162 SpName: spADM_GetDataSet 
 'select * from COM_TokenHistory WITH(NOLOCK) where JwtToken=''eyJhbGciOiJIUzI1NiIsInR5cCI6IkpXVCJ9.eyJ1bmlxdWVfbmFtZSI6ImFkbWluLDEsMTYyLDEiLCJuYmYiOjE3NjI4NTYxODgsImV4cCI6MTc2Mjg4NDk4OCwiaWF0IjoxNzYyODU2MTg4fQ.N63qdeP5e0bHwmKO1iVHOjepB5gGaFcNk6pGeX9L40w'''
 ,1
 ,1
[System: 192.168.1.65] DEBUG | 11-11-2025 15:46:51.455 | General Service|:: CompanyIndex:162 SpName: spADM_GetDataSet 
 'Select CostCenterID,CostCenterColID,CostCenterName,SysTableName,UserColumnName,SysColumnName,ISNULL(UserDefaultValue,'''') UserDefaultValue
From AdM_CostCenterDef WITH(NOLOCK)
Where SysColumnName IN(''CreditAccount'',''DebitAccount'',''ProductID'') 
AND CostCenterID>40000 AND CostCenterID<50000 

SELECT * FROM ADM_Features WITH(NOLOCK) '
 ,1
 ,1
[System: 192.168.1.65] DEBUG | 11-11-2025 15:46:51.455 | General Service|:: CompanyIndex:162 SpName: spADM_GetDataSet 
 'select * from COM_TokenHistory WITH(NOLOCK) where JwtToken=''eyJhbGciOiJIUzI1NiIsInR5cCI6IkpXVCJ9.eyJ1bmlxdWVfbmFtZSI6ImFkbWluLDEsMTYyLDEiLCJuYmYiOjE3NjI4NTYxODgsImV4cCI6MTc2Mjg4NDk4OCwiaWF0IjoxNzYyODU2MTg4fQ.N63qdeP5e0bHwmKO1iVHOjepB5gGaFcNk6pGeX9L40w'''
 ,1
 ,1
[System: 192.168.1.65] DEBUG | 11-11-2025 15:46:51.486 | General Service|:: CompanyIndex:162 SpName: spADM_GetDataSet 
 '  SELECT * FROM PAY_PayrollPreferences WITH(NOLOCK) '
 ,1
 ,1
[System: 192.168.1.65] DEBUG | 11-11-2025 15:46:51.502 | General Service|:: CompanyIndex:162 SpName: spADM_GetDataSet 
 'select * from COM_TokenHistory WITH(NOLOCK) where JwtToken=''eyJhbGciOiJIUzI1NiIsInR5cCI6IkpXVCJ9.eyJ1bmlxdWVfbmFtZSI6ImFkbWluLDEsMTYyLDEiLCJuYmYiOjE3NjI4NTYxODgsImV4cCI6MTc2Mjg4NDk4OCwiaWF0IjoxNzYyODU2MTg4fQ.N63qdeP5e0bHwmKO1iVHOjepB5gGaFcNk6pGeX9L40w'''
 ,1
 ,1
[System: 192.168.1.65] DEBUG | 11-11-2025 15:46:51.611 | General Service|:: CompanyIndex:162 SpName: spADM_GetDataSet 
 '  --0
                                Select * FROM COM_CC50051 WITH(NOLOCK) WHERE IsGroup=0 AND LoginUserID=''admin''
                                --1                                
                                Select * FROM COM_CC50051 WITH(NOLOCK) WHERE RptManager IN (Select NodeID FROM COM_CC50051 WITH(NOLOCK) WHERE IsGroup=0 AND LoginUserID=''admin'')
                                UNION ALL
                                Select * FROM COM_CC50051 WITH(NOLOCK) WHERE RptManager IN 
                                (
	                                Select NodeID FROM COM_CC50051 WITH(NOLOCK) 
	                                WHERE IsGroup=0 AND LoginUserID IN
	                                (
	                                SELECT fe.LoginUserID
	                                FROM INV_DocDetails a WITH(NOLOCK) 
	                                JOIN COM_DocCCData b WITH(NOLOCK) ON b.InvDocDetailsID=a.InvDocDetailsID
	                                JOIN COM_DocNumData c WITH(NOLOCK) ON c.InvDocDetailsID=a.InvDocDetailsID
	                                JOIN COM_DocTextData d WITH(NOLOCK) ON d.InvDocDetailsID=a.InvDocDetailsID
	                                JOIN COM_CC50051 fe WITH(NOLOCK) on fe.NodeID=b.dcCCNID51
	                                JOIN COM_CC50051 te WITH(NOLOCK) on CONVERT(NVARCHAR,te.NodeID)=d.dcAlpha1
	                                WHERE a.CostCenterID=40098 and a.StatusID=369 AND d.dcAlpha3=''Temporary''
	                                AND te.LoginUserID=''admin'' 
	                                AND ISDATE(d.dcAlpha4)=1 AND ISDATE(d.dcAlpha5)=1 
	                                AND CONVERT(DATETIME,''11 Nov 2025'') BETWEEN CONVERT(DATETIME,d.dcAlpha4) AND CONVERT(DATETIME,d.dcAlpha5)
	                                )
                                )
                                --2
                                Select * FROM ADM_USERS WITH(NOLOCK) WHERE USERID=1
                                --3
                                Select * FROM COM_CostCenterCostCenterMap WITH(NOLOCK) WHERE ParentCostCenterID=7 AND ParentNodeID=1
                                --4                                
                                Select * FROM COM_CostCenterCostCenterMap WITH(NOLOCK) WHERE ParentCostCenterID=7 AND ParentNodeID=1
                                AND CostCenterID IN(Select ColumnCostCenterID From ADM_CostCenterDef Where CostCenterID=50051 AND IsColumnInUse=1 AND SysColumnName LIKE ''CCNID%'')
                                --5
                                Select * from COM_Files WITH(NOLOCK) WHERE FeatureID=50051 AND FeaturePK IN (Select NodeID FROM COM_CC50051 WITH(NOLOCK) WHERE IsGroup=0 AND LoginUserID=''admin'')                         
'
 ,1
 ,1
[System: 192.168.1.65] DEBUG | 11-11-2025 15:46:51.611 | General Service|:: CompanyIndex:162 SpName: spADM_GetDataSet 
 'select * from COM_TokenHistory WITH(NOLOCK) where JwtToken=''eyJhbGciOiJIUzI1NiIsInR5cCI6IkpXVCJ9.eyJ1bmlxdWVfbmFtZSI6ImFkbWluLDEsMTYyLDEiLCJuYmYiOjE3NjI4NTYxODgsImV4cCI6MTc2Mjg4NDk4OCwiaWF0IjoxNzYyODU2MTg4fQ.N63qdeP5e0bHwmKO1iVHOjepB5gGaFcNk6pGeX9L40w'''
 ,1
 ,1
[System: 192.168.1.65] DEBUG | 11-11-2025 15:46:52.158 | General Service|:: CompanyIndex:162 SpName: spADM_GetDataSet 
 'declare @UserID int,@RoleID int,@UserName NVARCHAR(100),@where nvarchar(max),@query nvarchar(max)
set @UserID=1
set @RoleID=1-- Employee:-1
SELECT @UserName=UserName From ADM_Users WITH(NOLOCK) WHERE UserID=@UserID
exec [fnGet_GetAssignedDims] @UserID,@RoleID,@where output
 create table #TblUsrWF(WID int,LevelID int,Type int,CtWef float,LvWef int)
EXEC spRPT_GetReportData @Type=8,@Param1=@UserID,@strXML=null,@RoleID=@RoleID set @query=''  SELECT DT.CostCenterID,DT.DocumentName,DT.DocumentType,DT.IsInventory,count(*) CNT
FROM (
 SELECT INV.CostCenterID
FROM INV_DocDetails INV with(nolock)''
if(@where<>'''')
	set @query=@query+'' join com_docccdata d with(nolock) on INV.INVDocDetailsid=d.INVDocDetailsid''	

set @query=@query+'' ,#TblUsrWF WF
WHERE WF.WID=INV.WorkflowID and (WF.LevelID>INV.WorkFlowLevel or (WF.LevelID+1=INV.WorkFlowLevel and INV.StatusID=372)) and (INV.StatusID=371 or INV.StatusID=372 or INV.StatusID=441) AND (WF.Type=1 or (INV.WorkFlowLevel+1=WF.LevelID and INV.StatusID!=372) or (WF.LevelID+1=INV.WorkFlowLevel and INV.StatusID=372) or (WF.CtWef is not null and INV.WorkFlowLevel>=WF.LvWef
and INV.CreatedDate+WF.CtWef<=convert(float,getdate()))) ''+@where+''
GROUP BY INV.CostCenterID,INV.VoucherNo
UNION ALL
SELECT ACC.CostCenterID
FROM ACC_DocDetails ACC with(nolock)''
if(@where<>'''')
	set @query=@query+'' join com_docccdata d with(nolock) on ACC.ACCDocDetailsid=d.ACCDocDetailsid''	

set @query=@query+'',#TblUsrWF WF
WHERE ACC.LinkedAccDocDetailsID is null and ACC.InvDocDetailsID is null and WF.WID=ACC.WorkflowID and (WF.LevelID>ACC.WorkFlowLevel or (WF.LevelID+1=ACC.WorkFlowLevel and ACC.StatusID=372)) and (ACC.StatusID=371 or ACC.StatusID=372 or ACC.StatusID=441) AND (WF.Type=1 or (ACC.WorkFlowLevel+1=WF.LevelID and ACC.StatusID!=372) or (WF.LevelID+1=ACC.WorkFlowLevel and ACC.StatusID=372) or (WF.CtWef is not null and ACC.WorkFlowLevel>=WF.LvWef
and ACC.CreatedDate+WF.CtWef<=convert(float,getdate())))''+@where+''
GROUP BY ACC.CostCenterID,ACC.VoucherNo  ) AS T
JOIN ADM_DocumentTypes DT with(nolock) ON T.CostCenterID=DT.CostCenterID
GROUP BY DT.CostCenterID,DT.DocumentName,DT.DocumentType,DT.IsInventory  
UNION ALL
SELECT DT.FeatureID CostCenterID,DT.Name DocumentName,-DT.FeatureID DocumentType,0 IsInventory,count(*) CNT
FROM (
SELECT INV.CostCenterID FROM REN_Contract INV WITH(NOLOCK),#TblUsrWF WF
WHERE  WF.WID=INV.WorkflowID and WF.LevelID>INV.WorkFlowLevel and (INV.StatusID=440 or INV.StatusID=470 or INV.StatusID=466) AND (WF.Type=1 or (INV.WorkFlowLevel+1=WF.LevelID and INV.StatusID!=470)  or (WF.CtWef is not null and INV.WorkFlowLevel>=WF.LvWef
 and INV.CreatedDate+WF.CtWef<=convert(float,getdate()))) AND INV.RefContractID=0 ) AS T
JOIN ADM_Features DT with(nolock) ON T.CostCenterID=DT.FeatureID
GROUP BY DT.FeatureID,DT.Name 
ORDER BY DocumentName''
exec(@query)

DROP TABLE #TblUsrWF
'
 ,1
 ,1
[System: 192.168.1.65] DEBUG | 11-11-2025 15:46:52.236 | General Service|:: CompanyIndex:162 SpName: spADM_GetDataSet 
 'select * from COM_TokenHistory WITH(NOLOCK) where JwtToken=''eyJhbGciOiJIUzI1NiIsInR5cCI6IkpXVCJ9.eyJ1bmlxdWVfbmFtZSI6ImFkbWluLDEsMTYyLDEiLCJuYmYiOjE3NjI4NTYxODgsImV4cCI6MTc2Mjg4NDk4OCwiaWF0IjoxNzYyODU2MTg4fQ.N63qdeP5e0bHwmKO1iVHOjepB5gGaFcNk6pGeX9L40w'''
 ,1
 ,1
[System: 192.168.1.65] DEBUG | 11-11-2025 15:46:59.031 | General Service|:: CompanyIndex:162 SpName: spADM_GetDashBoard 
 1
 ,26
 ,0
 ,'1'
 ,'1'
 ,1
[System: 192.168.1.65] DEBUG | 11-11-2025 15:46:59.031 | General Service|:: CompanyIndex:162 SpName: spADM_GetDataSet 
 'select * from COM_TokenHistory WITH(NOLOCK) where JwtToken=''eyJhbGciOiJIUzI1NiIsInR5cCI6IkpXVCJ9.eyJ1bmlxdWVfbmFtZSI6ImFkbWluLDEsMTYyLDEiLCJuYmYiOjE3NjI4NTYxODgsImV4cCI6MTc2Mjg4NDk4OCwiaWF0IjoxNzYyODU2MTg4fQ.N63qdeP5e0bHwmKO1iVHOjepB5gGaFcNk6pGeX9L40w'''
 ,1
 ,1
[System: 192.168.1.65] DEBUG | 11-11-2025 15:46:59.547 | General Service|:: CompanyIndex:162 SpName: spCOM_GetFavorites 
 'VIEW'
 ,20510
 ,'1'
 ,'1'
 ,1
[System: 192.168.1.65] DEBUG | 11-11-2025 15:46:59.547 | General Service|:: CompanyIndex:162 SpName: spCOM_GetFavorites 
 'VIEW'
 ,20732
 ,'1'
 ,'1'
 ,1
[System: 192.168.1.65] DEBUG | 11-11-2025 15:46:59.547 | General Service|:: CompanyIndex:162 SpName: spCOM_GetFavorites 
 'VIEW'
 ,20523
 ,'1'
 ,'1'
 ,1
[System: 192.168.1.65] DEBUG | 11-11-2025 15:46:59.547 | General Service|:: CompanyIndex:162 SpName: spADM_GetDataSet 
 'select * from COM_TokenHistory WITH(NOLOCK) where JwtToken=''eyJhbGciOiJIUzI1NiIsInR5cCI6IkpXVCJ9.eyJ1bmlxdWVfbmFtZSI6ImFkbWluLDEsMTYyLDEiLCJuYmYiOjE3NjI4NTYxODgsImV4cCI6MTc2Mjg4NDk4OCwiaWF0IjoxNzYyODU2MTg4fQ.N63qdeP5e0bHwmKO1iVHOjepB5gGaFcNk6pGeX9L40w'''
 ,1
 ,1
[System: 192.168.1.65] DEBUG | 11-11-2025 15:46:59.547 | General Service|:: CompanyIndex:162 SpName: spADM_GetDataSet 
 'select * from COM_TokenHistory WITH(NOLOCK) where JwtToken=''eyJhbGciOiJIUzI1NiIsInR5cCI6IkpXVCJ9.eyJ1bmlxdWVfbmFtZSI6ImFkbWluLDEsMTYyLDEiLCJuYmYiOjE3NjI4NTYxODgsImV4cCI6MTc2Mjg4NDk4OCwiaWF0IjoxNzYyODU2MTg4fQ.N63qdeP5e0bHwmKO1iVHOjepB5gGaFcNk6pGeX9L40w'''
 ,1
 ,1
[System: 192.168.1.65] DEBUG | 11-11-2025 15:46:59.547 | General Service|:: CompanyIndex:162 SpName: spADM_GetDataSet 
 'select * from COM_TokenHistory WITH(NOLOCK) where JwtToken=''eyJhbGciOiJIUzI1NiIsInR5cCI6IkpXVCJ9.eyJ1bmlxdWVfbmFtZSI6ImFkbWluLDEsMTYyLDEiLCJuYmYiOjE3NjI4NTYxODgsImV4cCI6MTc2Mjg4NDk4OCwiaWF0IjoxNzYyODU2MTg4fQ.N63qdeP5e0bHwmKO1iVHOjepB5gGaFcNk6pGeX9L40w'''
 ,1
 ,1
[System: 192.168.1.65] DEBUG | 11-11-2025 15:47:51.801 | General Service|:: CompanyIndex:162 SpName: spADM_GetDataSet 
 'declare @UserID int,@RoleID int,@UserName NVARCHAR(100),@where nvarchar(max),@query nvarchar(max)
set @UserID=1
set @RoleID=1-- Employee:-1
SELECT @UserName=UserName From ADM_Users WITH(NOLOCK) WHERE UserID=@UserID
exec [fnGet_GetAssignedDims] @UserID,@RoleID,@where output
 create table #TblUsrWF(WID int,LevelID int,Type int,CtWef float,LvWef int)
EXEC spRPT_GetReportData @Type=8,@Param1=@UserID,@strXML=null,@RoleID=@RoleID set @query=''  SELECT DT.CostCenterID,DT.DocumentName,DT.DocumentType,DT.IsInventory,count(*) CNT
FROM (
 SELECT INV.CostCenterID
FROM INV_DocDetails INV with(nolock)''
if(@where<>'''')
	set @query=@query+'' join com_docccdata d with(nolock) on INV.INVDocDetailsid=d.INVDocDetailsid''	

set @query=@query+'' ,#TblUsrWF WF
WHERE WF.WID=INV.WorkflowID and (WF.LevelID>INV.WorkFlowLevel or (WF.LevelID+1=INV.WorkFlowLevel and INV.StatusID=372)) and (INV.StatusID=371 or INV.StatusID=372 or INV.StatusID=441) AND (WF.Type=1 or (INV.WorkFlowLevel+1=WF.LevelID and INV.StatusID!=372) or (WF.LevelID+1=INV.WorkFlowLevel and INV.StatusID=372) or (WF.CtWef is not null and INV.WorkFlowLevel>=WF.LvWef
and INV.CreatedDate+WF.CtWef<=convert(float,getdate()))) ''+@where+''
GROUP BY INV.CostCenterID,INV.VoucherNo
UNION ALL
SELECT ACC.CostCenterID
FROM ACC_DocDetails ACC with(nolock)''
if(@where<>'''')
	set @query=@query+'' join com_docccdata d with(nolock) on ACC.ACCDocDetailsid=d.ACCDocDetailsid''	

set @query=@query+'',#TblUsrWF WF
WHERE ACC.LinkedAccDocDetailsID is null and ACC.InvDocDetailsID is null and WF.WID=ACC.WorkflowID and (WF.LevelID>ACC.WorkFlowLevel or (WF.LevelID+1=ACC.WorkFlowLevel and ACC.StatusID=372)) and (ACC.StatusID=371 or ACC.StatusID=372 or ACC.StatusID=441) AND (WF.Type=1 or (ACC.WorkFlowLevel+1=WF.LevelID and ACC.StatusID!=372) or (WF.LevelID+1=ACC.WorkFlowLevel and ACC.StatusID=372) or (WF.CtWef is not null and ACC.WorkFlowLevel>=WF.LvWef
and ACC.CreatedDate+WF.CtWef<=convert(float,getdate())))''+@where+''
GROUP BY ACC.CostCenterID,ACC.VoucherNo  ) AS T
JOIN ADM_DocumentTypes DT with(nolock) ON T.CostCenterID=DT.CostCenterID
GROUP BY DT.CostCenterID,DT.DocumentName,DT.DocumentType,DT.IsInventory  
UNION ALL
SELECT DT.FeatureID CostCenterID,DT.Name DocumentName,-DT.FeatureID DocumentType,0 IsInventory,count(*) CNT
FROM (
SELECT INV.CostCenterID FROM REN_Contract INV WITH(NOLOCK),#TblUsrWF WF
WHERE  WF.WID=INV.WorkflowID and WF.LevelID>INV.WorkFlowLevel and (INV.StatusID=440 or INV.StatusID=470 or INV.StatusID=466) AND (WF.Type=1 or (INV.WorkFlowLevel+1=WF.LevelID and INV.StatusID!=470)  or (WF.CtWef is not null and INV.WorkFlowLevel>=WF.LvWef
 and INV.CreatedDate+WF.CtWef<=convert(float,getdate()))) AND INV.RefContractID=0 ) AS T
JOIN ADM_Features DT with(nolock) ON T.CostCenterID=DT.FeatureID
GROUP BY DT.FeatureID,DT.Name 
ORDER BY DocumentName''
exec(@query)

DROP TABLE #TblUsrWF
'
 ,1
 ,1
[System: 192.168.1.65] DEBUG | 11-11-2025 15:47:51.816 | General Service|:: CompanyIndex:162 SpName: spADM_GetDataSet 
 'select * from COM_TokenHistory WITH(NOLOCK) where JwtToken=''eyJhbGciOiJIUzI1NiIsInR5cCI6IkpXVCJ9.eyJ1bmlxdWVfbmFtZSI6ImFkbWluLDEsMTYyLDEiLCJuYmYiOjE3NjI4NTYxODgsImV4cCI6MTc2Mjg4NDk4OCwiaWF0IjoxNzYyODU2MTg4fQ.N63qdeP5e0bHwmKO1iVHOjepB5gGaFcNk6pGeX9L40w'''
 ,1
 ,1
[System: 192.168.1.65] DEBUG | 11-11-2025 15:48:36.743 | General Service|:: CompanyIndex:162 SpName: spADM_GetCostCenterGridViewList 
 200
 ,1
 ,1
 ,1
[System: 192.168.1.65] DEBUG | 11-11-2025 15:48:36.743 | General Service|:: CompanyIndex:162 SpName: spADM_GetDataSet 
 'select * from COM_TokenHistory WITH(NOLOCK) where JwtToken=''eyJhbGciOiJIUzI1NiIsInR5cCI6IkpXVCJ9.eyJ1bmlxdWVfbmFtZSI6ImFkbWluLDEsMTYyLDEiLCJuYmYiOjE3NjI4NTYxODgsImV4cCI6MTc2Mjg4NDk4OCwiaWF0IjoxNzYyODU2MTg4fQ.N63qdeP5e0bHwmKO1iVHOjepB5gGaFcNk6pGeX9L40w'''
 ,1
 ,1
[System: 192.168.1.65] DEBUG | 11-11-2025 15:48:37.118 | General Service|:: CompanyIndex:162 SpName: spCom_GetCostCenterSummary 
 267
 ,-1
 ,1000
 ,''
 ,''
 ,''
 ,0
 ,'11-Nov-2025'
 ,NULL
 ,''
 ,1
 ,1
 ,0
 ,0
 ,False
 ,1
[System: 192.168.1.65] DEBUG | 11-11-2025 15:48:37.118 | General Service|:: CompanyIndex:162 SpName: spADM_GetDataSet 
 'select * from COM_TokenHistory WITH(NOLOCK) where JwtToken=''eyJhbGciOiJIUzI1NiIsInR5cCI6IkpXVCJ9.eyJ1bmlxdWVfbmFtZSI6ImFkbWluLDEsMTYyLDEiLCJuYmYiOjE3NjI4NTYxODgsImV4cCI6MTc2Mjg4NDk4OCwiaWF0IjoxNzYyODU2MTg4fQ.N63qdeP5e0bHwmKO1iVHOjepB5gGaFcNk6pGeX9L40w'''
 ,1
 ,1
[System: 192.168.1.65] DEBUG | 11-11-2025 15:49:47.477 | General Service|:: CompanyIndex:162 SpName: spADM_GetDataSet 
 'declare @UserID int,@RoleID int,@UserName NVARCHAR(100),@where nvarchar(max),@query nvarchar(max)
set @UserID=1
set @RoleID=1-- Employee:-1
SELECT @UserName=UserName From ADM_Users WITH(NOLOCK) WHERE UserID=@UserID
exec [fnGet_GetAssignedDims] @UserID,@RoleID,@where output
 create table #TblUsrWF(WID int,LevelID int,Type int,CtWef float,LvWef int)
EXEC spRPT_GetReportData @Type=8,@Param1=@UserID,@strXML=null,@RoleID=@RoleID set @query=''  SELECT DT.CostCenterID,DT.DocumentName,DT.DocumentType,DT.IsInventory,count(*) CNT
FROM (
 SELECT INV.CostCenterID
FROM INV_DocDetails INV with(nolock)''
if(@where<>'''')
	set @query=@query+'' join com_docccdata d with(nolock) on INV.INVDocDetailsid=d.INVDocDetailsid''	

set @query=@query+'' ,#TblUsrWF WF
WHERE WF.WID=INV.WorkflowID and (WF.LevelID>INV.WorkFlowLevel or (WF.LevelID+1=INV.WorkFlowLevel and INV.StatusID=372)) and (INV.StatusID=371 or INV.StatusID=372 or INV.StatusID=441) AND (WF.Type=1 or (INV.WorkFlowLevel+1=WF.LevelID and INV.StatusID!=372) or (WF.LevelID+1=INV.WorkFlowLevel and INV.StatusID=372) or (WF.CtWef is not null and INV.WorkFlowLevel>=WF.LvWef
and INV.CreatedDate+WF.CtWef<=convert(float,getdate()))) ''+@where+''
GROUP BY INV.CostCenterID,INV.VoucherNo
UNION ALL
SELECT ACC.CostCenterID
FROM ACC_DocDetails ACC with(nolock)''
if(@where<>'''')
	set @query=@query+'' join com_docccdata d with(nolock) on ACC.ACCDocDetailsid=d.ACCDocDetailsid''	

set @query=@query+'',#TblUsrWF WF
WHERE ACC.LinkedAccDocDetailsID is null and ACC.InvDocDetailsID is null and WF.WID=ACC.WorkflowID and (WF.LevelID>ACC.WorkFlowLevel or (WF.LevelID+1=ACC.WorkFlowLevel and ACC.StatusID=372)) and (ACC.StatusID=371 or ACC.StatusID=372 or ACC.StatusID=441) AND (WF.Type=1 or (ACC.WorkFlowLevel+1=WF.LevelID and ACC.StatusID!=372) or (WF.LevelID+1=ACC.WorkFlowLevel and ACC.StatusID=372) or (WF.CtWef is not null and ACC.WorkFlowLevel>=WF.LvWef
and ACC.CreatedDate+WF.CtWef<=convert(float,getdate())))''+@where+''
GROUP BY ACC.CostCenterID,ACC.VoucherNo  ) AS T
JOIN ADM_DocumentTypes DT with(nolock) ON T.CostCenterID=DT.CostCenterID
GROUP BY DT.CostCenterID,DT.DocumentName,DT.DocumentType,DT.IsInventory  
UNION ALL
SELECT DT.FeatureID CostCenterID,DT.Name DocumentName,-DT.FeatureID DocumentType,0 IsInventory,count(*) CNT
FROM (
SELECT INV.CostCenterID FROM REN_Contract INV WITH(NOLOCK),#TblUsrWF WF
WHERE  WF.WID=INV.WorkflowID and WF.LevelID>INV.WorkFlowLevel and (INV.StatusID=440 or INV.StatusID=470 or INV.StatusID=466) AND (WF.Type=1 or (INV.WorkFlowLevel+1=WF.LevelID and INV.StatusID!=470)  or (WF.CtWef is not null and INV.WorkFlowLevel>=WF.LvWef
 and INV.CreatedDate+WF.CtWef<=convert(float,getdate()))) AND INV.RefContractID=0 ) AS T
JOIN ADM_Features DT with(nolock) ON T.CostCenterID=DT.FeatureID
GROUP BY DT.FeatureID,DT.Name 
ORDER BY DocumentName''
exec(@query)

DROP TABLE #TblUsrWF
'
 ,1
 ,1
[System: 192.168.1.65] DEBUG | 11-11-2025 15:49:47.477 | General Service|:: CompanyIndex:162 SpName: spADM_GetDataSet 
 'select * from COM_TokenHistory WITH(NOLOCK) where JwtToken=''eyJhbGciOiJIUzI1NiIsInR5cCI6IkpXVCJ9.eyJ1bmlxdWVfbmFtZSI6ImFkbWluLDEsMTYyLDEiLCJuYmYiOjE3NjI4NTYxODgsImV4cCI6MTc2Mjg4NDk4OCwiaWF0IjoxNzYyODU2MTg4fQ.N63qdeP5e0bHwmKO1iVHOjepB5gGaFcNk6pGeX9L40w'''
 ,1
 ,1
[System: 192.168.1.65] DEBUG | 11-11-2025 15:49:51.664 | General Service|:: CompanyIndex:162 SpName: spADM_GetDataSet 
 'declare @UserID int,@RoleID int,@UserName NVARCHAR(100),@where nvarchar(max),@query nvarchar(max)
set @UserID=1
set @RoleID=1-- Employee:-1
SELECT @UserName=UserName From ADM_Users WITH(NOLOCK) WHERE UserID=@UserID
exec [fnGet_GetAssignedDims] @UserID,@RoleID,@where output
 create table #TblUsrWF(WID int,LevelID int,Type int,CtWef float,LvWef int)
EXEC spRPT_GetReportData @Type=8,@Param1=@UserID,@strXML=null,@RoleID=@RoleID set @query=''  SELECT DT.CostCenterID,DT.DocumentName,DT.DocumentType,DT.IsInventory,count(*) CNT
FROM (
 SELECT INV.CostCenterID
FROM INV_DocDetails INV with(nolock)''
if(@where<>'''')
	set @query=@query+'' join com_docccdata d with(nolock) on INV.INVDocDetailsid=d.INVDocDetailsid''	

set @query=@query+'' ,#TblUsrWF WF
WHERE WF.WID=INV.WorkflowID and (WF.LevelID>INV.WorkFlowLevel or (WF.LevelID+1=INV.WorkFlowLevel and INV.StatusID=372)) and (INV.StatusID=371 or INV.StatusID=372 or INV.StatusID=441) AND (WF.Type=1 or (INV.WorkFlowLevel+1=WF.LevelID and INV.StatusID!=372) or (WF.LevelID+1=INV.WorkFlowLevel and INV.StatusID=372) or (WF.CtWef is not null and INV.WorkFlowLevel>=WF.LvWef
and INV.CreatedDate+WF.CtWef<=convert(float,getdate()))) ''+@where+''
GROUP BY INV.CostCenterID,INV.VoucherNo
UNION ALL
SELECT ACC.CostCenterID
FROM ACC_DocDetails ACC with(nolock)''
if(@where<>'''')
	set @query=@query+'' join com_docccdata d with(nolock) on ACC.ACCDocDetailsid=d.ACCDocDetailsid''	

set @query=@query+'',#TblUsrWF WF
WHERE ACC.LinkedAccDocDetailsID is null and ACC.InvDocDetailsID is null and WF.WID=ACC.WorkflowID and (WF.LevelID>ACC.WorkFlowLevel or (WF.LevelID+1=ACC.WorkFlowLevel and ACC.StatusID=372)) and (ACC.StatusID=371 or ACC.StatusID=372 or ACC.StatusID=441) AND (WF.Type=1 or (ACC.WorkFlowLevel+1=WF.LevelID and ACC.StatusID!=372) or (WF.LevelID+1=ACC.WorkFlowLevel and ACC.StatusID=372) or (WF.CtWef is not null and ACC.WorkFlowLevel>=WF.LvWef
and ACC.CreatedDate+WF.CtWef<=convert(float,getdate())))''+@where+''
GROUP BY ACC.CostCenterID,ACC.VoucherNo  ) AS T
JOIN ADM_DocumentTypes DT with(nolock) ON T.CostCenterID=DT.CostCenterID
GROUP BY DT.CostCenterID,DT.DocumentName,DT.DocumentType,DT.IsInventory  
UNION ALL
SELECT DT.FeatureID CostCenterID,DT.Name DocumentName,-DT.FeatureID DocumentType,0 IsInventory,count(*) CNT
FROM (
SELECT INV.CostCenterID FROM REN_Contract INV WITH(NOLOCK),#TblUsrWF WF
WHERE  WF.WID=INV.WorkflowID and WF.LevelID>INV.WorkFlowLevel and (INV.StatusID=440 or INV.StatusID=470 or INV.StatusID=466) AND (WF.Type=1 or (INV.WorkFlowLevel+1=WF.LevelID and INV.StatusID!=470)  or (WF.CtWef is not null and INV.WorkFlowLevel>=WF.LvWef
 and INV.CreatedDate+WF.CtWef<=convert(float,getdate()))) AND INV.RefContractID=0 ) AS T
JOIN ADM_Features DT with(nolock) ON T.CostCenterID=DT.FeatureID
GROUP BY DT.FeatureID,DT.Name 
ORDER BY DocumentName''
exec(@query)

DROP TABLE #TblUsrWF
'
 ,1
 ,1
[System: 192.168.1.65] DEBUG | 11-11-2025 15:49:51.664 | General Service|:: CompanyIndex:162 SpName: spADM_GetDataSet 
 'select * from COM_TokenHistory WITH(NOLOCK) where JwtToken=''eyJhbGciOiJIUzI1NiIsInR5cCI6IkpXVCJ9.eyJ1bmlxdWVfbmFtZSI6ImFkbWluLDEsMTYyLDEiLCJuYmYiOjE3NjI4NTYxODgsImV4cCI6MTc2Mjg4NDk4OCwiaWF0IjoxNzYyODU2MTg4fQ.N63qdeP5e0bHwmKO1iVHOjepB5gGaFcNk6pGeX9L40w'''
 ,1
 ,1
[System: 192.168.1.65] DEBUG | 11-11-2025 15:49:59.943 | General Service|:: CompanyIndex:162 SpName: spCom_GetCostCenterQuickViewDefn 
 200
 ,'352'
 ,200
 ,1
 ,1
 ,1
[System: 192.168.1.65] DEBUG | 11-11-2025 15:49:59.943 | General Service|:: CompanyIndex:162 SpName: spADM_GetDataSet 
 'select * from COM_TokenHistory WITH(NOLOCK) where JwtToken=''eyJhbGciOiJIUzI1NiIsInR5cCI6IkpXVCJ9.eyJ1bmlxdWVfbmFtZSI6ImFkbWluLDEsMTYyLDEiLCJuYmYiOjE3NjI4NTYxODgsImV4cCI6MTc2Mjg4NDk4OCwiaWF0IjoxNzYyODU2MTg4fQ.N63qdeP5e0bHwmKO1iVHOjepB5gGaFcNk6pGeX9L40w'''
 ,1
 ,1
[System: 192.168.1.65] DEBUG | 11-11-2025 15:50:52.222 | General Service|:: CompanyIndex:162 SpName: spADM_GetDataSet 
 'declare @UserID int,@RoleID int,@UserName NVARCHAR(100),@where nvarchar(max),@query nvarchar(max)
set @UserID=1
set @RoleID=1-- Employee:-1
SELECT @UserName=UserName From ADM_Users WITH(NOLOCK) WHERE UserID=@UserID
exec [fnGet_GetAssignedDims] @UserID,@RoleID,@where output
 create table #TblUsrWF(WID int,LevelID int,Type int,CtWef float,LvWef int)
EXEC spRPT_GetReportData @Type=8,@Param1=@UserID,@strXML=null,@RoleID=@RoleID set @query=''  SELECT DT.CostCenterID,DT.DocumentName,DT.DocumentType,DT.IsInventory,count(*) CNT
FROM (
 SELECT INV.CostCenterID
FROM INV_DocDetails INV with(nolock)''
if(@where<>'''')
	set @query=@query+'' join com_docccdata d with(nolock) on INV.INVDocDetailsid=d.INVDocDetailsid''	

set @query=@query+'' ,#TblUsrWF WF
WHERE WF.WID=INV.WorkflowID and (WF.LevelID>INV.WorkFlowLevel or (WF.LevelID+1=INV.WorkFlowLevel and INV.StatusID=372)) and (INV.StatusID=371 or INV.StatusID=372 or INV.StatusID=441) AND (WF.Type=1 or (INV.WorkFlowLevel+1=WF.LevelID and INV.StatusID!=372) or (WF.LevelID+1=INV.WorkFlowLevel and INV.StatusID=372) or (WF.CtWef is not null and INV.WorkFlowLevel>=WF.LvWef
and INV.CreatedDate+WF.CtWef<=convert(float,getdate()))) ''+@where+''
GROUP BY INV.CostCenterID,INV.VoucherNo
UNION ALL
SELECT ACC.CostCenterID
FROM ACC_DocDetails ACC with(nolock)''
if(@where<>'''')
	set @query=@query+'' join com_docccdata d with(nolock) on ACC.ACCDocDetailsid=d.ACCDocDetailsid''	

set @query=@query+'',#TblUsrWF WF
WHERE ACC.LinkedAccDocDetailsID is null and ACC.InvDocDetailsID is null and WF.WID=ACC.WorkflowID and (WF.LevelID>ACC.WorkFlowLevel or (WF.LevelID+1=ACC.WorkFlowLevel and ACC.StatusID=372)) and (ACC.StatusID=371 or ACC.StatusID=372 or ACC.StatusID=441) AND (WF.Type=1 or (ACC.WorkFlowLevel+1=WF.LevelID and ACC.StatusID!=372) or (WF.LevelID+1=ACC.WorkFlowLevel and ACC.StatusID=372) or (WF.CtWef is not null and ACC.WorkFlowLevel>=WF.LvWef
and ACC.CreatedDate+WF.CtWef<=convert(float,getdate())))''+@where+''
GROUP BY ACC.CostCenterID,ACC.VoucherNo  ) AS T
JOIN ADM_DocumentTypes DT with(nolock) ON T.CostCenterID=DT.CostCenterID
GROUP BY DT.CostCenterID,DT.DocumentName,DT.DocumentType,DT.IsInventory  
UNION ALL
SELECT DT.FeatureID CostCenterID,DT.Name DocumentName,-DT.FeatureID DocumentType,0 IsInventory,count(*) CNT
FROM (
SELECT INV.CostCenterID FROM REN_Contract INV WITH(NOLOCK),#TblUsrWF WF
WHERE  WF.WID=INV.WorkflowID and WF.LevelID>INV.WorkFlowLevel and (INV.StatusID=440 or INV.StatusID=470 or INV.StatusID=466) AND (WF.Type=1 or (INV.WorkFlowLevel+1=WF.LevelID and INV.StatusID!=470)  or (WF.CtWef is not null and INV.WorkFlowLevel>=WF.LvWef
 and INV.CreatedDate+WF.CtWef<=convert(float,getdate()))) AND INV.RefContractID=0 ) AS T
JOIN ADM_Features DT with(nolock) ON T.CostCenterID=DT.FeatureID
GROUP BY DT.FeatureID,DT.Name 
ORDER BY DocumentName''
exec(@query)

DROP TABLE #TblUsrWF
'
 ,1
 ,1
[System: 192.168.1.65] DEBUG | 11-11-2025 15:50:52.237 | General Service|:: CompanyIndex:162 SpName: spADM_GetDataSet 
 'select * from COM_TokenHistory WITH(NOLOCK) where JwtToken=''eyJhbGciOiJIUzI1NiIsInR5cCI6IkpXVCJ9.eyJ1bmlxdWVfbmFtZSI6ImFkbWluLDEsMTYyLDEiLCJuYmYiOjE3NjI4NTYxODgsImV4cCI6MTc2Mjg4NDk4OCwiaWF0IjoxNzYyODU2MTg4fQ.N63qdeP5e0bHwmKO1iVHOjepB5gGaFcNk6pGeX9L40w'''
 ,1
 ,1
[System: 192.168.1.65] DEBUG | 11-11-2025 15:51:35.722 | General Service|:: CompanyIndex:162 SpName: spCOM_ConfigValues 
 1
 ,'NotifTime'
 ,''
[System: 192.168.1.65] DEBUG | 11-11-2025 15:51:35.722 | General Service|:: CompanyIndex:162 SpName: spADM_GetDataSet 
 'select * from COM_TokenHistory WITH(NOLOCK) where JwtToken=''eyJhbGciOiJIUzI1NiIsInR5cCI6IkpXVCJ9.eyJ1bmlxdWVfbmFtZSI6ImFkbWluLDEsMTYyLDEiLCJuYmYiOjE3NjI4NTYxODgsImV4cCI6MTc2Mjg4NDk4OCwiaWF0IjoxNzYyODU2MTg4fQ.N63qdeP5e0bHwmKO1iVHOjepB5gGaFcNk6pGeX9L40w'''
 ,1
 ,1
[System: 192.168.1.65] DEBUG | 11-11-2025 15:51:51.684 | General Service|:: CompanyIndex:162 SpName: spADM_GetDataSet 
 'declare @UserID int,@RoleID int,@UserName NVARCHAR(100),@where nvarchar(max),@query nvarchar(max)
set @UserID=1
set @RoleID=1-- Employee:-1
SELECT @UserName=UserName From ADM_Users WITH(NOLOCK) WHERE UserID=@UserID
exec [fnGet_GetAssignedDims] @UserID,@RoleID,@where output
 create table #TblUsrWF(WID int,LevelID int,Type int,CtWef float,LvWef int)
EXEC spRPT_GetReportData @Type=8,@Param1=@UserID,@strXML=null,@RoleID=@RoleID set @query=''  SELECT DT.CostCenterID,DT.DocumentName,DT.DocumentType,DT.IsInventory,count(*) CNT
FROM (
 SELECT INV.CostCenterID
FROM INV_DocDetails INV with(nolock)''
if(@where<>'''')
	set @query=@query+'' join com_docccdata d with(nolock) on INV.INVDocDetailsid=d.INVDocDetailsid''	

set @query=@query+'' ,#TblUsrWF WF
WHERE WF.WID=INV.WorkflowID and (WF.LevelID>INV.WorkFlowLevel or (WF.LevelID+1=INV.WorkFlowLevel and INV.StatusID=372)) and (INV.StatusID=371 or INV.StatusID=372 or INV.StatusID=441) AND (WF.Type=1 or (INV.WorkFlowLevel+1=WF.LevelID and INV.StatusID!=372) or (WF.LevelID+1=INV.WorkFlowLevel and INV.StatusID=372) or (WF.CtWef is not null and INV.WorkFlowLevel>=WF.LvWef
and INV.CreatedDate+WF.CtWef<=convert(float,getdate()))) ''+@where+''
GROUP BY INV.CostCenterID,INV.VoucherNo
UNION ALL
SELECT ACC.CostCenterID
FROM ACC_DocDetails ACC with(nolock)''
if(@where<>'''')
	set @query=@query+'' join com_docccdata d with(nolock) on ACC.ACCDocDetailsid=d.ACCDocDetailsid''	

set @query=@query+'',#TblUsrWF WF
WHERE ACC.LinkedAccDocDetailsID is null and ACC.InvDocDetailsID is null and WF.WID=ACC.WorkflowID and (WF.LevelID>ACC.WorkFlowLevel or (WF.LevelID+1=ACC.WorkFlowLevel and ACC.StatusID=372)) and (ACC.StatusID=371 or ACC.StatusID=372 or ACC.StatusID=441) AND (WF.Type=1 or (ACC.WorkFlowLevel+1=WF.LevelID and ACC.StatusID!=372) or (WF.LevelID+1=ACC.WorkFlowLevel and ACC.StatusID=372) or (WF.CtWef is not null and ACC.WorkFlowLevel>=WF.LvWef
and ACC.CreatedDate+WF.CtWef<=convert(float,getdate())))''+@where+''
GROUP BY ACC.CostCenterID,ACC.VoucherNo  ) AS T
JOIN ADM_DocumentTypes DT with(nolock) ON T.CostCenterID=DT.CostCenterID
GROUP BY DT.CostCenterID,DT.DocumentName,DT.DocumentType,DT.IsInventory  
UNION ALL
SELECT DT.FeatureID CostCenterID,DT.Name DocumentName,-DT.FeatureID DocumentType,0 IsInventory,count(*) CNT
FROM (
SELECT INV.CostCenterID FROM REN_Contract INV WITH(NOLOCK),#TblUsrWF WF
WHERE  WF.WID=INV.WorkflowID and WF.LevelID>INV.WorkFlowLevel and (INV.StatusID=440 or INV.StatusID=470 or INV.StatusID=466) AND (WF.Type=1 or (INV.WorkFlowLevel+1=WF.LevelID and INV.StatusID!=470)  or (WF.CtWef is not null and INV.WorkFlowLevel>=WF.LvWef
 and INV.CreatedDate+WF.CtWef<=convert(float,getdate()))) AND INV.RefContractID=0 ) AS T
JOIN ADM_Features DT with(nolock) ON T.CostCenterID=DT.FeatureID
GROUP BY DT.FeatureID,DT.Name 
ORDER BY DocumentName''
exec(@query)

DROP TABLE #TblUsrWF
'
 ,1
 ,1
[System: 192.168.1.65] DEBUG | 11-11-2025 15:51:51.684 | General Service|:: CompanyIndex:162 SpName: spADM_GetDataSet 
 'select * from COM_TokenHistory WITH(NOLOCK) where JwtToken=''eyJhbGciOiJIUzI1NiIsInR5cCI6IkpXVCJ9.eyJ1bmlxdWVfbmFtZSI6ImFkbWluLDEsMTYyLDEiLCJuYmYiOjE3NjI4NTYxODgsImV4cCI6MTc2Mjg4NDk4OCwiaWF0IjoxNzYyODU2MTg4fQ.N63qdeP5e0bHwmKO1iVHOjepB5gGaFcNk6pGeX9L40w'''
 ,1
 ,1
[System: 192.168.1.65] DEBUG | 11-11-2025 15:52:51.664 | General Service|:: CompanyIndex:162 SpName: spADM_GetDataSet 
 'declare @UserID int,@RoleID int,@UserName NVARCHAR(100),@where nvarchar(max),@query nvarchar(max)
set @UserID=1
set @RoleID=1-- Employee:-1
SELECT @UserName=UserName From ADM_Users WITH(NOLOCK) WHERE UserID=@UserID
exec [fnGet_GetAssignedDims] @UserID,@RoleID,@where output
 create table #TblUsrWF(WID int,LevelID int,Type int,CtWef float,LvWef int)
EXEC spRPT_GetReportData @Type=8,@Param1=@UserID,@strXML=null,@RoleID=@RoleID set @query=''  SELECT DT.CostCenterID,DT.DocumentName,DT.DocumentType,DT.IsInventory,count(*) CNT
FROM (
 SELECT INV.CostCenterID
FROM INV_DocDetails INV with(nolock)''
if(@where<>'''')
	set @query=@query+'' join com_docccdata d with(nolock) on INV.INVDocDetailsid=d.INVDocDetailsid''	

set @query=@query+'' ,#TblUsrWF WF
WHERE WF.WID=INV.WorkflowID and (WF.LevelID>INV.WorkFlowLevel or (WF.LevelID+1=INV.WorkFlowLevel and INV.StatusID=372)) and (INV.StatusID=371 or INV.StatusID=372 or INV.StatusID=441) AND (WF.Type=1 or (INV.WorkFlowLevel+1=WF.LevelID and INV.StatusID!=372) or (WF.LevelID+1=INV.WorkFlowLevel and INV.StatusID=372) or (WF.CtWef is not null and INV.WorkFlowLevel>=WF.LvWef
and INV.CreatedDate+WF.CtWef<=convert(float,getdate()))) ''+@where+''
GROUP BY INV.CostCenterID,INV.VoucherNo
UNION ALL
SELECT ACC.CostCenterID
FROM ACC_DocDetails ACC with(nolock)''
if(@where<>'''')
	set @query=@query+'' join com_docccdata d with(nolock) on ACC.ACCDocDetailsid=d.ACCDocDetailsid''	

set @query=@query+'',#TblUsrWF WF
WHERE ACC.LinkedAccDocDetailsID is null and ACC.InvDocDetailsID is null and WF.WID=ACC.WorkflowID and (WF.LevelID>ACC.WorkFlowLevel or (WF.LevelID+1=ACC.WorkFlowLevel and ACC.StatusID=372)) and (ACC.StatusID=371 or ACC.StatusID=372 or ACC.StatusID=441) AND (WF.Type=1 or (ACC.WorkFlowLevel+1=WF.LevelID and ACC.StatusID!=372) or (WF.LevelID+1=ACC.WorkFlowLevel and ACC.StatusID=372) or (WF.CtWef is not null and ACC.WorkFlowLevel>=WF.LvWef
and ACC.CreatedDate+WF.CtWef<=convert(float,getdate())))''+@where+''
GROUP BY ACC.CostCenterID,ACC.VoucherNo  ) AS T
JOIN ADM_DocumentTypes DT with(nolock) ON T.CostCenterID=DT.CostCenterID
GROUP BY DT.CostCenterID,DT.DocumentName,DT.DocumentType,DT.IsInventory  
UNION ALL
SELECT DT.FeatureID CostCenterID,DT.Name DocumentName,-DT.FeatureID DocumentType,0 IsInventory,count(*) CNT
FROM (
SELECT INV.CostCenterID FROM REN_Contract INV WITH(NOLOCK),#TblUsrWF WF
WHERE  WF.WID=INV.WorkflowID and WF.LevelID>INV.WorkFlowLevel and (INV.StatusID=440 or INV.StatusID=470 or INV.StatusID=466) AND (WF.Type=1 or (INV.WorkFlowLevel+1=WF.LevelID and INV.StatusID!=470)  or (WF.CtWef is not null and INV.WorkFlowLevel>=WF.LvWef
 and INV.CreatedDate+WF.CtWef<=convert(float,getdate()))) AND INV.RefContractID=0 ) AS T
JOIN ADM_Features DT with(nolock) ON T.CostCenterID=DT.FeatureID
GROUP BY DT.FeatureID,DT.Name 
ORDER BY DocumentName''
exec(@query)

DROP TABLE #TblUsrWF
'
 ,1
 ,1
[System: 192.168.1.65] DEBUG | 11-11-2025 15:52:51.664 | General Service|:: CompanyIndex:162 SpName: spADM_GetDataSet 
 'select * from COM_TokenHistory WITH(NOLOCK) where JwtToken=''eyJhbGciOiJIUzI1NiIsInR5cCI6IkpXVCJ9.eyJ1bmlxdWVfbmFtZSI6ImFkbWluLDEsMTYyLDEiLCJuYmYiOjE3NjI4NTYxODgsImV4cCI6MTc2Mjg4NDk4OCwiaWF0IjoxNzYyODU2MTg4fQ.N63qdeP5e0bHwmKO1iVHOjepB5gGaFcNk6pGeX9L40w'''
 ,1
 ,1
[System: 192.168.1.65] DEBUG | 11-11-2025 15:53:52.213 | General Service|:: CompanyIndex:162 SpName: spADM_GetDataSet 
 'declare @UserID int,@RoleID int,@UserName NVARCHAR(100),@where nvarchar(max),@query nvarchar(max)
set @UserID=1
set @RoleID=1-- Employee:-1
SELECT @UserName=UserName From ADM_Users WITH(NOLOCK) WHERE UserID=@UserID
exec [fnGet_GetAssignedDims] @UserID,@RoleID,@where output
 create table #TblUsrWF(WID int,LevelID int,Type int,CtWef float,LvWef int)
EXEC spRPT_GetReportData @Type=8,@Param1=@UserID,@strXML=null,@RoleID=@RoleID set @query=''  SELECT DT.CostCenterID,DT.DocumentName,DT.DocumentType,DT.IsInventory,count(*) CNT
FROM (
 SELECT INV.CostCenterID
FROM INV_DocDetails INV with(nolock)''
if(@where<>'''')
	set @query=@query+'' join com_docccdata d with(nolock) on INV.INVDocDetailsid=d.INVDocDetailsid''	

set @query=@query+'' ,#TblUsrWF WF
WHERE WF.WID=INV.WorkflowID and (WF.LevelID>INV.WorkFlowLevel or (WF.LevelID+1=INV.WorkFlowLevel and INV.StatusID=372)) and (INV.StatusID=371 or INV.StatusID=372 or INV.StatusID=441) AND (WF.Type=1 or (INV.WorkFlowLevel+1=WF.LevelID and INV.StatusID!=372) or (WF.LevelID+1=INV.WorkFlowLevel and INV.StatusID=372) or (WF.CtWef is not null and INV.WorkFlowLevel>=WF.LvWef
and INV.CreatedDate+WF.CtWef<=convert(float,getdate()))) ''+@where+''
GROUP BY INV.CostCenterID,INV.VoucherNo
UNION ALL
SELECT ACC.CostCenterID
FROM ACC_DocDetails ACC with(nolock)''
if(@where<>'''')
	set @query=@query+'' join com_docccdata d with(nolock) on ACC.ACCDocDetailsid=d.ACCDocDetailsid''	

set @query=@query+'',#TblUsrWF WF
WHERE ACC.LinkedAccDocDetailsID is null and ACC.InvDocDetailsID is null and WF.WID=ACC.WorkflowID and (WF.LevelID>ACC.WorkFlowLevel or (WF.LevelID+1=ACC.WorkFlowLevel and ACC.StatusID=372)) and (ACC.StatusID=371 or ACC.StatusID=372 or ACC.StatusID=441) AND (WF.Type=1 or (ACC.WorkFlowLevel+1=WF.LevelID and ACC.StatusID!=372) or (WF.LevelID+1=ACC.WorkFlowLevel and ACC.StatusID=372) or (WF.CtWef is not null and ACC.WorkFlowLevel>=WF.LvWef
and ACC.CreatedDate+WF.CtWef<=convert(float,getdate())))''+@where+''
GROUP BY ACC.CostCenterID,ACC.VoucherNo  ) AS T
JOIN ADM_DocumentTypes DT with(nolock) ON T.CostCenterID=DT.CostCenterID
GROUP BY DT.CostCenterID,DT.DocumentName,DT.DocumentType,DT.IsInventory  
UNION ALL
SELECT DT.FeatureID CostCenterID,DT.Name DocumentName,-DT.FeatureID DocumentType,0 IsInventory,count(*) CNT
FROM (
SELECT INV.CostCenterID FROM REN_Contract INV WITH(NOLOCK),#TblUsrWF WF
WHERE  WF.WID=INV.WorkflowID and WF.LevelID>INV.WorkFlowLevel and (INV.StatusID=440 or INV.StatusID=470 or INV.StatusID=466) AND (WF.Type=1 or (INV.WorkFlowLevel+1=WF.LevelID and INV.StatusID!=470)  or (WF.CtWef is not null and INV.WorkFlowLevel>=WF.LvWef
 and INV.CreatedDate+WF.CtWef<=convert(float,getdate()))) AND INV.RefContractID=0 ) AS T
JOIN ADM_Features DT with(nolock) ON T.CostCenterID=DT.FeatureID
GROUP BY DT.FeatureID,DT.Name 
ORDER BY DocumentName''
exec(@query)

DROP TABLE #TblUsrWF
'
 ,1
 ,1
[System: 192.168.1.65] DEBUG | 11-11-2025 15:53:52.228 | General Service|:: CompanyIndex:162 SpName: spADM_GetDataSet 
 'select * from COM_TokenHistory WITH(NOLOCK) where JwtToken=''eyJhbGciOiJIUzI1NiIsInR5cCI6IkpXVCJ9.eyJ1bmlxdWVfbmFtZSI6ImFkbWluLDEsMTYyLDEiLCJuYmYiOjE3NjI4NTYxODgsImV4cCI6MTc2Mjg4NDk4OCwiaWF0IjoxNzYyODU2MTg4fQ.N63qdeP5e0bHwmKO1iVHOjepB5gGaFcNk6pGeX9L40w'''
 ,1
 ,1
[System: 192.168.1.65] DEBUG | 11-11-2025 15:54:51.781 | General Service|:: CompanyIndex:162 SpName: spADM_GetDataSet 
 'declare @UserID int,@RoleID int,@UserName NVARCHAR(100),@where nvarchar(max),@query nvarchar(max)
set @UserID=1
set @RoleID=1-- Employee:-1
SELECT @UserName=UserName From ADM_Users WITH(NOLOCK) WHERE UserID=@UserID
exec [fnGet_GetAssignedDims] @UserID,@RoleID,@where output
 create table #TblUsrWF(WID int,LevelID int,Type int,CtWef float,LvWef int)
EXEC spRPT_GetReportData @Type=8,@Param1=@UserID,@strXML=null,@RoleID=@RoleID set @query=''  SELECT DT.CostCenterID,DT.DocumentName,DT.DocumentType,DT.IsInventory,count(*) CNT
FROM (
 SELECT INV.CostCenterID
FROM INV_DocDetails INV with(nolock)''
if(@where<>'''')
	set @query=@query+'' join com_docccdata d with(nolock) on INV.INVDocDetailsid=d.INVDocDetailsid''	

set @query=@query+'' ,#TblUsrWF WF
WHERE WF.WID=INV.WorkflowID and (WF.LevelID>INV.WorkFlowLevel or (WF.LevelID+1=INV.WorkFlowLevel and INV.StatusID=372)) and (INV.StatusID=371 or INV.StatusID=372 or INV.StatusID=441) AND (WF.Type=1 or (INV.WorkFlowLevel+1=WF.LevelID and INV.StatusID!=372) or (WF.LevelID+1=INV.WorkFlowLevel and INV.StatusID=372) or (WF.CtWef is not null and INV.WorkFlowLevel>=WF.LvWef
and INV.CreatedDate+WF.CtWef<=convert(float,getdate()))) ''+@where+''
GROUP BY INV.CostCenterID,INV.VoucherNo
UNION ALL
SELECT ACC.CostCenterID
FROM ACC_DocDetails ACC with(nolock)''
if(@where<>'''')
	set @query=@query+'' join com_docccdata d with(nolock) on ACC.ACCDocDetailsid=d.ACCDocDetailsid''	

set @query=@query+'',#TblUsrWF WF
WHERE ACC.LinkedAccDocDetailsID is null and ACC.InvDocDetailsID is null and WF.WID=ACC.WorkflowID and (WF.LevelID>ACC.WorkFlowLevel or (WF.LevelID+1=ACC.WorkFlowLevel and ACC.StatusID=372)) and (ACC.StatusID=371 or ACC.StatusID=372 or ACC.StatusID=441) AND (WF.Type=1 or (ACC.WorkFlowLevel+1=WF.LevelID and ACC.StatusID!=372) or (WF.LevelID+1=ACC.WorkFlowLevel and ACC.StatusID=372) or (WF.CtWef is not null and ACC.WorkFlowLevel>=WF.LvWef
and ACC.CreatedDate+WF.CtWef<=convert(float,getdate())))''+@where+''
GROUP BY ACC.CostCenterID,ACC.VoucherNo  ) AS T
JOIN ADM_DocumentTypes DT with(nolock) ON T.CostCenterID=DT.CostCenterID
GROUP BY DT.CostCenterID,DT.DocumentName,DT.DocumentType,DT.IsInventory  
UNION ALL
SELECT DT.FeatureID CostCenterID,DT.Name DocumentName,-DT.FeatureID DocumentType,0 IsInventory,count(*) CNT
FROM (
SELECT INV.CostCenterID FROM REN_Contract INV WITH(NOLOCK),#TblUsrWF WF
WHERE  WF.WID=INV.WorkflowID and WF.LevelID>INV.WorkFlowLevel and (INV.StatusID=440 or INV.StatusID=470 or INV.StatusID=466) AND (WF.Type=1 or (INV.WorkFlowLevel+1=WF.LevelID and INV.StatusID!=470)  or (WF.CtWef is not null and INV.WorkFlowLevel>=WF.LvWef
 and INV.CreatedDate+WF.CtWef<=convert(float,getdate()))) AND INV.RefContractID=0 ) AS T
JOIN ADM_Features DT with(nolock) ON T.CostCenterID=DT.FeatureID
GROUP BY DT.FeatureID,DT.Name 
ORDER BY DocumentName''
exec(@query)

DROP TABLE #TblUsrWF
'
 ,1
 ,1
[System: 192.168.1.65] DEBUG | 11-11-2025 15:54:51.796 | General Service|:: CompanyIndex:162 SpName: spADM_GetDataSet 
 'select * from COM_TokenHistory WITH(NOLOCK) where JwtToken=''eyJhbGciOiJIUzI1NiIsInR5cCI6IkpXVCJ9.eyJ1bmlxdWVfbmFtZSI6ImFkbWluLDEsMTYyLDEiLCJuYmYiOjE3NjI4NTYxODgsImV4cCI6MTc2Mjg4NDk4OCwiaWF0IjoxNzYyODU2MTg4fQ.N63qdeP5e0bHwmKO1iVHOjepB5gGaFcNk6pGeX9L40w'''
 ,1
 ,1
