[System: 192.168.1.74] DEBUG | 11-13-2025 11:19:36.377 | General Service|:: CompanyIndex:0 SpName: spADM_GetClientUserDetails2C 
 'agelic'
 ,1
 ,0
[System: 192.168.1.74] DEBUG | 11-13-2025 11:20:13.046 | General Service|:: CompanyIndex:0 SpName: spADM_GetClientUserDetails2C 
 'angelic'
 ,1
 ,0
[System: 192.168.1.74] DEBUG | 11-13-2025 11:20:13.139 | General Service|:: CompanyIndex:0 SpName: spADM_UserLoginCheck 
 2
 ,'angelic'
 ,0
 ,'192.168.1.74'
 ,'192.168.1.74'
 ,''
 ,'Web'
 ,1
[System: 192.168.1.74] DEBUG | 11-13-2025 11:20:16.028 | General Service|:: CompanyIndex:348 SpName: spADM_GetClientUserDetails 
 'angelic'
 ,1
 ,'26.8.4'
 ,0
[System: 192.168.1.74] DEBUG | 11-13-2025 11:20:16.216 | General Service|:: CompanyIndex:0 SpName: spADM_UserLoginCheck 
 2
 ,'angelic'
 ,348
 ,'192.168.1.74'
 ,'192.168.1.74'
 ,''
 ,'Web'
 ,1
[System: 192.168.1.74] DEBUG | 11-13-2025 11:20:16.356 | General Service|:: CompanyIndex:0 SpName: spADM_Login 
 1
 ,''
 ,''
 ,''
 ,''
 ,''
 ,348
[System: 192.168.1.74] DEBUG | 11-13-2025 11:20:16.372 | General Service|:: CompanyIndex:348 SpName: spADM_GetDataSet 
 'select Value from ADM_GlobalPreferences with (nolock) where name =''EnableReLogin'''
 ,1
 ,1
[System: 192.168.1.74] DEBUG | 11-13-2025 11:20:16.372 | General Service|:: CompanyIndex:348 SpName: spADM_GetDataSet 
 'select * from COM_TokenHistory WITH(NOLOCK) where JwtToken=''eyJhbGciOiJIUzI1NiIsInR5cCI6IkpXVCJ9.eyJ1bmlxdWVfbmFtZSI6ImFuZ2VsaWMsMTAxMjMsMzQ4LDExMDUiLCJuYmYiOjE3NjMwMTMwMTYsImV4cCI6MTc2MzA0MTgxNiwiaWF0IjoxNzYzMDEzMDE2fQ.Q1JJzgsD8TJ0hldqxZ9LpVXTMANdD85moOE0pQasEHg'''
 ,1
 ,1
[System: 192.168.1.74] DEBUG | 11-13-2025 11:20:16.419 | General Service|:: CompanyIndex:0 SpName: spADM_Login 
 4
 ,''
 ,''
 ,''
 ,'declare @Cnt int,@ExpiredGUID nvarchar(50),@AllowSession int,@GUID nvarchar(50),@CurrDate float,@UserID INT,@Instances INT,@InstancesExists INT,@LCDBIndex int
set @CurrDate= convert(float,dateadd(minute,-21,getdate()))
set @AllowSession=0
set @GUID=''884f704f-06e3-4271-a4b6-25dc2ef1391d''
set @LCDBIndex=0
select top 1 @UserID=UserID,@Instances=InstanceCount from ADM_Users with(nolock) where UserName=''Angelic''
if exists(select [GUID] from ADM_Login with(nolock) where [GUID]=@GUID)
begin
	update ADM_Login 
	set LastAccessTime=convert(float,getdate()),UserID=@UserID
	where [GUID]=@GUID
    set @AllowSession=1
end
else
begin
	select @Cnt=count(*) from ADM_Login with(nolock) where LCDBIndex=@LCDBIndex and [GUID]!=''ACCESSRIGHTS'' and AP =''WEB''
    if(@Cnt<100)
		set @AllowSession=1
	else
	begin
		select top 1 @ExpiredGUID=[GUID] from ADM_Login with(nolock)
		where [GUID]!=''ACCESSRIGHTS'' and LCDBIndex=@LCDBIndex and LastAccessTime<@CurrDate  and AP =''WEB''
        order by LastAccessTime asc
		if @ExpiredGUID is not null
		begin
			delete from ADM_Login where [GUID]=@ExpiredGUID
			set @AllowSession=1
		end
	end
	if @AllowSession=1
	begin
        select @InstancesExists=COUNT(*) from ADM_Login with(nolock)
		where [GUID]!=''ACCESSRIGHTS'' and LCDBIndex=@LCDBIndex and LastAccessTime>=@CurrDate and UserID=@UserID and AP =''WEB''
		if(@Instances!=0 and @Instances<=@InstancesExists)
			set @AllowSession=2
		else
		    INSERT INTO ADM_Login([GUID],[SysName],IPAddress,[Status],LoginTime,LastAccessTime,AccessRights,UserID,DBIndex,LCDBIndex,AP)
		    VALUES(@GUID,''WEB'',''192.168.1.74'',1,convert(float,getdate()),convert(float,getdate()),null,@UserID,348,@LCDBIndex, ''WEB'')
	end
end

select @AllowSession AllowSession,@Instances Instances,@InstancesExists InstancesExists
'
 ,''
 ,0
[System: 192.168.1.74] DEBUG | 11-13-2025 11:20:16.419 | General Service|:: CompanyIndex:348 SpName: spADM_GetDataSet 
 'select * from COM_TokenHistory WITH(NOLOCK) where JwtToken=''eyJhbGciOiJIUzI1NiIsInR5cCI6IkpXVCJ9.eyJ1bmlxdWVfbmFtZSI6ImFuZ2VsaWMsMTAxMjMsMzQ4LDExMDUiLCJuYmYiOjE3NjMwMTMwMTYsImV4cCI6MTc2MzA0MTgxNiwiaWF0IjoxNzYzMDEzMDE2fQ.Q1JJzgsD8TJ0hldqxZ9LpVXTMANdD85moOE0pQasEHg'''
 ,1
 ,1
[System: 192.168.1.74] DEBUG | 11-13-2025 11:20:16.569 | General Service|:: CompanyIndex:348 SpName: spADM_GetDataSet 
 'SELECT (SELECT COUNT(*) FROM COM_Location L WITH(NOLOCK) JOIN COM_Status S WITH(NOLOCK) ON S.StatusID=L.StatusID WHERE L.IsGroup=0 AND S.[Status]=''Active'') ML
,(SELECT COUNT(*) FROM ADM_Features WITH(NOLOCK) WHERE ((FeatureID>50000 AND FeatureID<=50050) OR FeatureID>=51000) AND IsEnabled=1) MD
,(SELECT ISNULL(COUNT(*),0) FROM ADM_RevenUReports WITH(NOLOCK) WHERE IsGroup=0 AND ReportID>10000 AND StaticReportType IN (0,-1)) MR'
 ,10123
 ,1
[System: 192.168.1.74] DEBUG | 11-13-2025 11:20:16.569 | General Service|:: CompanyIndex:348 SpName: spADM_GetDataSet 
 'select * from COM_TokenHistory WITH(NOLOCK) where JwtToken=''eyJhbGciOiJIUzI1NiIsInR5cCI6IkpXVCJ9.eyJ1bmlxdWVfbmFtZSI6ImFuZ2VsaWMsMTAxMjMsMzQ4LDExMDUiLCJuYmYiOjE3NjMwMTMwMTYsImV4cCI6MTc2MzA0MTgxNiwiaWF0IjoxNzYzMDEzMDE2fQ.Q1JJzgsD8TJ0hldqxZ9LpVXTMANdD85moOE0pQasEHg'''
 ,1
 ,1
[System: 192.168.1.74] DEBUG | 11-13-2025 11:20:28.643 | General Service|:: CompanyIndex:348 SpName: spCOM_ConfigValues 
 1
 ,'NotifTime'
 ,''
[System: 192.168.1.74] DEBUG | 11-13-2025 11:20:28.643 | General Service|:: CompanyIndex:348 SpName: spADM_GetDataSet 
 'select * from COM_TokenHistory WITH(NOLOCK) where JwtToken=''eyJhbGciOiJIUzI1NiIsInR5cCI6IkpXVCJ9.eyJ1bmlxdWVfbmFtZSI6ImFuZ2VsaWMsMTAxMjMsMzQ4LDExMDUiLCJuYmYiOjE3NjMwMTMwMTYsImV4cCI6MTc2MzA0MTgxNiwiaWF0IjoxNzYzMDEzMDE2fQ.Q1JJzgsD8TJ0hldqxZ9LpVXTMANdD85moOE0pQasEHg'''
 ,1
 ,1
[System: 192.168.1.74] DEBUG | 11-13-2025 11:20:28.830 | General Service|:: CompanyIndex:348 SpName: spADM_GetRibbonView 
 10123
 ,1105
 ,1
 ,1
 ,0
 ,''
[System: 192.168.1.74] DEBUG | 11-13-2025 11:20:28.846 | General Service|:: CompanyIndex:348 SpName: spADM_GetDataSet 
 'select * from COM_TokenHistory WITH(NOLOCK) where JwtToken=''eyJhbGciOiJIUzI1NiIsInR5cCI6IkpXVCJ9.eyJ1bmlxdWVfbmFtZSI6ImFuZ2VsaWMsMTAxMjMsMzQ4LDExMDUiLCJuYmYiOjE3NjMwMTMwMTYsImV4cCI6MTc2MzA0MTgxNiwiaWF0IjoxNzYzMDEzMDE2fQ.Q1JJzgsD8TJ0hldqxZ9LpVXTMANdD85moOE0pQasEHg'''
 ,1
 ,1
[System: 192.168.1.74] DEBUG | 11-13-2025 11:20:28.908 | General Service|:: CompanyIndex:348 SpName: spADM_GetDashBoard 
 2
 ,0
 ,0
 ,'10123'
 ,'1105'
 ,1
[System: 192.168.1.74] DEBUG | 11-13-2025 11:20:28.908 | General Service|:: CompanyIndex:348 SpName: spADM_GetDataSet 
 'select * from COM_TokenHistory WITH(NOLOCK) where JwtToken=''eyJhbGciOiJIUzI1NiIsInR5cCI6IkpXVCJ9.eyJ1bmlxdWVfbmFtZSI6ImFuZ2VsaWMsMTAxMjMsMzQ4LDExMDUiLCJuYmYiOjE3NjMwMTMwMTYsImV4cCI6MTc2MzA0MTgxNiwiaWF0IjoxNzYzMDEzMDE2fQ.Q1JJzgsD8TJ0hldqxZ9LpVXTMANdD85moOE0pQasEHg'''
 ,1
 ,1
[System: 192.168.1.74] DEBUG | 11-13-2025 11:20:28.924 | General Service|:: CompanyIndex:348 SpName: spCOM_ConfigValues 
 1
 ,'LandingDocs'
 ,'1105'
[System: 192.168.1.74] DEBUG | 11-13-2025 11:20:28.940 | General Service|:: CompanyIndex:348 SpName: spADM_GetDataSet 
 'select * from COM_TokenHistory WITH(NOLOCK) where JwtToken=''eyJhbGciOiJIUzI1NiIsInR5cCI6IkpXVCJ9.eyJ1bmlxdWVfbmFtZSI6ImFuZ2VsaWMsMTAxMjMsMzQ4LDExMDUiLCJuYmYiOjE3NjMwMTMwMTYsImV4cCI6MTc2MzA0MTgxNiwiaWF0IjoxNzYzMDEzMDE2fQ.Q1JJzgsD8TJ0hldqxZ9LpVXTMANdD85moOE0pQasEHg'''
 ,1
 ,1
[System: 192.168.1.74] DEBUG | 11-13-2025 11:20:29.002 | General Service|:: CompanyIndex:348 SpName: spADM_GetAllListViewsDef 
 10123
 ,1
[System: 192.168.1.74] DEBUG | 11-13-2025 11:20:29.002 | General Service|:: CompanyIndex:348 SpName: spADM_GetDataSet 
 'select * from COM_TokenHistory WITH(NOLOCK) where JwtToken=''eyJhbGciOiJIUzI1NiIsInR5cCI6IkpXVCJ9.eyJ1bmlxdWVfbmFtZSI6ImFuZ2VsaWMsMTAxMjMsMzQ4LDExMDUiLCJuYmYiOjE3NjMwMTMwMTYsImV4cCI6MTc2MzA0MTgxNiwiaWF0IjoxNzYzMDEzMDE2fQ.Q1JJzgsD8TJ0hldqxZ9LpVXTMANdD85moOE0pQasEHg'''
 ,1
 ,1
[System: 192.168.1.74] DEBUG | 11-13-2025 11:20:29.143 | General Service|:: CompanyIndex:348 SpName: spADM_GetAllListViewsDef 
 10123
 ,1
[System: 192.168.1.74] DEBUG | 11-13-2025 11:20:29.143 | General Service|:: CompanyIndex:348 SpName: spADM_GetDataSet 
 'select * from COM_TokenHistory WITH(NOLOCK) where JwtToken=''eyJhbGciOiJIUzI1NiIsInR5cCI6IkpXVCJ9.eyJ1bmlxdWVfbmFtZSI6ImFuZ2VsaWMsMTAxMjMsMzQ4LDExMDUiLCJuYmYiOjE3NjMwMTMwMTYsImV4cCI6MTc2MzA0MTgxNiwiaWF0IjoxNzYzMDEzMDE2fQ.Q1JJzgsD8TJ0hldqxZ9LpVXTMANdD85moOE0pQasEHg'''
 ,1
 ,1
[System: 192.168.1.74] DEBUG | 11-13-2025 11:20:29.299 | General Service|:: CompanyIndex:348 SpName: spADM_GetDataSet 
 'Select CostCenterID,CostCenterColID,CostCenterName,SysTableName,UserColumnName,SysColumnName,ISNULL(UserDefaultValue,'''') UserDefaultValue
From AdM_CostCenterDef WITH(NOLOCK)
Where SysColumnName IN(''CreditAccount'',''DebitAccount'',''ProductID'') 
AND CostCenterID>40000 AND CostCenterID<50000 

SELECT * FROM ADM_Features WITH(NOLOCK) '
 ,10123
 ,1
[System: 192.168.1.74] DEBUG | 11-13-2025 11:20:29.299 | General Service|:: CompanyIndex:348 SpName: spADM_GetDataSet 
 'select * from COM_TokenHistory WITH(NOLOCK) where JwtToken=''eyJhbGciOiJIUzI1NiIsInR5cCI6IkpXVCJ9.eyJ1bmlxdWVfbmFtZSI6ImFuZ2VsaWMsMTAxMjMsMzQ4LDExMDUiLCJuYmYiOjE3NjMwMTMwMTYsImV4cCI6MTc2MzA0MTgxNiwiaWF0IjoxNzYzMDEzMDE2fQ.Q1JJzgsD8TJ0hldqxZ9LpVXTMANdD85moOE0pQasEHg'''
 ,1
 ,1
[System: 192.168.1.74] DEBUG | 11-13-2025 11:20:29.361 | General Service|:: CompanyIndex:348 SpName: spADM_GetDataSet 
 '  SELECT * FROM PAY_PayrollPreferences WITH(NOLOCK) '
 ,10123
 ,1
[System: 192.168.1.74] DEBUG | 11-13-2025 11:20:29.361 | General Service|:: CompanyIndex:348 SpName: spADM_GetDataSet 
 'select * from COM_TokenHistory WITH(NOLOCK) where JwtToken=''eyJhbGciOiJIUzI1NiIsInR5cCI6IkpXVCJ9.eyJ1bmlxdWVfbmFtZSI6ImFuZ2VsaWMsMTAxMjMsMzQ4LDExMDUiLCJuYmYiOjE3NjMwMTMwMTYsImV4cCI6MTc2MzA0MTgxNiwiaWF0IjoxNzYzMDEzMDE2fQ.Q1JJzgsD8TJ0hldqxZ9LpVXTMANdD85moOE0pQasEHg'''
 ,1
 ,1
[System: 192.168.1.74] DEBUG | 11-13-2025 11:20:29.455 | General Service|:: CompanyIndex:348 SpName: spADM_GetDataSet 
 '  --0
                                Select * FROM COM_CC50051 WITH(NOLOCK) WHERE IsGroup=0 AND LoginUserID=''Angelic''
                                --1                                
                                Select * FROM COM_CC50051 WITH(NOLOCK) WHERE RptManager IN (Select NodeID FROM COM_CC50051 WITH(NOLOCK) WHERE IsGroup=0 AND LoginUserID=''Angelic'')
                                UNION ALL
                                Select * FROM COM_CC50051 WITH(NOLOCK) WHERE RptManager IN 
                                (
	                                Select NodeID FROM COM_CC50051 WITH(NOLOCK) 
	                                WHERE IsGroup=0 AND LoginUserID IN
	                                (
	                                SELECT fe.LoginUserID
	                                FROM INV_DocDetails a WITH(NOLOCK) 
	                                JOIN COM_DocCCData b WITH(NOLOCK) ON b.InvDocDetailsID=a.InvDocDetailsID
	                                JOIN COM_DocNumData c WITH(NOLOCK) ON c.InvDocDetailsID=a.InvDocDetailsID
	                                JOIN COM_DocTextData d WITH(NOLOCK) ON d.InvDocDetailsID=a.InvDocDetailsID
	                                JOIN COM_CC50051 fe WITH(NOLOCK) on fe.NodeID=b.dcCCNID51
	                                JOIN COM_CC50051 te WITH(NOLOCK) on CONVERT(NVARCHAR,te.NodeID)=d.dcAlpha1
	                                WHERE a.CostCenterID=40098 and a.StatusID=369 AND d.dcAlpha3=''Temporary''
	                                AND te.LoginUserID=''Angelic'' 
	                                AND ISDATE(d.dcAlpha4)=1 AND ISDATE(d.dcAlpha5)=1 
	                                AND CONVERT(DATETIME,''13 Nov 2025'') BETWEEN CONVERT(DATETIME,d.dcAlpha4) AND CONVERT(DATETIME,d.dcAlpha5)
	                                )
                                )
                                --2
                                Select * FROM ADM_USERS WITH(NOLOCK) WHERE USERID=10123
                                --3
                                Select * FROM COM_CostCenterCostCenterMap WITH(NOLOCK) WHERE ParentCostCenterID=7 AND ParentNodeID=10123
                                --4                                
                                Select * FROM COM_CostCenterCostCenterMap WITH(NOLOCK) WHERE ParentCostCenterID=7 AND ParentNodeID=10123
                                AND CostCenterID IN(Select ColumnCostCenterID From ADM_CostCenterDef Where CostCenterID=50051 AND IsColumnInUse=1 AND SysColumnName LIKE ''CCNID%'')
                                --5
                                Select * from COM_Files WITH(NOLOCK) WHERE FeatureID=50051 AND FeaturePK IN (Select NodeID FROM COM_CC50051 WITH(NOLOCK) WHERE IsGroup=0 AND LoginUserID=''Angelic'')                         
'
 ,10123
 ,1
[System: 192.168.1.74] DEBUG | 11-13-2025 11:20:29.455 | General Service|:: CompanyIndex:348 SpName: spADM_GetDataSet 
 'select * from COM_TokenHistory WITH(NOLOCK) where JwtToken=''eyJhbGciOiJIUzI1NiIsInR5cCI6IkpXVCJ9.eyJ1bmlxdWVfbmFtZSI6ImFuZ2VsaWMsMTAxMjMsMzQ4LDExMDUiLCJuYmYiOjE3NjMwMTMwMTYsImV4cCI6MTc2MzA0MTgxNiwiaWF0IjoxNzYzMDEzMDE2fQ.Q1JJzgsD8TJ0hldqxZ9LpVXTMANdD85moOE0pQasEHg'''
 ,1
 ,1
[System: 192.168.1.74] DEBUG | 11-13-2025 11:20:29.471 | General Service|:: CompanyIndex:348 SpName: spADM_GetDataSet 
 'UPDATE C SET STATUSID=CASE WHEN ResignType=''Resigned'' THEN 302 WHEN ResignType=''Terminated With Cause'' THEN 303 WHEN ResignType=''Terminated Without Cause'' THEN 304 END 
                            FROM COM_CC50051 C WITH(NOLOCK)
                            WHERE ResignStatus=''Posted'' AND ResignType NOT IN(''Pending'',''Rejected'') 
                            AND DOResign IS NOT NULL AND DORelieve IS NOT NULL
                            AND STATUSID NOT IN(302,303,304)
                            AND DATEDIFF(D,GETDATE(),DORelieve)<0'
 ,10123
 ,1
[System: 192.168.1.74] DEBUG | 11-13-2025 11:20:29.486 | General Service|:: CompanyIndex:348 SpName: spADM_GetDataSet 
 'select * from COM_TokenHistory WITH(NOLOCK) where JwtToken=''eyJhbGciOiJIUzI1NiIsInR5cCI6IkpXVCJ9.eyJ1bmlxdWVfbmFtZSI6ImFuZ2VsaWMsMTAxMjMsMzQ4LDExMDUiLCJuYmYiOjE3NjMwMTMwMTYsImV4cCI6MTc2MzA0MTgxNiwiaWF0IjoxNzYzMDEzMDE2fQ.Q1JJzgsD8TJ0hldqxZ9LpVXTMANdD85moOE0pQasEHg'''
 ,1
 ,1
[System: 192.168.1.74] DEBUG | 11-13-2025 11:20:29.861 | General Service|:: CompanyIndex:348 SpName: spCOM_GetFavorites 
 'GETLIST0'
 ,0
 ,'10123'
 ,'1105'
 ,1
[System: 192.168.1.74] DEBUG | 11-13-2025 11:20:29.861 | General Service|:: CompanyIndex:348 SpName: spADM_GetDataSet 
 'select * from COM_TokenHistory WITH(NOLOCK) where JwtToken=''eyJhbGciOiJIUzI1NiIsInR5cCI6IkpXVCJ9.eyJ1bmlxdWVfbmFtZSI6ImFuZ2VsaWMsMTAxMjMsMzQ4LDExMDUiLCJuYmYiOjE3NjMwMTMwMTYsImV4cCI6MTc2MzA0MTgxNiwiaWF0IjoxNzYzMDEzMDE2fQ.Q1JJzgsD8TJ0hldqxZ9LpVXTMANdD85moOE0pQasEHg'''
 ,1
 ,1
[System: 192.168.1.74] DEBUG | 11-13-2025 11:20:29.877 | General Service|:: CompanyIndex:348 SpName: spCOM_GetFavorites 
 'VIEW'
 ,26390
 ,'10123'
 ,'1105'
 ,1
[System: 192.168.1.74] DEBUG | 11-13-2025 11:20:29.877 | General Service|:: CompanyIndex:348 SpName: spADM_GetDataSet 
 'select * from COM_TokenHistory WITH(NOLOCK) where JwtToken=''eyJhbGciOiJIUzI1NiIsInR5cCI6IkpXVCJ9.eyJ1bmlxdWVfbmFtZSI6ImFuZ2VsaWMsMTAxMjMsMzQ4LDExMDUiLCJuYmYiOjE3NjMwMTMwMTYsImV4cCI6MTc2MzA0MTgxNiwiaWF0IjoxNzYzMDEzMDE2fQ.Q1JJzgsD8TJ0hldqxZ9LpVXTMANdD85moOE0pQasEHg'''
 ,1
 ,1
[System: 192.168.1.74] DEBUG | 11-13-2025 11:20:30.252 | General Service|:: CompanyIndex:348 SpName: spADM_GetDataSet 
 'declare @UserID int,@RoleID int,@UserName NVARCHAR(100),@where nvarchar(max),@query nvarchar(max)
set @UserID=10123
set @RoleID=1105-- Employee:-1
SELECT @UserName=UserName From ADM_Users WITH(NOLOCK) WHERE UserID=@UserID
exec [fnGet_GetAssignedDims] @UserID,@RoleID,@where output
 create table #TblUsrWF(WID int,LevelID int,Type int,CtWef float,LvWef int)
EXEC spRPT_GetReportData @Type=8,@Param1=@UserID,@strXML=null,@RoleID=@RoleID set @query=''  SELECT DT.CostCenterID,DT.DocumentName,DT.DocumentType,DT.IsInventory,count(*) CNT
FROM (
 SELECT INV.CostCenterID
FROM INV_DocDetails INV with(nolock)''
if(@where<>'''')
	set @query=@query+'' join com_docccdata d with(nolock) on INV.INVDocDetailsid=d.INVDocDetailsid''	

set @query=@query+'' ,#TblUsrWF WF
WHERE WF.WID=INV.WorkflowID and (WF.LevelID>INV.WorkFlowLevel or (WF.LevelID+1=INV.WorkFlowLevel and INV.StatusID=372)) and (INV.StatusID=371 or INV.StatusID=372 or INV.StatusID=441) AND (WF.Type=1 or (INV.WorkFlowLevel+1=WF.LevelID and INV.StatusID!=372) or (WF.LevelID+1=INV.WorkFlowLevel and INV.StatusID=372) or (WF.CtWef is not null and INV.WorkFlowLevel>=WF.LvWef
and INV.CreatedDate+WF.CtWef<=convert(float,getdate()))) ''+@where+''
GROUP BY INV.CostCenterID,INV.VoucherNo
UNION ALL
SELECT ACC.CostCenterID
FROM ACC_DocDetails ACC with(nolock)''
if(@where<>'''')
	set @query=@query+'' join com_docccdata d with(nolock) on ACC.ACCDocDetailsid=d.ACCDocDetailsid''	

set @query=@query+'',#TblUsrWF WF
WHERE ACC.LinkedAccDocDetailsID is null and ACC.InvDocDetailsID is null and WF.WID=ACC.WorkflowID and (WF.LevelID>ACC.WorkFlowLevel or (WF.LevelID+1=ACC.WorkFlowLevel and ACC.StatusID=372)) and (ACC.StatusID=371 or ACC.StatusID=372 or ACC.StatusID=441) AND (WF.Type=1 or (ACC.WorkFlowLevel+1=WF.LevelID and ACC.StatusID!=372) or (WF.LevelID+1=ACC.WorkFlowLevel and ACC.StatusID=372) or (WF.CtWef is not null and ACC.WorkFlowLevel>=WF.LvWef
and ACC.CreatedDate+WF.CtWef<=convert(float,getdate())))''+@where+''
GROUP BY ACC.CostCenterID,ACC.VoucherNo  ) AS T
JOIN ADM_DocumentTypes DT with(nolock) ON T.CostCenterID=DT.CostCenterID
GROUP BY DT.CostCenterID,DT.DocumentName,DT.DocumentType,DT.IsInventory  
UNION ALL
SELECT DT.FeatureID CostCenterID,DT.Name DocumentName,-DT.FeatureID DocumentType,0 IsInventory,count(*) CNT
FROM (
SELECT INV.CostCenterID FROM REN_Contract INV WITH(NOLOCK),#TblUsrWF WF
WHERE  WF.WID=INV.WorkflowID and WF.LevelID>INV.WorkFlowLevel and (INV.StatusID=440 or INV.StatusID=470 or INV.StatusID=466) AND (WF.Type=1 or (INV.WorkFlowLevel+1=WF.LevelID and INV.StatusID!=470)  or (WF.CtWef is not null and INV.WorkFlowLevel>=WF.LvWef
 and INV.CreatedDate+WF.CtWef<=convert(float,getdate()))) AND INV.RefContractID=0 ) AS T
JOIN ADM_Features DT with(nolock) ON T.CostCenterID=DT.FeatureID
GROUP BY DT.FeatureID,DT.Name 
ORDER BY DocumentName''
exec(@query)

DROP TABLE #TblUsrWF
'
 ,10123
 ,1
[System: 192.168.1.74] DEBUG | 11-13-2025 11:20:30.299 | General Service|:: CompanyIndex:348 SpName: spADM_GetDataSet 
 'select * from COM_TokenHistory WITH(NOLOCK) where JwtToken=''eyJhbGciOiJIUzI1NiIsInR5cCI6IkpXVCJ9.eyJ1bmlxdWVfbmFtZSI6ImFuZ2VsaWMsMTAxMjMsMzQ4LDExMDUiLCJuYmYiOjE3NjMwMTMwMTYsImV4cCI6MTc2MzA0MTgxNiwiaWF0IjoxNzYzMDEzMDE2fQ.Q1JJzgsD8TJ0hldqxZ9LpVXTMANdD85moOE0pQasEHg'''
 ,1
 ,1
[System: 192.168.1.74] DEBUG | 11-13-2025 11:20:34.709 | General Service|:: CompanyIndex:348 SpName: spADM_GetCostCenterGridViewList 
 129
 ,10123
 ,1105
 ,1
[System: 192.168.1.74] DEBUG | 11-13-2025 11:20:34.709 | General Service|:: CompanyIndex:348 SpName: spADM_GetDataSet 
 'select * from COM_TokenHistory WITH(NOLOCK) where JwtToken=''eyJhbGciOiJIUzI1NiIsInR5cCI6IkpXVCJ9.eyJ1bmlxdWVfbmFtZSI6ImFuZ2VsaWMsMTAxMjMsMzQ4LDExMDUiLCJuYmYiOjE3NjMwMTMwMTYsImV4cCI6MTc2MzA0MTgxNiwiaWF0IjoxNzYzMDEzMDE2fQ.Q1JJzgsD8TJ0hldqxZ9LpVXTMANdD85moOE0pQasEHg'''
 ,1
 ,1
[System: 192.168.1.74] DEBUG | 11-13-2025 11:20:34.975 | General Service|:: CompanyIndex:348 SpName: spCom_GetCostCenterSummary 
 285
 ,-1
 ,1000
 ,' A.RefQuotation=0 '
 ,''
 ,''
 ,0
 ,'13-Nov-2025'
 ,NULL
 ,''
 ,10123
 ,1
 ,0
 ,0
 ,False
 ,1105
[System: 192.168.1.74] DEBUG | 11-13-2025 11:20:34.990 | General Service|:: CompanyIndex:348 SpName: spADM_GetDataSet 
 'select * from COM_TokenHistory WITH(NOLOCK) where JwtToken=''eyJhbGciOiJIUzI1NiIsInR5cCI6IkpXVCJ9.eyJ1bmlxdWVfbmFtZSI6ImFuZ2VsaWMsMTAxMjMsMzQ4LDExMDUiLCJuYmYiOjE3NjMwMTMwMTYsImV4cCI6MTc2MzA0MTgxNiwiaWF0IjoxNzYzMDEzMDE2fQ.Q1JJzgsD8TJ0hldqxZ9LpVXTMANdD85moOE0pQasEHg'''
 ,1
 ,1
[System: 192.168.1.74] DEBUG | 11-13-2025 11:20:36.718 | General Service|:: CompanyIndex:348 SpName: spCom_GetCostCenterQuickViewDefn 
 129
 ,'1864'
 ,129
 ,10123
 ,1105
 ,1
[System: 192.168.1.74] DEBUG | 11-13-2025 11:20:36.734 | General Service|:: CompanyIndex:348 SpName: spADM_GetDataSet 
 'select * from COM_TokenHistory WITH(NOLOCK) where JwtToken=''eyJhbGciOiJIUzI1NiIsInR5cCI6IkpXVCJ9.eyJ1bmlxdWVfbmFtZSI6ImFuZ2VsaWMsMTAxMjMsMzQ4LDExMDUiLCJuYmYiOjE3NjMwMTMwMTYsImV4cCI6MTc2MzA0MTgxNiwiaWF0IjoxNzYzMDEzMDE2fQ.Q1JJzgsD8TJ0hldqxZ9LpVXTMANdD85moOE0pQasEHg'''
 ,1
 ,1
[System: 192.168.1.74] DEBUG | 11-13-2025 11:20:38.219 | General Service|:: CompanyIndex:348 SpName: spADM_GetCostCenterNodeID 
 50016
 ,'Rent'
 ,'admin'
 ,'GUID'
 ,10123
 ,1105
 ,1
 message=Saved Succesfully
[System: 192.168.1.74] DEBUG | 11-13-2025 11:20:38.219 | General Service|:: CompanyIndex:348 SpName: spADM_GetDataSet 
 'select * from COM_TokenHistory WITH(NOLOCK) where JwtToken=''eyJhbGciOiJIUzI1NiIsInR5cCI6IkpXVCJ9.eyJ1bmlxdWVfbmFtZSI6ImFuZ2VsaWMsMTAxMjMsMzQ4LDExMDUiLCJuYmYiOjE3NjMwMTMwMTYsImV4cCI6MTc2MzA0MTgxNiwiaWF0IjoxNzYzMDEzMDE2fQ.Q1JJzgsD8TJ0hldqxZ9LpVXTMANdD85moOE0pQasEHg'''
 ,1
 ,1
[System: 192.168.1.74] DEBUG | 11-13-2025 11:20:39.281 | General Service|:: CompanyIndex:348 SpName: spCOM_GetCostCenterScreenDetails 
 129
 ,10123
 ,1105
 ,1
[System: 192.168.1.74] DEBUG | 11-13-2025 11:20:39.296 | General Service|:: CompanyIndex:348 SpName: spADM_GetDataSet 
 'select * from COM_TokenHistory WITH(NOLOCK) where JwtToken=''eyJhbGciOiJIUzI1NiIsInR5cCI6IkpXVCJ9.eyJ1bmlxdWVfbmFtZSI6ImFuZ2VsaWMsMTAxMjMsMzQ4LDExMDUiLCJuYmYiOjE3NjMwMTMwMTYsImV4cCI6MTc2MzA0MTgxNiwiaWF0IjoxNzYzMDEzMDE2fQ.Q1JJzgsD8TJ0hldqxZ9LpVXTMANdD85moOE0pQasEHg'''
 ,1
 ,1
[System: 192.168.1.74] DEBUG | 11-13-2025 11:20:39.343 | General Service|:: CompanyIndex:348 SpName: spREN_GetNextContractNo 
 129
 ,0
 ,10123
 ,1
[System: 192.168.1.74] DEBUG | 11-13-2025 11:20:39.359 | General Service|:: CompanyIndex:348 SpName: spADM_GetDataSet 
 'select * from COM_TokenHistory WITH(NOLOCK) where JwtToken=''eyJhbGciOiJIUzI1NiIsInR5cCI6IkpXVCJ9.eyJ1bmlxdWVfbmFtZSI6ImFuZ2VsaWMsMTAxMjMsMzQ4LDExMDUiLCJuYmYiOjE3NjMwMTMwMTYsImV4cCI6MTc2MzA0MTgxNiwiaWF0IjoxNzYzMDEzMDE2fQ.Q1JJzgsD8TJ0hldqxZ9LpVXTMANdD85moOE0pQasEHg'''
 ,1
 ,1
[System: 192.168.1.74] DEBUG | 11-13-2025 11:20:39.468 | General Service|:: CompanyIndex:348 SpName: spCOM_GetDimensionTabGridData 
 129
 ,144
 ,10123
 ,1
[System: 192.168.1.74] DEBUG | 11-13-2025 11:20:39.484 | General Service|:: CompanyIndex:348 SpName: spADM_GetDataSet 
 'select * from COM_TokenHistory WITH(NOLOCK) where JwtToken=''eyJhbGciOiJIUzI1NiIsInR5cCI6IkpXVCJ9.eyJ1bmlxdWVfbmFtZSI6ImFuZ2VsaWMsMTAxMjMsMzQ4LDExMDUiLCJuYmYiOjE3NjMwMTMwMTYsImV4cCI6MTc2MzA0MTgxNiwiaWF0IjoxNzYzMDEzMDE2fQ.Q1JJzgsD8TJ0hldqxZ9LpVXTMANdD85moOE0pQasEHg'''
 ,1
 ,1
[System: 192.168.1.74] DEBUG | 11-13-2025 11:20:39.625 | General Service|:: CompanyIndex:348 SpName: SPCRM_GetActivitiesCustomFields 
 129
 ,0
 ,'Angelic'
 ,10123
 ,1
 ,1105
[System: 192.168.1.74] DEBUG | 11-13-2025 11:20:39.625 | General Service|:: CompanyIndex:348 SpName: spADM_GetDataSet 
 'select * from COM_TokenHistory WITH(NOLOCK) where JwtToken=''eyJhbGciOiJIUzI1NiIsInR5cCI6IkpXVCJ9.eyJ1bmlxdWVfbmFtZSI6ImFuZ2VsaWMsMTAxMjMsMzQ4LDExMDUiLCJuYmYiOjE3NjMwMTMwMTYsImV4cCI6MTc2MzA0MTgxNiwiaWF0IjoxNzYzMDEzMDE2fQ.Q1JJzgsD8TJ0hldqxZ9LpVXTMANdD85moOE0pQasEHg'''
 ,1
 ,1
[System: 192.168.1.74] DEBUG | 11-13-2025 11:20:39.656 | General Service|:: CompanyIndex:348 SpName: spADM_GetDataSet 
 ' select Name,value from [com_Costcenterpreferences] with(nolock) where CostCenterID=1000 '
 ,10123
 ,1
[System: 192.168.1.74] DEBUG | 11-13-2025 11:20:39.656 | General Service|:: CompanyIndex:348 SpName: spADM_GetDataSet 
 'select * from COM_TokenHistory WITH(NOLOCK) where JwtToken=''eyJhbGciOiJIUzI1NiIsInR5cCI6IkpXVCJ9.eyJ1bmlxdWVfbmFtZSI6ImFuZ2VsaWMsMTAxMjMsMzQ4LDExMDUiLCJuYmYiOjE3NjMwMTMwMTYsImV4cCI6MTc2MzA0MTgxNiwiaWF0IjoxNzYzMDEzMDE2fQ.Q1JJzgsD8TJ0hldqxZ9LpVXTMANdD85moOE0pQasEHg'''
 ,1
 ,1
[System: 192.168.1.74] DEBUG | 11-13-2025 11:20:39.671 | General Service|:: CompanyIndex:348 SpName: spADM_GetDataSet 
 'select * from COM_TokenHistory WITH(NOLOCK) where JwtToken=''eyJhbGciOiJIUzI1NiIsInR5cCI6IkpXVCJ9.eyJ1bmlxdWVfbmFtZSI6ImFuZ2VsaWMsMTAxMjMsMzQ4LDExMDUiLCJuYmYiOjE3NjMwMTMwMTYsImV4cCI6MTc2MzA0MTgxNiwiaWF0IjoxNzYzMDEzMDE2fQ.Q1JJzgsD8TJ0hldqxZ9LpVXTMANdD85moOE0pQasEHg'''
 ,1
 ,1
[System: 192.168.1.74] DEBUG | 11-13-2025 11:20:39.796 | General Service|:: CompanyIndex:348 SpName: spCOM_GetWorkFlowScreenDetails 
 NULL
 ,NULL
 ,'10123'
 ,'1105'
 ,1
 ,True
[System: 192.168.1.74] DEBUG | 11-13-2025 11:20:39.812 | General Service|:: CompanyIndex:348 SpName: spADM_GetDataSet 
 'select * from COM_TokenHistory WITH(NOLOCK) where JwtToken=''eyJhbGciOiJIUzI1NiIsInR5cCI6IkpXVCJ9.eyJ1bmlxdWVfbmFtZSI6ImFuZ2VsaWMsMTAxMjMsMzQ4LDExMDUiLCJuYmYiOjE3NjMwMTMwMTYsImV4cCI6MTc2MzA0MTgxNiwiaWF0IjoxNzYzMDEzMDE2fQ.Q1JJzgsD8TJ0hldqxZ9LpVXTMANdD85moOE0pQasEHg'''
 ,1
 ,1
[System: 192.168.1.74] DEBUG | 11-13-2025 11:20:39.828 | General Service|:: CompanyIndex:348 SpName: spADM_GetDataSet 
 'select Name,value from [com_Costcenterpreferences] with(nolock) where CostCenterID=129'
 ,10123
 ,1
[System: 192.168.1.74] DEBUG | 11-13-2025 11:20:39.828 | General Service|:: CompanyIndex:348 SpName: spADM_GetDataSet 
 'select * from COM_TokenHistory WITH(NOLOCK) where JwtToken=''eyJhbGciOiJIUzI1NiIsInR5cCI6IkpXVCJ9.eyJ1bmlxdWVfbmFtZSI6ImFuZ2VsaWMsMTAxMjMsMzQ4LDExMDUiLCJuYmYiOjE3NjMwMTMwMTYsImV4cCI6MTc2MzA0MTgxNiwiaWF0IjoxNzYzMDEzMDE2fQ.Q1JJzgsD8TJ0hldqxZ9LpVXTMANdD85moOE0pQasEHg'''
 ,1
 ,1
[System: 192.168.1.74] DEBUG | 11-13-2025 11:20:39.859 | General Service|:: CompanyIndex:348 SpName: spADM_GetDataSet 
 'SELECT Name from adm_features with(NOLOCK) where featureid=50002'
 ,10123
 ,1
[System: 192.168.1.74] DEBUG | 11-13-2025 11:20:39.859 | General Service|:: CompanyIndex:348 SpName: spADM_GetDataSet 
 'select * from COM_TokenHistory WITH(NOLOCK) where JwtToken=''eyJhbGciOiJIUzI1NiIsInR5cCI6IkpXVCJ9.eyJ1bmlxdWVfbmFtZSI6ImFuZ2VsaWMsMTAxMjMsMzQ4LDExMDUiLCJuYmYiOjE3NjMwMTMwMTYsImV4cCI6MTc2MzA0MTgxNiwiaWF0IjoxNzYzMDEzMDE2fQ.Q1JJzgsD8TJ0hldqxZ9LpVXTMANdD85moOE0pQasEHg'''
 ,1
 ,1
[System: 192.168.1.74] DEBUG | 11-13-2025 11:20:39.874 | General Service|:: CompanyIndex:348 SpName: spADM_GetDataSet 
 'select NodeID,Name from COM_Lookup with(nolock) where status=1 and LookupType=31'
 ,10123
 ,1
[System: 192.168.1.74] DEBUG | 11-13-2025 11:20:39.874 | General Service|:: CompanyIndex:348 SpName: spADM_GetDataSet 
 'select * from COM_TokenHistory WITH(NOLOCK) where JwtToken=''eyJhbGciOiJIUzI1NiIsInR5cCI6IkpXVCJ9.eyJ1bmlxdWVfbmFtZSI6ImFuZ2VsaWMsMTAxMjMsMzQ4LDExMDUiLCJuYmYiOjE3NjMwMTMwMTYsImV4cCI6MTc2MzA0MTgxNiwiaWF0IjoxNzYzMDEzMDE2fQ.Q1JJzgsD8TJ0hldqxZ9LpVXTMANdD85moOE0pQasEHg'''
 ,1
 ,1
[System: 192.168.1.74] DEBUG | 11-13-2025 11:20:39.890 | General Service|:: CompanyIndex:348 SpName: spADM_GetDataSet 
 'SELECT Name from adm_features with(NOLOCK) where featureid=50002'
 ,10123
 ,1
[System: 192.168.1.74] DEBUG | 11-13-2025 11:20:39.890 | General Service|:: CompanyIndex:348 SpName: spADM_GetDataSet 
 'select * from COM_TokenHistory WITH(NOLOCK) where JwtToken=''eyJhbGciOiJIUzI1NiIsInR5cCI6IkpXVCJ9.eyJ1bmlxdWVfbmFtZSI6ImFuZ2VsaWMsMTAxMjMsMzQ4LDExMDUiLCJuYmYiOjE3NjMwMTMwMTYsImV4cCI6MTc2MzA0MTgxNiwiaWF0IjoxNzYzMDEzMDE2fQ.Q1JJzgsD8TJ0hldqxZ9LpVXTMANdD85moOE0pQasEHg'''
 ,1
 ,1
[System: 192.168.1.74] DEBUG | 11-13-2025 11:20:40.656 | General Service|:: CompanyIndex:348 SpName: spREN_GetQuotation 
 1861
 ,1105
 ,10123
 ,1
[System: 192.168.1.74] DEBUG | 11-13-2025 11:20:40.656 | General Service|:: CompanyIndex:348 SpName: spADM_GetDataSet 
 'select * from COM_TokenHistory WITH(NOLOCK) where JwtToken=''eyJhbGciOiJIUzI1NiIsInR5cCI6IkpXVCJ9.eyJ1bmlxdWVfbmFtZSI6ImFuZ2VsaWMsMTAxMjMsMzQ4LDExMDUiLCJuYmYiOjE3NjMwMTMwMTYsImV4cCI6MTc2MzA0MTgxNiwiaWF0IjoxNzYzMDEzMDE2fQ.Q1JJzgsD8TJ0hldqxZ9LpVXTMANdD85moOE0pQasEHg'''
 ,1
 ,1
[System: 192.168.1.74] DEBUG | 11-13-2025 11:20:40.687 | General Service|:: CompanyIndex:348 SpName: spADM_GetDataSet 
 'select ParentNodeID NodeID from COM_CostCenterCostCenterMap where CostCenterID in (8,300) and ParentCostCenterId=50035 and NodeID=129'
 ,10123
 ,1
[System: 192.168.1.74] DEBUG | 11-13-2025 11:20:40.702 | General Service|:: CompanyIndex:348 SpName: spADM_GetDataSet 
 'select * from COM_TokenHistory WITH(NOLOCK) where JwtToken=''eyJhbGciOiJIUzI1NiIsInR5cCI6IkpXVCJ9.eyJ1bmlxdWVfbmFtZSI6ImFuZ2VsaWMsMTAxMjMsMzQ4LDExMDUiLCJuYmYiOjE3NjMwMTMwMTYsImV4cCI6MTc2MzA0MTgxNiwiaWF0IjoxNzYzMDEzMDE2fQ.Q1JJzgsD8TJ0hldqxZ9LpVXTMANdD85moOE0pQasEHg'''
 ,1
 ,1
[System: 192.168.1.74] DEBUG | 11-13-2025 11:20:40.937 | General Service|:: CompanyIndex:348 SpName: spADM_GetCostCenterListViewData 
 426
 ,'a.Name,a.Code'
 ,''
 ,''
 ,'Name'
 ,''
 ,8
 ,False
 ,''
 ,4622
 ,''
 ,''
 ,''
 ,0
 ,False
 ,''
 ,''
 ,'10123'
 ,'1105'
 ,1
[System: 192.168.1.74] DEBUG | 11-13-2025 11:20:40.937 | General Service|:: CompanyIndex:348 SpName: spADM_GetDataSet 
 'select * from COM_TokenHistory WITH(NOLOCK) where JwtToken=''eyJhbGciOiJIUzI1NiIsInR5cCI6IkpXVCJ9.eyJ1bmlxdWVfbmFtZSI6ImFuZ2VsaWMsMTAxMjMsMzQ4LDExMDUiLCJuYmYiOjE3NjMwMTMwMTYsImV4cCI6MTc2MzA0MTgxNiwiaWF0IjoxNzYzMDEzMDE2fQ.Q1JJzgsD8TJ0hldqxZ9LpVXTMANdD85moOE0pQasEHg'''
 ,1
 ,1
[System: 192.168.1.74] DEBUG | 11-13-2025 11:20:41.124 | General Service|:: CompanyIndex:348 SpName: spADM_GetCostCenterListViewData 
 431
 ,'a.Code,a.Name, CC2.Name as CC2Name '
 ,''
 ,' LEFT JOIN COM_CC50070 CC2  WITH(NOLOCK)  on  CC2.NodeID=CC.CCNID70 '
 ,'Code'
 ,''
 ,8
 ,False
 ,''
 ,8058
 ,' a.ISGROUP = 0  and a.Unittype =999 and (a.UnitStatus = 306 or a.UnitStatus is null or   a.UnitStatus =  0 or a.UnitID = 8058) and a.PropertyID = 4622  and ContractID=0 '
 ,''
 ,''
 ,0
 ,False
 ,''
 ,''
 ,'10123'
 ,'1105'
 ,1
[System: 192.168.1.74] DEBUG | 11-13-2025 11:20:41.124 | General Service|:: CompanyIndex:348 SpName: spADM_GetDataSet 
 'select * from COM_TokenHistory WITH(NOLOCK) where JwtToken=''eyJhbGciOiJIUzI1NiIsInR5cCI6IkpXVCJ9.eyJ1bmlxdWVfbmFtZSI6ImFuZ2VsaWMsMTAxMjMsMzQ4LDExMDUiLCJuYmYiOjE3NjMwMTMwMTYsImV4cCI6MTc2MzA0MTgxNiwiaWF0IjoxNzYzMDEzMDE2fQ.Q1JJzgsD8TJ0hldqxZ9LpVXTMANdD85moOE0pQasEHg'''
 ,1
 ,1
[System: 192.168.1.74] DEBUG | 11-13-2025 11:20:41.155 | General Service|:: CompanyIndex:348 SpName: spADM_GetCostCenterListViewData 
 685
 ,'a.Name,a.Code'
 ,''
 ,''
 ,'Name'
 ,''
 ,8
 ,False
 ,''
 ,4
 ,''
 ,''
 ,''
 ,0
 ,False
 ,''
 ,''
 ,'10123'
 ,'1105'
 ,1
[System: 192.168.1.74] DEBUG | 11-13-2025 11:20:41.171 | General Service|:: CompanyIndex:348 SpName: spADM_GetDataSet 
 'select * from COM_TokenHistory WITH(NOLOCK) where JwtToken=''eyJhbGciOiJIUzI1NiIsInR5cCI6IkpXVCJ9.eyJ1bmlxdWVfbmFtZSI6ImFuZ2VsaWMsMTAxMjMsMzQ4LDExMDUiLCJuYmYiOjE3NjMwMTMwMTYsImV4cCI6MTc2MzA0MTgxNiwiaWF0IjoxNzYzMDEzMDE2fQ.Q1JJzgsD8TJ0hldqxZ9LpVXTMANdD85moOE0pQasEHg'''
 ,1
 ,1
[System: 192.168.1.74] DEBUG | 11-13-2025 11:20:41.218 | General Service|:: CompanyIndex:348 SpName: spADM_GetCostCenterListViewData 
 432
 ,'a.FirstName,a.TenantCode'
 ,''
 ,''
 ,'FirstName'
 ,''
 ,8
 ,False
 ,''
 ,16811
 ,''
 ,''
 ,''
 ,0
 ,False
 ,''
 ,''
 ,'10123'
 ,'1105'
 ,1
[System: 192.168.1.74] DEBUG | 11-13-2025 11:20:41.233 | General Service|:: CompanyIndex:348 SpName: spADM_GetDataSet 
 'select * from COM_TokenHistory WITH(NOLOCK) where JwtToken=''eyJhbGciOiJIUzI1NiIsInR5cCI6IkpXVCJ9.eyJ1bmlxdWVfbmFtZSI6ImFuZ2VsaWMsMTAxMjMsMzQ4LDExMDUiLCJuYmYiOjE3NjMwMTMwMTYsImV4cCI6MTc2MzA0MTgxNiwiaWF0IjoxNzYzMDEzMDE2fQ.Q1JJzgsD8TJ0hldqxZ9LpVXTMANdD85moOE0pQasEHg'''
 ,1
 ,1
[System: 192.168.1.74] DEBUG | 11-13-2025 11:20:41.265 | General Service|:: CompanyIndex:348 SpName: spADM_GetCostCenterListViewData 
 282
 ,'a.Name,a.Code'
 ,''
 ,''
 ,'Name'
 ,''
 ,8
 ,False
 ,''
 ,1
 ,''
 ,''
 ,''
 ,0
 ,False
 ,''
 ,''
 ,'10123'
 ,'1105'
 ,1
[System: 192.168.1.74] DEBUG | 11-13-2025 11:20:41.265 | General Service|:: CompanyIndex:348 SpName: spADM_GetDataSet 
 'select * from COM_TokenHistory WITH(NOLOCK) where JwtToken=''eyJhbGciOiJIUzI1NiIsInR5cCI6IkpXVCJ9.eyJ1bmlxdWVfbmFtZSI6ImFuZ2VsaWMsMTAxMjMsMzQ4LDExMDUiLCJuYmYiOjE3NjMwMTMwMTYsImV4cCI6MTc2MzA0MTgxNiwiaWF0IjoxNzYzMDEzMDE2fQ.Q1JJzgsD8TJ0hldqxZ9LpVXTMANdD85moOE0pQasEHg'''
 ,1
 ,1
[System: 192.168.1.74] DEBUG | 11-13-2025 11:20:41.296 | General Service|:: CompanyIndex:348 SpName: spADM_GetCostCenterListViewData 
 268
 ,'a.Name,a.Code'
 ,''
 ,''
 ,'Name'
 ,''
 ,8
 ,False
 ,''
 ,27
 ,''
 ,''
 ,'38,27,28,29,30,31,32,33,34'
 ,0
 ,False
 ,''
 ,''
 ,'10123'
 ,'1105'
 ,1
[System: 192.168.1.74] DEBUG | 11-13-2025 11:20:41.312 | General Service|:: CompanyIndex:348 SpName: spADM_GetDataSet 
 'select * from COM_TokenHistory WITH(NOLOCK) where JwtToken=''eyJhbGciOiJIUzI1NiIsInR5cCI6IkpXVCJ9.eyJ1bmlxdWVfbmFtZSI6ImFuZ2VsaWMsMTAxMjMsMzQ4LDExMDUiLCJuYmYiOjE3NjMwMTMwMTYsImV4cCI6MTc2MzA0MTgxNiwiaWF0IjoxNzYzMDEzMDE2fQ.Q1JJzgsD8TJ0hldqxZ9LpVXTMANdD85moOE0pQasEHg'''
 ,1
 ,1
[System: 192.168.1.74] DEBUG | 11-13-2025 11:20:41.359 | General Service|:: CompanyIndex:348 SpName: spADM_GetCostCenterListViewData 
 4
 ,'a.AccountName,a.AccountCode'
 ,''
 ,''
 ,'AccountName'
 ,''
 ,8
 ,False
 ,''
 ,4165
 ,''
 ,''
 ,''
 ,0
 ,False
 ,''
 ,''
 ,'10123'
 ,'1105'
 ,1
[System: 192.168.1.74] DEBUG | 11-13-2025 11:20:41.374 | General Service|:: CompanyIndex:348 SpName: spADM_GetDataSet 
 'select * from COM_TokenHistory WITH(NOLOCK) where JwtToken=''eyJhbGciOiJIUzI1NiIsInR5cCI6IkpXVCJ9.eyJ1bmlxdWVfbmFtZSI6ImFuZ2VsaWMsMTAxMjMsMzQ4LDExMDUiLCJuYmYiOjE3NjMwMTMwMTYsImV4cCI6MTc2MzA0MTgxNiwiaWF0IjoxNzYzMDEzMDE2fQ.Q1JJzgsD8TJ0hldqxZ9LpVXTMANdD85moOE0pQasEHg'''
 ,1
 ,1
[System: 192.168.1.74] DEBUG | 11-13-2025 11:20:41.484 | General Service|:: CompanyIndex:348 SpName: spADM_GetCostCenterListViewDataByIDs 
 50002
 ,1
 ,'27'
 ,'10123'
 ,1
[System: 192.168.1.74] DEBUG | 11-13-2025 11:20:41.499 | General Service|:: CompanyIndex:348 SpName: spADM_GetDataSet 
 'select * from COM_TokenHistory WITH(NOLOCK) where JwtToken=''eyJhbGciOiJIUzI1NiIsInR5cCI6IkpXVCJ9.eyJ1bmlxdWVfbmFtZSI6ImFuZ2VsaWMsMTAxMjMsMzQ4LDExMDUiLCJuYmYiOjE3NjMwMTMwMTYsImV4cCI6MTc2MzA0MTgxNiwiaWF0IjoxNzYzMDEzMDE2fQ.Q1JJzgsD8TJ0hldqxZ9LpVXTMANdD85moOE0pQasEHg'''
 ,1
 ,1
[System: 192.168.1.74] DEBUG | 11-13-2025 11:40:44.547 | General Service|:: CompanyIndex:348 SpName: spCOM_ConfigValues 
 1
 ,'NotifTime'
 ,''
[System: 192.168.1.74] DEBUG | 11-13-2025 11:40:44.563 | General Service|:: CompanyIndex:348 SpName: spADM_GetDataSet 
 'select * from COM_TokenHistory WITH(NOLOCK) where JwtToken=''eyJhbGciOiJIUzI1NiIsInR5cCI6IkpXVCJ9.eyJ1bmlxdWVfbmFtZSI6ImFuZ2VsaWMsMTAxMjMsMzQ4LDExMDUiLCJuYmYiOjE3NjMwMTMwMTYsImV4cCI6MTc2MzA0MTgxNiwiaWF0IjoxNzYzMDEzMDE2fQ.Q1JJzgsD8TJ0hldqxZ9LpVXTMANdD85moOE0pQasEHg'''
 ,1
 ,1
[System: 192.168.1.74] DEBUG | 11-13-2025 11:40:44.719 | General Service|:: CompanyIndex:0 SpName: spADM_Login 
 4
 ,''
 ,''
 ,''
 ,'declare @AllowSession bit,@GUID nvarchar(50)
set @AllowSession=0
set @GUID=''884f704f-06e3-4271-a4b6-25dc2ef1391d''
if exists(select [GUID] from ADM_Login with(nolock) where [GUID]=@GUID)
begin
    update ADM_Login  set LastAccessTime=convert(float,getdate()) where [GUID]=@GUID
    set @AllowSession=1
end
select @AllowSession AllowSession
'
 ,''
 ,0
[System: 192.168.1.74] DEBUG | 11-13-2025 11:40:44.719 | General Service|:: CompanyIndex:348 SpName: spADM_GetDataSet 
 'select * from COM_TokenHistory WITH(NOLOCK) where JwtToken=''eyJhbGciOiJIUzI1NiIsInR5cCI6IkpXVCJ9.eyJ1bmlxdWVfbmFtZSI6ImFuZ2VsaWMsMTAxMjMsMzQ4LDExMDUiLCJuYmYiOjE3NjMwMTMwMTYsImV4cCI6MTc2MzA0MTgxNiwiaWF0IjoxNzYzMDEzMDE2fQ.Q1JJzgsD8TJ0hldqxZ9LpVXTMANdD85moOE0pQasEHg'''
 ,1
 ,1
[System: 192.168.1.74] DEBUG | 11-13-2025 11:40:44.735 | General Service|:: CompanyIndex:348 SpName: spADM_GetDataSet 
 'declare @UserID int,@RoleID int,@UserName NVARCHAR(100),@where nvarchar(max),@query nvarchar(max)
set @UserID=10123
set @RoleID=1105-- Employee:-1
SELECT @UserName=UserName From ADM_Users WITH(NOLOCK) WHERE UserID=@UserID
exec [fnGet_GetAssignedDims] @UserID,@RoleID,@where output
 create table #TblUsrWF(WID int,LevelID int,Type int,CtWef float,LvWef int)
EXEC spRPT_GetReportData @Type=8,@Param1=@UserID,@strXML=null,@RoleID=@RoleID set @query=''  SELECT DT.CostCenterID,DT.DocumentName,DT.DocumentType,DT.IsInventory,count(*) CNT
FROM (
 SELECT INV.CostCenterID
FROM INV_DocDetails INV with(nolock)''
if(@where<>'''')
	set @query=@query+'' join com_docccdata d with(nolock) on INV.INVDocDetailsid=d.INVDocDetailsid''	

set @query=@query+'' ,#TblUsrWF WF
WHERE WF.WID=INV.WorkflowID and (WF.LevelID>INV.WorkFlowLevel or (WF.LevelID+1=INV.WorkFlowLevel and INV.StatusID=372)) and (INV.StatusID=371 or INV.StatusID=372 or INV.StatusID=441) AND (WF.Type=1 or (INV.WorkFlowLevel+1=WF.LevelID and INV.StatusID!=372) or (WF.LevelID+1=INV.WorkFlowLevel and INV.StatusID=372) or (WF.CtWef is not null and INV.WorkFlowLevel>=WF.LvWef
and INV.CreatedDate+WF.CtWef<=convert(float,getdate()))) ''+@where+''
GROUP BY INV.CostCenterID,INV.VoucherNo
UNION ALL
SELECT ACC.CostCenterID
FROM ACC_DocDetails ACC with(nolock)''
if(@where<>'''')
	set @query=@query+'' join com_docccdata d with(nolock) on ACC.ACCDocDetailsid=d.ACCDocDetailsid''	

set @query=@query+'',#TblUsrWF WF
WHERE ACC.LinkedAccDocDetailsID is null and ACC.InvDocDetailsID is null and WF.WID=ACC.WorkflowID and (WF.LevelID>ACC.WorkFlowLevel or (WF.LevelID+1=ACC.WorkFlowLevel and ACC.StatusID=372)) and (ACC.StatusID=371 or ACC.StatusID=372 or ACC.StatusID=441) AND (WF.Type=1 or (ACC.WorkFlowLevel+1=WF.LevelID and ACC.StatusID!=372) or (WF.LevelID+1=ACC.WorkFlowLevel and ACC.StatusID=372) or (WF.CtWef is not null and ACC.WorkFlowLevel>=WF.LvWef
and ACC.CreatedDate+WF.CtWef<=convert(float,getdate())))''+@where+''
GROUP BY ACC.CostCenterID,ACC.VoucherNo  ) AS T
JOIN ADM_DocumentTypes DT with(nolock) ON T.CostCenterID=DT.CostCenterID
GROUP BY DT.CostCenterID,DT.DocumentName,DT.DocumentType,DT.IsInventory  
UNION ALL
SELECT DT.FeatureID CostCenterID,DT.Name DocumentName,-DT.FeatureID DocumentType,0 IsInventory,count(*) CNT
FROM (
SELECT INV.CostCenterID FROM REN_Contract INV WITH(NOLOCK),#TblUsrWF WF
WHERE  WF.WID=INV.WorkflowID and WF.LevelID>INV.WorkFlowLevel and (INV.StatusID=440 or INV.StatusID=470 or INV.StatusID=466) AND (WF.Type=1 or (INV.WorkFlowLevel+1=WF.LevelID and INV.StatusID!=470)  or (WF.CtWef is not null and INV.WorkFlowLevel>=WF.LvWef
 and INV.CreatedDate+WF.CtWef<=convert(float,getdate()))) AND INV.RefContractID=0 ) AS T
JOIN ADM_Features DT with(nolock) ON T.CostCenterID=DT.FeatureID
GROUP BY DT.FeatureID,DT.Name 
ORDER BY DocumentName''
exec(@query)

DROP TABLE #TblUsrWF
'
 ,10123
 ,1
[System: 192.168.1.74] DEBUG | 11-13-2025 11:40:44.735 | General Service|:: CompanyIndex:348 SpName: spADM_GetDataSet 
 'select * from COM_TokenHistory WITH(NOLOCK) where JwtToken=''eyJhbGciOiJIUzI1NiIsInR5cCI6IkpXVCJ9.eyJ1bmlxdWVfbmFtZSI6ImFuZ2VsaWMsMTAxMjMsMzQ4LDExMDUiLCJuYmYiOjE3NjMwMTMwMTYsImV4cCI6MTc2MzA0MTgxNiwiaWF0IjoxNzYzMDEzMDE2fQ.Q1JJzgsD8TJ0hldqxZ9LpVXTMANdD85moOE0pQasEHg'''
 ,1
 ,1
[System: 192.168.1.74] DEBUG | 11-13-2025 11:59:24.113 | General Service|:: CompanyIndex:348 SpName: spCOM_ConfigValues 
 1
 ,'NotifTime'
 ,''
[System: 192.168.1.74] DEBUG | 11-13-2025 11:59:24.113 | General Service|:: CompanyIndex:348 SpName: spADM_GetDataSet 
 'select * from COM_TokenHistory WITH(NOLOCK) where JwtToken=''eyJhbGciOiJIUzI1NiIsInR5cCI6IkpXVCJ9.eyJ1bmlxdWVfbmFtZSI6ImFuZ2VsaWMsMTAxMjMsMzQ4LDExMDUiLCJuYmYiOjE3NjMwMTMwMTYsImV4cCI6MTc2MzA0MTgxNiwiaWF0IjoxNzYzMDEzMDE2fQ.Q1JJzgsD8TJ0hldqxZ9LpVXTMANdD85moOE0pQasEHg'''
 ,1
 ,1
[System: 192.168.1.74] DEBUG | 11-13-2025 11:59:24.144 | General Service|:: CompanyIndex:0 SpName: spADM_Login 
 4
 ,''
 ,''
 ,''
 ,'declare @AllowSession bit,@GUID nvarchar(50)
set @AllowSession=0
set @GUID=''884f704f-06e3-4271-a4b6-25dc2ef1391d''
if exists(select [GUID] from ADM_Login with(nolock) where [GUID]=@GUID)
begin
    update ADM_Login  set LastAccessTime=convert(float,getdate()) where [GUID]=@GUID
    set @AllowSession=1
end
select @AllowSession AllowSession
'
 ,''
 ,0
[System: 192.168.1.74] DEBUG | 11-13-2025 11:59:24.144 | General Service|:: CompanyIndex:348 SpName: spADM_GetDataSet 
 'select * from COM_TokenHistory WITH(NOLOCK) where JwtToken=''eyJhbGciOiJIUzI1NiIsInR5cCI6IkpXVCJ9.eyJ1bmlxdWVfbmFtZSI6ImFuZ2VsaWMsMTAxMjMsMzQ4LDExMDUiLCJuYmYiOjE3NjMwMTMwMTYsImV4cCI6MTc2MzA0MTgxNiwiaWF0IjoxNzYzMDEzMDE2fQ.Q1JJzgsD8TJ0hldqxZ9LpVXTMANdD85moOE0pQasEHg'''
 ,1
 ,1
[System: 192.168.1.74] DEBUG | 11-13-2025 11:59:24.427 | General Service|:: CompanyIndex:348 SpName: spADM_GetDataSet 
 'declare @UserID int,@RoleID int,@UserName NVARCHAR(100),@where nvarchar(max),@query nvarchar(max)
set @UserID=10123
set @RoleID=1105-- Employee:-1
SELECT @UserName=UserName From ADM_Users WITH(NOLOCK) WHERE UserID=@UserID
exec [fnGet_GetAssignedDims] @UserID,@RoleID,@where output
 create table #TblUsrWF(WID int,LevelID int,Type int,CtWef float,LvWef int)
EXEC spRPT_GetReportData @Type=8,@Param1=@UserID,@strXML=null,@RoleID=@RoleID set @query=''  SELECT DT.CostCenterID,DT.DocumentName,DT.DocumentType,DT.IsInventory,count(*) CNT
FROM (
 SELECT INV.CostCenterID
FROM INV_DocDetails INV with(nolock)''
if(@where<>'''')
	set @query=@query+'' join com_docccdata d with(nolock) on INV.INVDocDetailsid=d.INVDocDetailsid''	

set @query=@query+'' ,#TblUsrWF WF
WHERE WF.WID=INV.WorkflowID and (WF.LevelID>INV.WorkFlowLevel or (WF.LevelID+1=INV.WorkFlowLevel and INV.StatusID=372)) and (INV.StatusID=371 or INV.StatusID=372 or INV.StatusID=441) AND (WF.Type=1 or (INV.WorkFlowLevel+1=WF.LevelID and INV.StatusID!=372) or (WF.LevelID+1=INV.WorkFlowLevel and INV.StatusID=372) or (WF.CtWef is not null and INV.WorkFlowLevel>=WF.LvWef
and INV.CreatedDate+WF.CtWef<=convert(float,getdate()))) ''+@where+''
GROUP BY INV.CostCenterID,INV.VoucherNo
UNION ALL
SELECT ACC.CostCenterID
FROM ACC_DocDetails ACC with(nolock)''
if(@where<>'''')
	set @query=@query+'' join com_docccdata d with(nolock) on ACC.ACCDocDetailsid=d.ACCDocDetailsid''	

set @query=@query+'',#TblUsrWF WF
WHERE ACC.LinkedAccDocDetailsID is null and ACC.InvDocDetailsID is null and WF.WID=ACC.WorkflowID and (WF.LevelID>ACC.WorkFlowLevel or (WF.LevelID+1=ACC.WorkFlowLevel and ACC.StatusID=372)) and (ACC.StatusID=371 or ACC.StatusID=372 or ACC.StatusID=441) AND (WF.Type=1 or (ACC.WorkFlowLevel+1=WF.LevelID and ACC.StatusID!=372) or (WF.LevelID+1=ACC.WorkFlowLevel and ACC.StatusID=372) or (WF.CtWef is not null and ACC.WorkFlowLevel>=WF.LvWef
and ACC.CreatedDate+WF.CtWef<=convert(float,getdate())))''+@where+''
GROUP BY ACC.CostCenterID,ACC.VoucherNo  ) AS T
JOIN ADM_DocumentTypes DT with(nolock) ON T.CostCenterID=DT.CostCenterID
GROUP BY DT.CostCenterID,DT.DocumentName,DT.DocumentType,DT.IsInventory  
UNION ALL
SELECT DT.FeatureID CostCenterID,DT.Name DocumentName,-DT.FeatureID DocumentType,0 IsInventory,count(*) CNT
FROM (
SELECT INV.CostCenterID FROM REN_Contract INV WITH(NOLOCK),#TblUsrWF WF
WHERE  WF.WID=INV.WorkflowID and WF.LevelID>INV.WorkFlowLevel and (INV.StatusID=440 or INV.StatusID=470 or INV.StatusID=466) AND (WF.Type=1 or (INV.WorkFlowLevel+1=WF.LevelID and INV.StatusID!=470)  or (WF.CtWef is not null and INV.WorkFlowLevel>=WF.LvWef
 and INV.CreatedDate+WF.CtWef<=convert(float,getdate()))) AND INV.RefContractID=0 ) AS T
JOIN ADM_Features DT with(nolock) ON T.CostCenterID=DT.FeatureID
GROUP BY DT.FeatureID,DT.Name 
ORDER BY DocumentName''
exec(@query)

DROP TABLE #TblUsrWF
'
 ,10123
 ,1
[System: 192.168.1.74] DEBUG | 11-13-2025 11:59:24.427 | General Service|:: CompanyIndex:348 SpName: spADM_GetDataSet 
 'select * from COM_TokenHistory WITH(NOLOCK) where JwtToken=''eyJhbGciOiJIUzI1NiIsInR5cCI6IkpXVCJ9.eyJ1bmlxdWVfbmFtZSI6ImFuZ2VsaWMsMTAxMjMsMzQ4LDExMDUiLCJuYmYiOjE3NjMwMTMwMTYsImV4cCI6MTc2MzA0MTgxNiwiaWF0IjoxNzYzMDEzMDE2fQ.Q1JJzgsD8TJ0hldqxZ9LpVXTMANdD85moOE0pQasEHg'''
 ,1
 ,1
[System: 192.168.1.74] DEBUG | 11-13-2025 11:59:29.526 | General Service|:: CompanyIndex:348 SpName: spADM_GetDataSet 
 'declare @UserID int,@RoleID int,@UserName NVARCHAR(100),@where nvarchar(max),@query nvarchar(max)
set @UserID=10123
set @RoleID=1105-- Employee:-1
SELECT @UserName=UserName From ADM_Users WITH(NOLOCK) WHERE UserID=@UserID
exec [fnGet_GetAssignedDims] @UserID,@RoleID,@where output
 create table #TblUsrWF(WID int,LevelID int,Type int,CtWef float,LvWef int)
EXEC spRPT_GetReportData @Type=8,@Param1=@UserID,@strXML=null,@RoleID=@RoleID set @query=''  SELECT DT.CostCenterID,DT.DocumentName,DT.DocumentType,DT.IsInventory,count(*) CNT
FROM (
 SELECT INV.CostCenterID
FROM INV_DocDetails INV with(nolock)''
if(@where<>'''')
	set @query=@query+'' join com_docccdata d with(nolock) on INV.INVDocDetailsid=d.INVDocDetailsid''	

set @query=@query+'' ,#TblUsrWF WF
WHERE WF.WID=INV.WorkflowID and (WF.LevelID>INV.WorkFlowLevel or (WF.LevelID+1=INV.WorkFlowLevel and INV.StatusID=372)) and (INV.StatusID=371 or INV.StatusID=372 or INV.StatusID=441) AND (WF.Type=1 or (INV.WorkFlowLevel+1=WF.LevelID and INV.StatusID!=372) or (WF.LevelID+1=INV.WorkFlowLevel and INV.StatusID=372) or (WF.CtWef is not null and INV.WorkFlowLevel>=WF.LvWef
and INV.CreatedDate+WF.CtWef<=convert(float,getdate()))) ''+@where+''
GROUP BY INV.CostCenterID,INV.VoucherNo
UNION ALL
SELECT ACC.CostCenterID
FROM ACC_DocDetails ACC with(nolock)''
if(@where<>'''')
	set @query=@query+'' join com_docccdata d with(nolock) on ACC.ACCDocDetailsid=d.ACCDocDetailsid''	

set @query=@query+'',#TblUsrWF WF
WHERE ACC.LinkedAccDocDetailsID is null and ACC.InvDocDetailsID is null and WF.WID=ACC.WorkflowID and (WF.LevelID>ACC.WorkFlowLevel or (WF.LevelID+1=ACC.WorkFlowLevel and ACC.StatusID=372)) and (ACC.StatusID=371 or ACC.StatusID=372 or ACC.StatusID=441) AND (WF.Type=1 or (ACC.WorkFlowLevel+1=WF.LevelID and ACC.StatusID!=372) or (WF.LevelID+1=ACC.WorkFlowLevel and ACC.StatusID=372) or (WF.CtWef is not null and ACC.WorkFlowLevel>=WF.LvWef
and ACC.CreatedDate+WF.CtWef<=convert(float,getdate())))''+@where+''
GROUP BY ACC.CostCenterID,ACC.VoucherNo  ) AS T
JOIN ADM_DocumentTypes DT with(nolock) ON T.CostCenterID=DT.CostCenterID
GROUP BY DT.CostCenterID,DT.DocumentName,DT.DocumentType,DT.IsInventory  
UNION ALL
SELECT DT.FeatureID CostCenterID,DT.Name DocumentName,-DT.FeatureID DocumentType,0 IsInventory,count(*) CNT
FROM (
SELECT INV.CostCenterID FROM REN_Contract INV WITH(NOLOCK),#TblUsrWF WF
WHERE  WF.WID=INV.WorkflowID and WF.LevelID>INV.WorkFlowLevel and (INV.StatusID=440 or INV.StatusID=470 or INV.StatusID=466) AND (WF.Type=1 or (INV.WorkFlowLevel+1=WF.LevelID and INV.StatusID!=470)  or (WF.CtWef is not null and INV.WorkFlowLevel>=WF.LvWef
 and INV.CreatedDate+WF.CtWef<=convert(float,getdate()))) AND INV.RefContractID=0 ) AS T
JOIN ADM_Features DT with(nolock) ON T.CostCenterID=DT.FeatureID
GROUP BY DT.FeatureID,DT.Name 
ORDER BY DocumentName''
exec(@query)

DROP TABLE #TblUsrWF
'
 ,10123
 ,1
[System: 192.168.1.74] DEBUG | 11-13-2025 11:59:29.526 | General Service|:: CompanyIndex:348 SpName: spADM_GetDataSet 
 'select * from COM_TokenHistory WITH(NOLOCK) where JwtToken=''eyJhbGciOiJIUzI1NiIsInR5cCI6IkpXVCJ9.eyJ1bmlxdWVfbmFtZSI6ImFuZ2VsaWMsMTAxMjMsMzQ4LDExMDUiLCJuYmYiOjE3NjMwMTMwMTYsImV4cCI6MTc2MzA0MTgxNiwiaWF0IjoxNzYzMDEzMDE2fQ.Q1JJzgsD8TJ0hldqxZ9LpVXTMANdD85moOE0pQasEHg'''
 ,1
 ,1
[System: 192.168.1.74] DEBUG | 11-13-2025 11:59:32.225 | General Service|:: CompanyIndex:348 SpName: spADM_GetDataSet 
 'SELECT StaticReportType FROM ADM_RevenUReports WITH(NOLOCK) WHERE ReportID=91104'
 ,10123
 ,1
[System: 192.168.1.74] DEBUG | 11-13-2025 11:59:32.240 | General Service|:: CompanyIndex:348 SpName: spADM_GetDataSet 
 'select * from COM_TokenHistory WITH(NOLOCK) where JwtToken=''eyJhbGciOiJIUzI1NiIsInR5cCI6IkpXVCJ9.eyJ1bmlxdWVfbmFtZSI6ImFuZ2VsaWMsMTAxMjMsMzQ4LDExMDUiLCJuYmYiOjE3NjMwMTMwMTYsImV4cCI6MTc2MzA0MTgxNiwiaWF0IjoxNzYzMDEzMDE2fQ.Q1JJzgsD8TJ0hldqxZ9LpVXTMANdD85moOE0pQasEHg'''
 ,1
 ,1
[System: 192.168.1.74] DEBUG | 11-13-2025 11:59:32.412 | General Service|:: CompanyIndex:348 SpName: spRPT_GetReport 
 0
 ,91104
 ,'10123'
 ,'1105'
 ,1
[System: 192.168.1.74] DEBUG | 11-13-2025 11:59:32.428 | General Service|:: CompanyIndex:348 SpName: spADM_GetDataSet 
 'select * from COM_TokenHistory WITH(NOLOCK) where JwtToken=''eyJhbGciOiJIUzI1NiIsInR5cCI6IkpXVCJ9.eyJ1bmlxdWVfbmFtZSI6ImFuZ2VsaWMsMTAxMjMsMzQ4LDExMDUiLCJuYmYiOjE3NjMwMTMwMTYsImV4cCI6MTc2MzA0MTgxNiwiaWF0IjoxNzYzMDEzMDE2fQ.Q1JJzgsD8TJ0hldqxZ9LpVXTMANdD85moOE0pQasEHg'''
 ,1
 ,1
[System: 192.168.1.74] DEBUG | 11-13-2025 11:59:32.475 | General Service|:: CompanyIndex:348 SpName: spDOC_GetVPTPrintCopies 
 4
 ,50
 ,91104
 ,2
 ,4
 ,'View~admin'
 ,'Angelic'
 ,1
[System: 192.168.1.74] DEBUG | 11-13-2025 11:59:32.475 | General Service|:: CompanyIndex:348 SpName: spADM_GetDataSet 
 'select * from COM_TokenHistory WITH(NOLOCK) where JwtToken=''eyJhbGciOiJIUzI1NiIsInR5cCI6IkpXVCJ9.eyJ1bmlxdWVfbmFtZSI6ImFuZ2VsaWMsMTAxMjMsMzQ4LDExMDUiLCJuYmYiOjE3NjMwMTMwMTYsImV4cCI6MTc2MzA0MTgxNiwiaWF0IjoxNzYzMDEzMDE2fQ.Q1JJzgsD8TJ0hldqxZ9LpVXTMANdD85moOE0pQasEHg'''
 ,1
 ,1
[System: 192.168.1.74] DEBUG | 11-13-2025 11:59:33.021 | General Service|:: CompanyIndex:348 SpName: spRPT_GetReportCategoryandField 
 -1
 ,0
 ,1
 ,0
 ,'10123'
 ,1
[System: 192.168.1.74] DEBUG | 11-13-2025 11:59:33.584 | General Service|:: CompanyIndex:348 SpName: spADM_GetDataSet 
 'select * from COM_TokenHistory WITH(NOLOCK) where JwtToken=''eyJhbGciOiJIUzI1NiIsInR5cCI6IkpXVCJ9.eyJ1bmlxdWVfbmFtZSI6ImFuZ2VsaWMsMTAxMjMsMzQ4LDExMDUiLCJuYmYiOjE3NjMwMTMwMTYsImV4cCI6MTc2MzA0MTgxNiwiaWF0IjoxNzYzMDEzMDE2fQ.Q1JJzgsD8TJ0hldqxZ9LpVXTMANdD85moOE0pQasEHg'''
 ,1
 ,1
[System: 192.168.1.74] DEBUG | 11-13-2025 11:59:33.724 | General Service|:: CompanyIndex:348 SpName: spRPT_GetReportFields 
 41228
 ,0
 ,'10123'
 ,1
[System: 192.168.1.74] DEBUG | 11-13-2025 11:59:33.724 | General Service|:: CompanyIndex:348 SpName: spADM_GetDataSet 
 'select * from COM_TokenHistory WITH(NOLOCK) where JwtToken=''eyJhbGciOiJIUzI1NiIsInR5cCI6IkpXVCJ9.eyJ1bmlxdWVfbmFtZSI6ImFuZ2VsaWMsMTAxMjMsMzQ4LDExMDUiLCJuYmYiOjE3NjMwMTMwMTYsImV4cCI6MTc2MzA0MTgxNiwiaWF0IjoxNzYzMDEzMDE2fQ.Q1JJzgsD8TJ0hldqxZ9LpVXTMANdD85moOE0pQasEHg'''
 ,1
 ,1
[System: 192.168.1.74] DEBUG | 11-13-2025 11:59:33.771 | General Service|:: CompanyIndex:348 SpName: spADM_GetCostCenterGridViewList 
 300
 ,10123
 ,1105
 ,1
[System: 192.168.1.74] DEBUG | 11-13-2025 11:59:33.787 | General Service|:: CompanyIndex:348 SpName: spADM_GetDataSet 
 'select * from COM_TokenHistory WITH(NOLOCK) where JwtToken=''eyJhbGciOiJIUzI1NiIsInR5cCI6IkpXVCJ9.eyJ1bmlxdWVfbmFtZSI6ImFuZ2VsaWMsMTAxMjMsMzQ4LDExMDUiLCJuYmYiOjE3NjMwMTMwMTYsImV4cCI6MTc2MzA0MTgxNiwiaWF0IjoxNzYzMDEzMDE2fQ.Q1JJzgsD8TJ0hldqxZ9LpVXTMANdD85moOE0pQasEHg'''
 ,1
 ,1
[System: 192.168.1.74] DEBUG | 11-13-2025 11:59:33.834 | General Service|:: CompanyIndex:348 SpName: spCom_GetCostCenterSummary 
 198
 ,-1
 ,1000
 ,''
 ,''
 ,''
 ,0
 ,'13-Nov-2025'
 ,NULL
 ,''
 ,10123
 ,1
 ,0
 ,0
 ,False
 ,1105
[System: 192.168.1.74] DEBUG | 11-13-2025 11:59:33.834 | General Service|:: CompanyIndex:348 SpName: spADM_GetDataSet 
 'select * from COM_TokenHistory WITH(NOLOCK) where JwtToken=''eyJhbGciOiJIUzI1NiIsInR5cCI6IkpXVCJ9.eyJ1bmlxdWVfbmFtZSI6ImFuZ2VsaWMsMTAxMjMsMzQ4LDExMDUiLCJuYmYiOjE3NjMwMTMwMTYsImV4cCI6MTc2MzA0MTgxNiwiaWF0IjoxNzYzMDEzMDE2fQ.Q1JJzgsD8TJ0hldqxZ9LpVXTMANdD85moOE0pQasEHg'''
 ,1
 ,1
[System: 192.168.1.74] DEBUG | 11-13-2025 11:59:33.881 | General Service|:: CompanyIndex:348 SpName: spADM_GetCostCenterGridViewList 
 50002
 ,10123
 ,1105
 ,1
[System: 192.168.1.74] DEBUG | 11-13-2025 11:59:33.881 | General Service|:: CompanyIndex:348 SpName: spADM_GetDataSet 
 'select * from COM_TokenHistory WITH(NOLOCK) where JwtToken=''eyJhbGciOiJIUzI1NiIsInR5cCI6IkpXVCJ9.eyJ1bmlxdWVfbmFtZSI6ImFuZ2VsaWMsMTAxMjMsMzQ4LDExMDUiLCJuYmYiOjE3NjMwMTMwMTYsImV4cCI6MTc2MzA0MTgxNiwiaWF0IjoxNzYzMDEzMDE2fQ.Q1JJzgsD8TJ0hldqxZ9LpVXTMANdD85moOE0pQasEHg'''
 ,1
 ,1
[System: 192.168.1.74] DEBUG | 11-13-2025 11:59:33.912 | General Service|:: CompanyIndex:348 SpName: spCom_GetCostCenterSummary 
 60
 ,-1
 ,1000
 ,'A.IsGroup=1 OR A.NodeID IN (38,27,28,29,30,31,32,33,34)'
 ,''
 ,'38,27,28,29,30,31,32,33,34'
 ,0
 ,'13-Nov-2025'
 ,NULL
 ,''
 ,10123
 ,1
 ,0
 ,0
 ,False
 ,1105
[System: 192.168.1.74] DEBUG | 11-13-2025 11:59:33.927 | General Service|:: CompanyIndex:348 SpName: spADM_GetDataSet 
 'select * from COM_TokenHistory WITH(NOLOCK) where JwtToken=''eyJhbGciOiJIUzI1NiIsInR5cCI6IkpXVCJ9.eyJ1bmlxdWVfbmFtZSI6ImFuZ2VsaWMsMTAxMjMsMzQ4LDExMDUiLCJuYmYiOjE3NjMwMTMwMTYsImV4cCI6MTc2MzA0MTgxNiwiaWF0IjoxNzYzMDEzMDE2fQ.Q1JJzgsD8TJ0hldqxZ9LpVXTMANdD85moOE0pQasEHg'''
 ,1
 ,1
[System: 192.168.1.74] DEBUG | 11-13-2025 11:59:36.167 | General Service|:: CompanyIndex:348 SpName: spADM_GetDataSet 
 'SELECT CONVERT(DATETIME,INV.DocDate) [C2a77a0ccb4f74871a251c86f2ef47e6f],INV.VoucherNo [Cad482528147242b4954c47d05fe6eca3],INV.VersionNo [Cad482528147242b4954c47d05fe6eca3Ver],T2.Name [C392361fa9ed64b96abb53e71df4e1780],T3.Name [Cea7a527c0b8b45e4984ded0818867c9e],T4.Name [C0c017afaf00e4c17a7b493fdc5356c6b],T5.Name [Cedb060cd23264436869f778e7852be9d],T6.dcAlpha6 [C8a4e3a4838e24ba7b40d28b92d9c9df0],case when isdate(T6.dcAlpha4)=1 and isNumeric(T6.dcAlpha4)=0 then CONVERT(DATETIME,T6.dcAlpha4) else null end [C4dfc105984264f8aacadac328019553d],case when isdate(T6.dcAlpha5)=1 and isNumeric(T6.dcAlpha5)=0 then CONVERT(DATETIME,T6.dcAlpha5) else null end [C75a9a06fb9354a4dae83cab459bea2a4],T7.dcNum2 [Cb42b6ee611384da8a1835472694231fc],T7.dcNum3 [Cb0a9803fc4734d37951d2bd716c37012],T7.dcNum4 [C206ba707aba64bda923a6a61d2c37fbd],T7.dcNum6 [C338918b5a8ad41a0acdb1dd3eb605c30],T7.dcNum5 [Cc7ee54806ead4cee99abec97e24f5119],T7.dcNum7 [Cb8ae3973be6d43d59328f0fab8fb18be]
 FROM INV_DocDetails INV with(nolock) left join COM_DocCCData TDCC with(nolock) on INV.InvDocDetailsID=TDCC.InvDocDetailsID left join COM_CC50019 T2 with(nolock) on TDCC.dcCCNID19=T2.NodeID left join COM_CC50009 T3 with(nolock) on TDCC.dcCCNID9=T3.NodeID left join COM_CC50010 T4 with(nolock) on TDCC.dcCCNID10=T4.NodeID left join COM_CC50011 T5 with(nolock) on TDCC.dcCCNID11=T5.NodeID left join COM_DocTextData T6 with(nolock) on INV.INVDOCDETAILSID=T6.INVDOCDETAILSID left join COM_DocNumData T7 with(nolock) on INV.INVDOCDETAILSID=T7.INVDOCDETAILSID
 WHERE TDCC.dcCCNID2 IN (38,27,28,29,30,31,32,33,34) AND (INV.CostCenterID=41228) AND CONVERT(DATETIME,INV.DocDate) BETWEEN ''04 Jun 2015'' AND ''13 Nov 2025'''
 ,10123
 ,1
[System: 192.168.1.74] DEBUG | 11-13-2025 11:59:36.167 | General Service|:: CompanyIndex:348 SpName: spADM_GetDataSet 
 'select * from COM_TokenHistory WITH(NOLOCK) where JwtToken=''eyJhbGciOiJIUzI1NiIsInR5cCI6IkpXVCJ9.eyJ1bmlxdWVfbmFtZSI6ImFuZ2VsaWMsMTAxMjMsMzQ4LDExMDUiLCJuYmYiOjE3NjMwMTMwMTYsImV4cCI6MTc2MzA0MTgxNiwiaWF0IjoxNzYzMDEzMDE2fQ.Q1JJzgsD8TJ0hldqxZ9LpVXTMANdD85moOE0pQasEHg'''
 ,1
 ,1
[System: 192.168.1.74] DEBUG | 11-13-2025 11:59:37.869 | General Service|:: CompanyIndex:348 SpName: spCOM_GetEmailSMS 
 7
 ,50
 ,'<XML Type="1" ReportID="91104"/>'
 ,'1105'
 ,'10123'
 ,1
[System: 192.168.1.74] DEBUG | 11-13-2025 11:59:37.869 | General Service|:: CompanyIndex:348 SpName: spADM_GetDataSet 
 'select * from COM_TokenHistory WITH(NOLOCK) where JwtToken=''eyJhbGciOiJIUzI1NiIsInR5cCI6IkpXVCJ9.eyJ1bmlxdWVfbmFtZSI6ImFuZ2VsaWMsMTAxMjMsMzQ4LDExMDUiLCJuYmYiOjE3NjMwMTMwMTYsImV4cCI6MTc2MzA0MTgxNiwiaWF0IjoxNzYzMDEzMDE2fQ.Q1JJzgsD8TJ0hldqxZ9LpVXTMANdD85moOE0pQasEHg'''
 ,1
 ,1
