[System: 192.168.1.77] DEBUG | 08-06-2025 19:05:04.740 | General Service|:: CompanyIndex:0 SpName: spADM_GetClientUserDetails2C 
 'Admin'
 ,1
 ,0
[System: 192.168.1.77] DEBUG | 08-06-2025 19:05:04.849 | General Service|:: CompanyIndex:0 SpName: spADM_UserLoginCheck 
 2
 ,'Admin'
 ,0
 ,'192.168.1.77'
 ,'192.168.1.77'
 ,''
 ,'Web'
 ,1
[System: 192.168.1.77] DEBUG | 08-06-2025 19:05:07.520 | General Service|:: CompanyIndex:1 SpName: spADM_GetClientUserDetails 
 'Admin'
 ,1
 ,'26.2.3'
 ,0
[System: 192.168.1.77] DEBUG | 08-06-2025 19:05:07.739 | General Service|:: CompanyIndex:0 SpName: spADM_UserLoginCheck 
 2
 ,'Admin'
 ,1
 ,'192.168.1.77'
 ,'192.168.1.77'
 ,''
 ,'Web'
 ,1
[System: 192.168.1.77] DEBUG | 08-06-2025 19:05:07.801 | General Service|:: CompanyIndex:0 SpName: spADM_Login 
 1
 ,''
 ,''
 ,''
 ,''
 ,''
 ,1
[System: 192.168.1.77] DEBUG | 08-06-2025 19:05:07.817 | General Service|:: CompanyIndex:1 SpName: spADM_GetDataSet 
 'select Value from ADM_GlobalPreferences with (nolock) where name =''EnableReLogin'''
 ,1
 ,1
[System: 192.168.1.77] DEBUG | 08-06-2025 19:05:07.817 | General Service|:: CompanyIndex:1 SpName: spADM_GetDataSet 
 'select * from COM_TokenHistory WITH(NOLOCK) where JwtToken=''eyJhbGciOiJIUzI1NiIsInR5cCI6IkpXVCJ9.eyJ1bmlxdWVfbmFtZSI6IkFkbWluLDEsMSwxIiwibmJmIjoxNzU0NDg3MzA3LCJleHAiOjE3NTQ1MTYxMDcsImlhdCI6MTc1NDQ4NzMwN30.xrJ6wskv7vIHCRxZfJCnwHoh7nHRNFu5UtKkSXo20Ys'''
 ,1
 ,1
[System: 192.168.1.77] DEBUG | 08-06-2025 19:05:07.848 | General Service|:: CompanyIndex:0 SpName: spADM_Login 
 4
 ,''
 ,''
 ,''
 ,'declare @Cnt int,@ExpiredGUID nvarchar(50),@AllowSession int,@GUID nvarchar(50),@CurrDate float,@UserID INT,@Instances INT,@InstancesExists INT,@LCDBIndex int
set @CurrDate= convert(float,dateadd(minute,-21,getdate()))
set @AllowSession=0
set @GUID=''edf9e2c0-26ef-4ddf-8e69-bab3917def62''
set @LCDBIndex=0
select top 1 @UserID=UserID,@Instances=InstanceCount from ADM_Users with(nolock) where UserName=''admin''
if exists(select [GUID] from ADM_Login with(nolock) where [GUID]=@GUID)
begin
	update ADM_Login 
	set LastAccessTime=convert(float,getdate()),UserID=@UserID
	where [GUID]=@GUID
    set @AllowSession=1
end
else
begin
	select @Cnt=count(*) from ADM_Login with(nolock) where LCDBIndex=@LCDBIndex and [GUID]!=''ACCESSRIGHTS'' and AP =''WEB''
    if(@Cnt<100)
		set @AllowSession=1
	else
	begin
		select top 1 @ExpiredGUID=[GUID] from ADM_Login with(nolock)
		where [GUID]!=''ACCESSRIGHTS'' and LCDBIndex=@LCDBIndex and LastAccessTime<@CurrDate  and AP =''WEB''
        order by LastAccessTime asc
		if @ExpiredGUID is not null
		begin
			delete from ADM_Login where [GUID]=@ExpiredGUID
			set @AllowSession=1
		end
	end
	if @AllowSession=1
	begin
        select @InstancesExists=COUNT(*) from ADM_Login with(nolock)
		where [GUID]!=''ACCESSRIGHTS'' and LCDBIndex=@LCDBIndex and LastAccessTime>=@CurrDate and UserID=@UserID and AP =''WEB''
		if(@Instances!=0 and @Instances<=@InstancesExists)
			set @AllowSession=2
		else
		    INSERT INTO ADM_Login([GUID],[SysName],IPAddress,[Status],LoginTime,LastAccessTime,AccessRights,UserID,DBIndex,LCDBIndex,AP)
		    VALUES(@GUID,''WEB'',''192.168.1.77'',1,convert(float,getdate()),convert(float,getdate()),null,@UserID,1,@LCDBIndex, ''WEB'')
	end
end

select @AllowSession AllowSession,@Instances Instances,@InstancesExists InstancesExists
'
 ,''
 ,0
[System: 192.168.1.77] DEBUG | 08-06-2025 19:05:07.848 | General Service|:: CompanyIndex:1 SpName: spADM_GetDataSet 
 'select * from COM_TokenHistory WITH(NOLOCK) where JwtToken=''eyJhbGciOiJIUzI1NiIsInR5cCI6IkpXVCJ9.eyJ1bmlxdWVfbmFtZSI6IkFkbWluLDEsMSwxIiwibmJmIjoxNzU0NDg3MzA3LCJleHAiOjE3NTQ1MTYxMDcsImlhdCI6MTc1NDQ4NzMwN30.xrJ6wskv7vIHCRxZfJCnwHoh7nHRNFu5UtKkSXo20Ys'''
 ,1
 ,1
[System: 192.168.1.77] DEBUG | 08-06-2025 19:05:08.036 | General Service|:: CompanyIndex:1 SpName: spADM_GetDataSet 
 'SELECT (SELECT COUNT(*) FROM COM_Location L WITH(NOLOCK) JOIN COM_Status S WITH(NOLOCK) ON S.StatusID=L.StatusID WHERE L.IsGroup=0 AND S.[Status]=''Active'') ML
,(SELECT COUNT(*) FROM ADM_Features WITH(NOLOCK) WHERE ((FeatureID>50000 AND FeatureID<=50050) OR FeatureID>=51000) AND IsEnabled=1) MD
,(SELECT ISNULL(COUNT(*),0) FROM ADM_RevenUReports WITH(NOLOCK) WHERE IsGroup=0 AND ReportID>10000 AND StaticReportType IN (0,-1)) MR'
 ,1
 ,1
[System: 192.168.1.77] DEBUG | 08-06-2025 19:05:08.036 | General Service|:: CompanyIndex:1 SpName: spADM_GetDataSet 
 'select * from COM_TokenHistory WITH(NOLOCK) where JwtToken=''eyJhbGciOiJIUzI1NiIsInR5cCI6IkpXVCJ9.eyJ1bmlxdWVfbmFtZSI6IkFkbWluLDEsMSwxIiwibmJmIjoxNzU0NDg3MzA3LCJleHAiOjE3NTQ1MTYxMDcsImlhdCI6MTc1NDQ4NzMwN30.xrJ6wskv7vIHCRxZfJCnwHoh7nHRNFu5UtKkSXo20Ys'''
 ,1
 ,1
[System: 192.168.1.77] DEBUG | 08-06-2025 19:05:08.176 | General Service|:: CompanyIndex:1 SpName: spADM_GetDataSet 
 'select ReportID, ReportName from ADM_RevenUReports WITH(NOLOCK)WHERE ReportID IN(30,10220,69,10257) '
 ,1
 ,1
[System: 192.168.1.77] DEBUG | 08-06-2025 19:05:08.192 | General Service|:: CompanyIndex:1 SpName: spADM_GetDataSet 
 'select * from COM_TokenHistory WITH(NOLOCK) where JwtToken=''eyJhbGciOiJIUzI1NiIsInR5cCI6IkpXVCJ9.eyJ1bmlxdWVfbmFtZSI6IkFkbWluLDEsMSwxIiwibmJmIjoxNzU0NDg3MzA3LCJleHAiOjE3NTQ1MTYxMDcsImlhdCI6MTc1NDQ4NzMwN30.xrJ6wskv7vIHCRxZfJCnwHoh7nHRNFu5UtKkSXo20Ys'''
 ,1
 ,1
[System: 192.168.1.77] DEBUG | 08-06-2025 19:05:08.270 | General Service|:: CompanyIndex:1 SpName: spRPT_GetUnApprovedDocsCount 
 ''
 ,'1'
 ,'1'
 ,1
[System: 192.168.1.77] DEBUG | 08-06-2025 19:05:08.286 | General Service|:: CompanyIndex:1 SpName: spADM_GetDataSet 
 'select * from COM_TokenHistory WITH(NOLOCK) where JwtToken=''eyJhbGciOiJIUzI1NiIsInR5cCI6IkpXVCJ9.eyJ1bmlxdWVfbmFtZSI6IkFkbWluLDEsMSwxIiwibmJmIjoxNzU0NDg3MzA3LCJleHAiOjE3NTQ1MTYxMDcsImlhdCI6MTc1NDQ4NzMwN30.xrJ6wskv7vIHCRxZfJCnwHoh7nHRNFu5UtKkSXo20Ys'''
 ,1
 ,1
[System: 192.168.1.77] DEBUG | 08-06-2025 19:05:08.301 | General Service|:: CompanyIndex:1 SpName: spCOM_ConfigValues 
 1
 ,'NotifTime'
 ,''
[System: 192.168.1.77] DEBUG | 08-06-2025 19:05:08.301 | General Service|:: CompanyIndex:1 SpName: spADM_GetDataSet 
 'select * from COM_TokenHistory WITH(NOLOCK) where JwtToken=''eyJhbGciOiJIUzI1NiIsInR5cCI6IkpXVCJ9.eyJ1bmlxdWVfbmFtZSI6IkFkbWluLDEsMSwxIiwibmJmIjoxNzU0NDg3MzA3LCJleHAiOjE3NTQ1MTYxMDcsImlhdCI6MTc1NDQ4NzMwN30.xrJ6wskv7vIHCRxZfJCnwHoh7nHRNFu5UtKkSXo20Ys'''
 ,1
 ,1
[System: 192.168.1.77] DEBUG | 08-06-2025 19:05:08.364 | General Service|:: CompanyIndex:1 SpName: spADM_GetRibbonView 
 1
 ,1
 ,1
 ,1
 ,0
 ,''
[System: 192.168.1.77] DEBUG | 08-06-2025 19:05:08.364 | General Service|:: CompanyIndex:1 SpName: spADM_GetDataSet 
 'select * from COM_TokenHistory WITH(NOLOCK) where JwtToken=''eyJhbGciOiJIUzI1NiIsInR5cCI6IkpXVCJ9.eyJ1bmlxdWVfbmFtZSI6IkFkbWluLDEsMSwxIiwibmJmIjoxNzU0NDg3MzA3LCJleHAiOjE3NTQ1MTYxMDcsImlhdCI6MTc1NDQ4NzMwN30.xrJ6wskv7vIHCRxZfJCnwHoh7nHRNFu5UtKkSXo20Ys'''
 ,1
 ,1
[System: 192.168.1.77] DEBUG | 08-06-2025 19:05:08.661 | General Service|:: CompanyIndex:1 SpName: spRPT_GetReport 
 2
 ,0
 ,'1'
 ,'1'
 ,1
[System: 192.168.1.77] DEBUG | 08-06-2025 19:05:08.661 | General Service|:: CompanyIndex:1 SpName: spADM_GetDataSet 
 'select * from COM_TokenHistory WITH(NOLOCK) where JwtToken=''eyJhbGciOiJIUzI1NiIsInR5cCI6IkpXVCJ9.eyJ1bmlxdWVfbmFtZSI6IkFkbWluLDEsMSwxIiwibmJmIjoxNzU0NDg3MzA3LCJleHAiOjE3NTQ1MTYxMDcsImlhdCI6MTc1NDQ4NzMwN30.xrJ6wskv7vIHCRxZfJCnwHoh7nHRNFu5UtKkSXo20Ys'''
 ,1
 ,1
[System: 192.168.1.77] DEBUG | 08-06-2025 19:05:08.692 | General Service|:: CompanyIndex:1 SpName: spADM_GetDashBoard 
 2
 ,0
 ,0
 ,'1'
 ,'1'
 ,1
[System: 192.168.1.77] DEBUG | 08-06-2025 19:05:08.692 | General Service|:: CompanyIndex:1 SpName: spADM_GetDataSet 
 'select * from COM_TokenHistory WITH(NOLOCK) where JwtToken=''eyJhbGciOiJIUzI1NiIsInR5cCI6IkpXVCJ9.eyJ1bmlxdWVfbmFtZSI6IkFkbWluLDEsMSwxIiwibmJmIjoxNzU0NDg3MzA3LCJleHAiOjE3NTQ1MTYxMDcsImlhdCI6MTc1NDQ4NzMwN30.xrJ6wskv7vIHCRxZfJCnwHoh7nHRNFu5UtKkSXo20Ys'''
 ,1
 ,1
[System: 192.168.1.77] DEBUG | 08-06-2025 19:05:08.723 | General Service|:: CompanyIndex:1 SpName: spCOM_ConfigValues 
 1
 ,'LandingDocs'
 ,'1'
[System: 192.168.1.77] DEBUG | 08-06-2025 19:05:08.723 | General Service|:: CompanyIndex:1 SpName: spADM_GetDataSet 
 'select * from COM_TokenHistory WITH(NOLOCK) where JwtToken=''eyJhbGciOiJIUzI1NiIsInR5cCI6IkpXVCJ9.eyJ1bmlxdWVfbmFtZSI6IkFkbWluLDEsMSwxIiwibmJmIjoxNzU0NDg3MzA3LCJleHAiOjE3NTQ1MTYxMDcsImlhdCI6MTc1NDQ4NzMwN30.xrJ6wskv7vIHCRxZfJCnwHoh7nHRNFu5UtKkSXo20Ys'''
 ,1
 ,1
[System: 192.168.1.77] DEBUG | 08-06-2025 19:05:08.785 | General Service|:: CompanyIndex:1 SpName: spCOM_GetFavorites 
 'GETLIST0'
 ,0
 ,'1'
 ,'1'
 ,1
[System: 192.168.1.77] DEBUG | 08-06-2025 19:05:08.785 | General Service|:: CompanyIndex:1 SpName: spADM_GetDataSet 
 'select * from COM_TokenHistory WITH(NOLOCK) where JwtToken=''eyJhbGciOiJIUzI1NiIsInR5cCI6IkpXVCJ9.eyJ1bmlxdWVfbmFtZSI6IkFkbWluLDEsMSwxIiwibmJmIjoxNzU0NDg3MzA3LCJleHAiOjE3NTQ1MTYxMDcsImlhdCI6MTc1NDQ4NzMwN30.xrJ6wskv7vIHCRxZfJCnwHoh7nHRNFu5UtKkSXo20Ys'''
 ,1
 ,1
[System: 192.168.1.77] DEBUG | 08-06-2025 19:05:08.785 | General Service|:: CompanyIndex:1 SpName: spADM_GetAllListViewsDef 
 1
 ,1
[System: 192.168.1.77] DEBUG | 08-06-2025 19:05:08.785 | General Service|:: CompanyIndex:1 SpName: spADM_GetDataSet 
 'select * from COM_TokenHistory WITH(NOLOCK) where JwtToken=''eyJhbGciOiJIUzI1NiIsInR5cCI6IkpXVCJ9.eyJ1bmlxdWVfbmFtZSI6IkFkbWluLDEsMSwxIiwibmJmIjoxNzU0NDg3MzA3LCJleHAiOjE3NTQ1MTYxMDcsImlhdCI6MTc1NDQ4NzMwN30.xrJ6wskv7vIHCRxZfJCnwHoh7nHRNFu5UtKkSXo20Ys'''
 ,1
 ,1
[System: 192.168.1.77] DEBUG | 08-06-2025 19:05:08.910 | General Service|:: CompanyIndex:1 SpName: spADM_GetAllListViewsDef 
 1
 ,1
[System: 192.168.1.77] DEBUG | 08-06-2025 19:05:08.910 | General Service|:: CompanyIndex:1 SpName: spADM_GetDataSet 
 'select * from COM_TokenHistory WITH(NOLOCK) where JwtToken=''eyJhbGciOiJIUzI1NiIsInR5cCI6IkpXVCJ9.eyJ1bmlxdWVfbmFtZSI6IkFkbWluLDEsMSwxIiwibmJmIjoxNzU0NDg3MzA3LCJleHAiOjE3NTQ1MTYxMDcsImlhdCI6MTc1NDQ4NzMwN30.xrJ6wskv7vIHCRxZfJCnwHoh7nHRNFu5UtKkSXo20Ys'''
 ,1
 ,1
[System: 192.168.1.77] DEBUG | 08-06-2025 19:05:09.113 | General Service|:: CompanyIndex:1 SpName: spADM_GetDataSet 
 'Select CostCenterID,CostCenterColID,CostCenterName,SysTableName,UserColumnName,SysColumnName,ISNULL(UserDefaultValue,'''') UserDefaultValue
From AdM_CostCenterDef WITH(NOLOCK)
Where SysColumnName IN(''CreditAccount'',''DebitAccount'',''ProductID'') 
AND CostCenterID>40000 AND CostCenterID<50000 

SELECT * FROM ADM_Features WITH(NOLOCK) '
 ,1
 ,1
[System: 192.168.1.77] DEBUG | 08-06-2025 19:05:09.113 | General Service|:: CompanyIndex:1 SpName: spADM_GetDataSet 
 'select * from COM_TokenHistory WITH(NOLOCK) where JwtToken=''eyJhbGciOiJIUzI1NiIsInR5cCI6IkpXVCJ9.eyJ1bmlxdWVfbmFtZSI6IkFkbWluLDEsMSwxIiwibmJmIjoxNzU0NDg3MzA3LCJleHAiOjE3NTQ1MTYxMDcsImlhdCI6MTc1NDQ4NzMwN30.xrJ6wskv7vIHCRxZfJCnwHoh7nHRNFu5UtKkSXo20Ys'''
 ,1
 ,1
[System: 192.168.1.77] DEBUG | 08-06-2025 19:05:09.176 | General Service|:: CompanyIndex:1 SpName: spADM_GetDataSet 
 '  SELECT * FROM PAY_PayrollPreferences WITH(NOLOCK) '
 ,1
 ,1
[System: 192.168.1.77] DEBUG | 08-06-2025 19:05:09.176 | General Service|:: CompanyIndex:1 SpName: spADM_GetDataSet 
 'select * from COM_TokenHistory WITH(NOLOCK) where JwtToken=''eyJhbGciOiJIUzI1NiIsInR5cCI6IkpXVCJ9.eyJ1bmlxdWVfbmFtZSI6IkFkbWluLDEsMSwxIiwibmJmIjoxNzU0NDg3MzA3LCJleHAiOjE3NTQ1MTYxMDcsImlhdCI6MTc1NDQ4NzMwN30.xrJ6wskv7vIHCRxZfJCnwHoh7nHRNFu5UtKkSXo20Ys'''
 ,1
 ,1
[System: 192.168.1.77] DEBUG | 08-06-2025 19:05:09.223 | General Service|:: CompanyIndex:1 SpName: spADM_GetDataSet 
 '  --0
                                Select * FROM COM_CC50051 WITH(NOLOCK) WHERE IsGroup=0 AND LoginUserID=''admin''
                                --1                                
                                Select * FROM COM_CC50051 WITH(NOLOCK) WHERE RptManager IN (Select NodeID FROM COM_CC50051 WITH(NOLOCK) WHERE IsGroup=0 AND LoginUserID=''admin'')
                                UNION ALL
                                Select * FROM COM_CC50051 WITH(NOLOCK) WHERE RptManager IN 
                                (
	                                Select NodeID FROM COM_CC50051 WITH(NOLOCK) 
	                                WHERE IsGroup=0 AND LoginUserID IN
	                                (
	                                SELECT fe.LoginUserID
	                                FROM INV_DocDetails a WITH(NOLOCK) 
	                                JOIN COM_DocCCData b WITH(NOLOCK) ON b.InvDocDetailsID=a.InvDocDetailsID
	                                JOIN COM_DocNumData c WITH(NOLOCK) ON c.InvDocDetailsID=a.InvDocDetailsID
	                                JOIN COM_DocTextData d WITH(NOLOCK) ON d.InvDocDetailsID=a.InvDocDetailsID
	                                JOIN COM_CC50051 fe WITH(NOLOCK) on fe.NodeID=b.dcCCNID51
	                                JOIN COM_CC50051 te WITH(NOLOCK) on CONVERT(NVARCHAR,te.NodeID)=d.dcAlpha1
	                                WHERE a.CostCenterID=40098 and a.StatusID=369 AND d.dcAlpha3=''Temporary''
	                                AND te.LoginUserID=''admin'' 
	                                AND ISDATE(d.dcAlpha4)=1 AND ISDATE(d.dcAlpha5)=1 
	                                AND CONVERT(DATETIME,''06 Aug 2025'') BETWEEN CONVERT(DATETIME,d.dcAlpha4) AND CONVERT(DATETIME,d.dcAlpha5)
	                                )
                                )
                                --2
                                Select * FROM ADM_USERS WITH(NOLOCK) WHERE USERID=1
                                --3
                                Select * FROM COM_CostCenterCostCenterMap WITH(NOLOCK) WHERE ParentCostCenterID=7 AND ParentNodeID=1
                                --4                                
                                Select * FROM COM_CostCenterCostCenterMap WITH(NOLOCK) WHERE ParentCostCenterID=7 AND ParentNodeID=1
                                AND CostCenterID IN(Select ColumnCostCenterID From ADM_CostCenterDef Where CostCenterID=50051 AND IsColumnInUse=1 AND SysColumnName LIKE ''CCNID%'')
                                --5
                                Select * from COM_Files WITH(NOLOCK) WHERE FeatureID=50051 AND FeaturePK IN (Select NodeID FROM COM_CC50051 WITH(NOLOCK) WHERE IsGroup=0 AND LoginUserID=''admin'')                         
'
 ,1
 ,1
[System: 192.168.1.77] DEBUG | 08-06-2025 19:05:09.238 | General Service|:: CompanyIndex:1 SpName: spADM_GetDataSet 
 'select * from COM_TokenHistory WITH(NOLOCK) where JwtToken=''eyJhbGciOiJIUzI1NiIsInR5cCI6IkpXVCJ9.eyJ1bmlxdWVfbmFtZSI6IkFkbWluLDEsMSwxIiwibmJmIjoxNzU0NDg3MzA3LCJleHAiOjE3NTQ1MTYxMDcsImlhdCI6MTc1NDQ4NzMwN30.xrJ6wskv7vIHCRxZfJCnwHoh7nHRNFu5UtKkSXo20Ys'''
 ,1
 ,1
[System: 192.168.1.77] DEBUG | 08-06-2025 19:05:09.238 | General Service|:: CompanyIndex:1 SpName: spADM_GetDataSet 
 'UPDATE C SET STATUSID=CASE WHEN ResignType=''Resigned'' THEN 302 WHEN ResignType=''Terminated With Cause'' THEN 303 WHEN ResignType=''Terminated Without Cause'' THEN 304 END 
                            FROM COM_CC50051 C WITH(NOLOCK)
                            WHERE ResignStatus=''Posted'' AND ResignType NOT IN(''Pending'',''Rejected'') 
                            AND DOResign IS NOT NULL AND DORelieve IS NOT NULL
                            AND STATUSID NOT IN(302,303,304)
                            AND DATEDIFF(D,GETDATE(),DORelieve)<0'
 ,1
 ,1
[System: 192.168.1.77] DEBUG | 08-06-2025 19:05:09.254 | General Service|:: CompanyIndex:1 SpName: spADM_GetDataSet 
 'select * from COM_TokenHistory WITH(NOLOCK) where JwtToken=''eyJhbGciOiJIUzI1NiIsInR5cCI6IkpXVCJ9.eyJ1bmlxdWVfbmFtZSI6IkFkbWluLDEsMSwxIiwibmJmIjoxNzU0NDg3MzA3LCJleHAiOjE3NTQ1MTYxMDcsImlhdCI6MTc1NDQ4NzMwN30.xrJ6wskv7vIHCRxZfJCnwHoh7nHRNFu5UtKkSXo20Ys'''
 ,1
 ,1
[System: 192.168.1.77] DEBUG | 08-06-2025 19:05:09.348 | General Service|:: CompanyIndex:1 SpName: spADM_GetDataSet 
 'declare @UserID int,@RoleID int,@UserName NVARCHAR(100),@where nvarchar(max),@query nvarchar(max)
set @UserID=1
set @RoleID=1-- Employee:-1
SELECT @UserName=UserName From ADM_Users WITH(NOLOCK) WHERE UserID=@UserID
exec [fnGet_GetAssignedDims] @UserID,@RoleID,@where output
 create table #TblUsrWF(WID int,LevelID int,Type int,CtWef float,LvWef int)
EXEC spRPT_GetReportData @Type=8,@Param1=@UserID,@strXML=null,@RoleID=@RoleID set @query=''  SELECT DT.CostCenterID,DT.DocumentName,DT.DocumentType,DT.IsInventory,count(*) CNT
FROM (
 SELECT INV.CostCenterID
FROM INV_DocDetails INV with(nolock)''
if(@where<>'''')
	set @query=@query+'' join com_docccdata d with(nolock) on INV.INVDocDetailsid=d.INVDocDetailsid''	

set @query=@query+'' ,#TblUsrWF WF
WHERE WF.WID=INV.WorkflowID and (WF.LevelID>INV.WorkFlowLevel or (WF.LevelID+1=INV.WorkFlowLevel and INV.StatusID=372)) and (INV.StatusID=371 or INV.StatusID=372 or INV.StatusID=441) AND (WF.Type=1 or (INV.WorkFlowLevel+1=WF.LevelID and INV.StatusID!=372) or (WF.LevelID+1=INV.WorkFlowLevel and INV.StatusID=372) or (WF.CtWef is not null and INV.WorkFlowLevel>=WF.LvWef
and INV.CreatedDate+WF.CtWef<=convert(float,getdate()))) ''+@where+''
GROUP BY INV.CostCenterID,INV.VoucherNo
UNION ALL
SELECT ACC.CostCenterID
FROM ACC_DocDetails ACC with(nolock)''
if(@where<>'''')
	set @query=@query+'' join com_docccdata d with(nolock) on ACC.ACCDocDetailsid=d.ACCDocDetailsid''	

set @query=@query+'',#TblUsrWF WF
WHERE ACC.LinkedAccDocDetailsID is null and ACC.InvDocDetailsID is null and WF.WID=ACC.WorkflowID and (WF.LevelID>ACC.WorkFlowLevel or (WF.LevelID+1=ACC.WorkFlowLevel and ACC.StatusID=372)) and (ACC.StatusID=371 or ACC.StatusID=372 or ACC.StatusID=441) AND (WF.Type=1 or (ACC.WorkFlowLevel+1=WF.LevelID and ACC.StatusID!=372) or (WF.LevelID+1=ACC.WorkFlowLevel and ACC.StatusID=372) or (WF.CtWef is not null and ACC.WorkFlowLevel>=WF.LvWef
and ACC.CreatedDate+WF.CtWef<=convert(float,getdate())))''+@where+''
GROUP BY ACC.CostCenterID,ACC.VoucherNo  ) AS T
JOIN ADM_DocumentTypes DT with(nolock) ON T.CostCenterID=DT.CostCenterID
GROUP BY DT.CostCenterID,DT.DocumentName,DT.DocumentType,DT.IsInventory  
UNION ALL
SELECT DT.FeatureID CostCenterID,DT.Name DocumentName,-DT.FeatureID DocumentType,0 IsInventory,count(*) CNT
FROM (
SELECT INV.CostCenterID FROM REN_Contract INV WITH(NOLOCK),#TblUsrWF WF
WHERE  WF.WID=INV.WorkflowID and WF.LevelID>INV.WorkFlowLevel and (INV.StatusID=440 or INV.StatusID=470 or INV.StatusID=466) AND (WF.Type=1 or (INV.WorkFlowLevel+1=WF.LevelID and INV.StatusID!=470)  or (WF.CtWef is not null and INV.WorkFlowLevel>=WF.LvWef
 and INV.CreatedDate+WF.CtWef<=convert(float,getdate()))) AND INV.RefContractID=0 ) AS T
JOIN ADM_Features DT with(nolock) ON T.CostCenterID=DT.FeatureID
GROUP BY DT.FeatureID,DT.Name 
ORDER BY DocumentName''
exec(@query)

DROP TABLE #TblUsrWF
'
 ,1
 ,1
[System: 192.168.1.77] DEBUG | 08-06-2025 19:05:09.348 | General Service|:: CompanyIndex:1 SpName: spADM_GetDataSet 
 'select * from COM_TokenHistory WITH(NOLOCK) where JwtToken=''eyJhbGciOiJIUzI1NiIsInR5cCI6IkpXVCJ9.eyJ1bmlxdWVfbmFtZSI6IkFkbWluLDEsMSwxIiwibmJmIjoxNzU0NDg3MzA3LCJleHAiOjE3NTQ1MTYxMDcsImlhdCI6MTc1NDQ4NzMwN30.xrJ6wskv7vIHCRxZfJCnwHoh7nHRNFu5UtKkSXo20Ys'''
 ,1
 ,1
[System: 192.168.1.77] DEBUG | 08-06-2025 19:05:09.348 | General Service|:: CompanyIndex:1 SpName: spADM_GetDataSet 
 'select * from COM_TokenHistory WITH(NOLOCK) where JwtToken=''eyJhbGciOiJIUzI1NiIsInR5cCI6IkpXVCJ9.eyJ1bmlxdWVfbmFtZSI6IkFkbWluLDEsMSwxIiwibmJmIjoxNzU0NDg3MzA3LCJleHAiOjE3NTQ1MTYxMDcsImlhdCI6MTc1NDQ4NzMwN30.xrJ6wskv7vIHCRxZfJCnwHoh7nHRNFu5UtKkSXo20Ys'''
 ,1
 ,1
[System: 192.168.1.77] DEBUG | 08-06-2025 19:05:09.364 | General Service|:: CompanyIndex:1 SpName: spADM_GetDataSet 
 'select * from COM_TokenHistory WITH(NOLOCK) where JwtToken=''eyJhbGciOiJIUzI1NiIsInR5cCI6IkpXVCJ9.eyJ1bmlxdWVfbmFtZSI6IkFkbWluLDEsMSwxIiwibmJmIjoxNzU0NDg3MzA3LCJleHAiOjE3NTQ1MTYxMDcsImlhdCI6MTc1NDQ4NzMwN30.xrJ6wskv7vIHCRxZfJCnwHoh7nHRNFu5UtKkSXo20Ys'''
 ,1
 ,1
[System: 192.168.1.77] DEBUG | 08-06-2025 19:05:09.395 | General Service|:: CompanyIndex:1 SpName: spADM_GetDataSet 
 'select * from COM_TokenHistory WITH(NOLOCK) where JwtToken=''eyJhbGciOiJIUzI1NiIsInR5cCI6IkpXVCJ9.eyJ1bmlxdWVfbmFtZSI6IkFkbWluLDEsMSwxIiwibmJmIjoxNzU0NDg3MzA3LCJleHAiOjE3NTQ1MTYxMDcsImlhdCI6MTc1NDQ4NzMwN30.xrJ6wskv7vIHCRxZfJCnwHoh7nHRNFu5UtKkSXo20Ys'''
 ,1
 ,1
[System: 192.168.1.77] DEBUG | 08-06-2025 19:05:09.410 | General Service|:: CompanyIndex:1 SpName: spADM_GetDataSet 
 'select * from COM_TokenHistory WITH(NOLOCK) where JwtToken=''eyJhbGciOiJIUzI1NiIsInR5cCI6IkpXVCJ9.eyJ1bmlxdWVfbmFtZSI6IkFkbWluLDEsMSwxIiwibmJmIjoxNzU0NDg3MzA3LCJleHAiOjE3NTQ1MTYxMDcsImlhdCI6MTc1NDQ4NzMwN30.xrJ6wskv7vIHCRxZfJCnwHoh7nHRNFu5UtKkSXo20Ys'''
 ,1
 ,1
[System: 192.168.1.77] DEBUG | 08-06-2025 19:05:09.442 | General Service|:: CompanyIndex:1 SpName: spADM_GetDataSet 
 'select * from COM_TokenHistory WITH(NOLOCK) where JwtToken=''eyJhbGciOiJIUzI1NiIsInR5cCI6IkpXVCJ9.eyJ1bmlxdWVfbmFtZSI6IkFkbWluLDEsMSwxIiwibmJmIjoxNzU0NDg3MzA3LCJleHAiOjE3NTQ1MTYxMDcsImlhdCI6MTc1NDQ4NzMwN30.xrJ6wskv7vIHCRxZfJCnwHoh7nHRNFu5UtKkSXo20Ys'''
 ,1
 ,1
[System: 192.168.1.77] DEBUG | 08-06-2025 19:05:09.473 | General Service|:: CompanyIndex:1 SpName: spADM_GetDataSet 
 'select * from COM_TokenHistory WITH(NOLOCK) where JwtToken=''eyJhbGciOiJIUzI1NiIsInR5cCI6IkpXVCJ9.eyJ1bmlxdWVfbmFtZSI6IkFkbWluLDEsMSwxIiwibmJmIjoxNzU0NDg3MzA3LCJleHAiOjE3NTQ1MTYxMDcsImlhdCI6MTc1NDQ4NzMwN30.xrJ6wskv7vIHCRxZfJCnwHoh7nHRNFu5UtKkSXo20Ys'''
 ,1
 ,1
[System: 192.168.1.77] DEBUG | 08-06-2025 19:05:09.488 | General Service|:: CompanyIndex:1 SpName: spADM_GetDataSet 
 'select * from COM_TokenHistory WITH(NOLOCK) where JwtToken=''eyJhbGciOiJIUzI1NiIsInR5cCI6IkpXVCJ9.eyJ1bmlxdWVfbmFtZSI6IkFkbWluLDEsMSwxIiwibmJmIjoxNzU0NDg3MzA3LCJleHAiOjE3NTQ1MTYxMDcsImlhdCI6MTc1NDQ4NzMwN30.xrJ6wskv7vIHCRxZfJCnwHoh7nHRNFu5UtKkSXo20Ys'''
 ,1
 ,1
[System: 192.168.1.77] DEBUG | 08-06-2025 19:05:09.520 | General Service|:: CompanyIndex:1 SpName: spADM_GetDataSet 
 'select * from COM_TokenHistory WITH(NOLOCK) where JwtToken=''eyJhbGciOiJIUzI1NiIsInR5cCI6IkpXVCJ9.eyJ1bmlxdWVfbmFtZSI6IkFkbWluLDEsMSwxIiwibmJmIjoxNzU0NDg3MzA3LCJleHAiOjE3NTQ1MTYxMDcsImlhdCI6MTc1NDQ4NzMwN30.xrJ6wskv7vIHCRxZfJCnwHoh7nHRNFu5UtKkSXo20Ys'''
 ,1
 ,1
[System: 192.168.1.77] DEBUG | 08-06-2025 19:05:09.551 | General Service|:: CompanyIndex:1 SpName: spADM_GetDataSet 
 'select * from COM_TokenHistory WITH(NOLOCK) where JwtToken=''eyJhbGciOiJIUzI1NiIsInR5cCI6IkpXVCJ9.eyJ1bmlxdWVfbmFtZSI6IkFkbWluLDEsMSwxIiwibmJmIjoxNzU0NDg3MzA3LCJleHAiOjE3NTQ1MTYxMDcsImlhdCI6MTc1NDQ4NzMwN30.xrJ6wskv7vIHCRxZfJCnwHoh7nHRNFu5UtKkSXo20Ys'''
 ,1
 ,1
[System: 192.168.1.77] DEBUG | 08-06-2025 19:05:09.567 | General Service|:: CompanyIndex:1 SpName: spADM_GetDataSet 
 'select * from COM_TokenHistory WITH(NOLOCK) where JwtToken=''eyJhbGciOiJIUzI1NiIsInR5cCI6IkpXVCJ9.eyJ1bmlxdWVfbmFtZSI6IkFkbWluLDEsMSwxIiwibmJmIjoxNzU0NDg3MzA3LCJleHAiOjE3NTQ1MTYxMDcsImlhdCI6MTc1NDQ4NzMwN30.xrJ6wskv7vIHCRxZfJCnwHoh7nHRNFu5UtKkSXo20Ys'''
 ,1
 ,1
[System: 192.168.1.77] DEBUG | 08-06-2025 19:05:09.598 | General Service|:: CompanyIndex:1 SpName: spADM_GetDataSet 
 'select * from COM_TokenHistory WITH(NOLOCK) where JwtToken=''eyJhbGciOiJIUzI1NiIsInR5cCI6IkpXVCJ9.eyJ1bmlxdWVfbmFtZSI6IkFkbWluLDEsMSwxIiwibmJmIjoxNzU0NDg3MzA3LCJleHAiOjE3NTQ1MTYxMDcsImlhdCI6MTc1NDQ4NzMwN30.xrJ6wskv7vIHCRxZfJCnwHoh7nHRNFu5UtKkSXo20Ys'''
 ,1
 ,1
[System: 192.168.1.77] DEBUG | 08-06-2025 19:05:09.613 | General Service|:: CompanyIndex:1 SpName: spADM_GetDataSet 
 'select * from COM_TokenHistory WITH(NOLOCK) where JwtToken=''eyJhbGciOiJIUzI1NiIsInR5cCI6IkpXVCJ9.eyJ1bmlxdWVfbmFtZSI6IkFkbWluLDEsMSwxIiwibmJmIjoxNzU0NDg3MzA3LCJleHAiOjE3NTQ1MTYxMDcsImlhdCI6MTc1NDQ4NzMwN30.xrJ6wskv7vIHCRxZfJCnwHoh7nHRNFu5UtKkSXo20Ys'''
 ,1
 ,1
[System: 192.168.1.77] DEBUG | 08-06-2025 19:05:09.910 | General Service|:: CompanyIndex:1 SpName: spCOM_GetFavorites 
 'GETLIST0'
 ,0
 ,'1'
 ,'1'
 ,1
[System: 192.168.1.77] DEBUG | 08-06-2025 19:05:09.926 | General Service|:: CompanyIndex:1 SpName: spADM_GetDataSet 
 'select * from COM_TokenHistory WITH(NOLOCK) where JwtToken=''eyJhbGciOiJIUzI1NiIsInR5cCI6IkpXVCJ9.eyJ1bmlxdWVfbmFtZSI6IkFkbWluLDEsMSwxIiwibmJmIjoxNzU0NDg3MzA3LCJleHAiOjE3NTQ1MTYxMDcsImlhdCI6MTc1NDQ4NzMwN30.xrJ6wskv7vIHCRxZfJCnwHoh7nHRNFu5UtKkSXo20Ys'''
 ,1
 ,1
[System: 192.168.1.77] DEBUG | 08-06-2025 19:05:09.957 | General Service|:: CompanyIndex:1 SpName: spCOM_GetFavorites 
 'VIEW'
 ,8
 ,'1'
 ,'1'
 ,1
[System: 192.168.1.77] DEBUG | 08-06-2025 19:05:09.973 | General Service|:: CompanyIndex:1 SpName: spADM_GetDataSet 
 'select * from COM_TokenHistory WITH(NOLOCK) where JwtToken=''eyJhbGciOiJIUzI1NiIsInR5cCI6IkpXVCJ9.eyJ1bmlxdWVfbmFtZSI6IkFkbWluLDEsMSwxIiwibmJmIjoxNzU0NDg3MzA3LCJleHAiOjE3NTQ1MTYxMDcsImlhdCI6MTc1NDQ4NzMwN30.xrJ6wskv7vIHCRxZfJCnwHoh7nHRNFu5UtKkSXo20Ys'''
 ,1
 ,1
[System: 192.168.1.77] DEBUG | 08-06-2025 19:05:22.613 | General Service|:: CompanyIndex:1 SpName: spADM_GetCostCenterGridViewList 
 200
 ,1
 ,1
 ,1
[System: 192.168.1.77] DEBUG | 08-06-2025 19:05:22.613 | General Service|:: CompanyIndex:1 SpName: spADM_GetDataSet 
 'select * from COM_TokenHistory WITH(NOLOCK) where JwtToken=''eyJhbGciOiJIUzI1NiIsInR5cCI6IkpXVCJ9.eyJ1bmlxdWVfbmFtZSI6IkFkbWluLDEsMSwxIiwibmJmIjoxNzU0NDg3MzA3LCJleHAiOjE3NTQ1MTYxMDcsImlhdCI6MTc1NDQ4NzMwN30.xrJ6wskv7vIHCRxZfJCnwHoh7nHRNFu5UtKkSXo20Ys'''
 ,1
 ,1
[System: 192.168.1.77] DEBUG | 08-06-2025 19:05:22.691 | General Service|:: CompanyIndex:1 SpName: spCom_GetCostCenterSummary 
 500172
 ,-1
 ,1000
 ,''
 ,''
 ,''
 ,0
 ,'06-Aug-2025'
 ,NULL
 ,''
 ,1
 ,1
 ,0
 ,0
 ,False
 ,1
[System: 192.168.1.77] DEBUG | 08-06-2025 19:05:22.691 | General Service|:: CompanyIndex:1 SpName: spADM_GetDataSet 
 'select * from COM_TokenHistory WITH(NOLOCK) where JwtToken=''eyJhbGciOiJIUzI1NiIsInR5cCI6IkpXVCJ9.eyJ1bmlxdWVfbmFtZSI6IkFkbWluLDEsMSwxIiwibmJmIjoxNzU0NDg3MzA3LCJleHAiOjE3NTQ1MTYxMDcsImlhdCI6MTc1NDQ4NzMwN30.xrJ6wskv7vIHCRxZfJCnwHoh7nHRNFu5UtKkSXo20Ys'''
 ,1
 ,1
[System: 192.168.1.77] DEBUG | 08-06-2025 19:05:32.794 | General Service|:: CompanyIndex:1 SpName: spCom_GetCostCenterQuickViewDefn 
 200
 ,'329'
 ,200
 ,1
 ,1
 ,1
[System: 192.168.1.77] DEBUG | 08-06-2025 19:05:32.794 | General Service|:: CompanyIndex:1 SpName: spADM_GetDataSet 
 'select * from COM_TokenHistory WITH(NOLOCK) where JwtToken=''eyJhbGciOiJIUzI1NiIsInR5cCI6IkpXVCJ9.eyJ1bmlxdWVfbmFtZSI6IkFkbWluLDEsMSwxIiwibmJmIjoxNzU0NDg3MzA3LCJleHAiOjE3NTQ1MTYxMDcsImlhdCI6MTc1NDQ4NzMwN30.xrJ6wskv7vIHCRxZfJCnwHoh7nHRNFu5UtKkSXo20Ys'''
 ,1
 ,1
[System: 192.168.1.77] DEBUG | 08-06-2025 19:05:32.981 | General Service|:: CompanyIndex:1 SpName: spADM_GetDataSet 
 'SELECT StaticReportType FROM ADM_RevenUReports WITH(NOLOCK) WHERE ReportID=329'
 ,1
 ,1
[System: 192.168.1.77] DEBUG | 08-06-2025 19:05:32.981 | General Service|:: CompanyIndex:1 SpName: spADM_GetDataSet 
 'select * from COM_TokenHistory WITH(NOLOCK) where JwtToken=''eyJhbGciOiJIUzI1NiIsInR5cCI6IkpXVCJ9.eyJ1bmlxdWVfbmFtZSI6IkFkbWluLDEsMSwxIiwibmJmIjoxNzU0NDg3MzA3LCJleHAiOjE3NTQ1MTYxMDcsImlhdCI6MTc1NDQ4NzMwN30.xrJ6wskv7vIHCRxZfJCnwHoh7nHRNFu5UtKkSXo20Ys'''
 ,1
 ,1
[System: 192.168.1.77] DEBUG | 08-06-2025 19:05:32.997 | General Service|:: CompanyIndex:1 SpName: spRPT_GetReport 
 0
 ,329
 ,'1'
 ,'1'
 ,1
[System: 192.168.1.77] DEBUG | 08-06-2025 19:05:32.997 | General Service|:: CompanyIndex:1 SpName: spADM_GetDataSet 
 'select * from COM_TokenHistory WITH(NOLOCK) where JwtToken=''eyJhbGciOiJIUzI1NiIsInR5cCI6IkpXVCJ9.eyJ1bmlxdWVfbmFtZSI6IkFkbWluLDEsMSwxIiwibmJmIjoxNzU0NDg3MzA3LCJleHAiOjE3NTQ1MTYxMDcsImlhdCI6MTc1NDQ4NzMwN30.xrJ6wskv7vIHCRxZfJCnwHoh7nHRNFu5UtKkSXo20Ys'''
 ,1
 ,1
[System: 192.168.1.77] DEBUG | 08-06-2025 19:05:33.075 | General Service|:: CompanyIndex:1 SpName: spDOC_GetVPTPrintCopies 
 4
 ,50
 ,329
 ,2
 ,4
 ,'View~3e1c70e0-7845-4eb0-97fc-5e1c5df7c30e'
 ,'admin'
 ,1
[System: 192.168.1.77] DEBUG | 08-06-2025 19:05:33.075 | General Service|:: CompanyIndex:1 SpName: spADM_GetDataSet 
 'select * from COM_TokenHistory WITH(NOLOCK) where JwtToken=''eyJhbGciOiJIUzI1NiIsInR5cCI6IkpXVCJ9.eyJ1bmlxdWVfbmFtZSI6IkFkbWluLDEsMSwxIiwibmJmIjoxNzU0NDg3MzA3LCJleHAiOjE3NTQ1MTYxMDcsImlhdCI6MTc1NDQ4NzMwN30.xrJ6wskv7vIHCRxZfJCnwHoh7nHRNFu5UtKkSXo20Ys'''
 ,1
 ,1
[System: 192.168.1.77] DEBUG | 08-06-2025 19:05:33.169 | General Service|:: CompanyIndex:1 SpName: spRPT_GetReportCategoryandField 
 -1
 ,0
 ,1
 ,0
 ,'1'
 ,1
[System: 192.168.1.77] DEBUG | 08-06-2025 19:05:33.169 | General Service|:: CompanyIndex:1 SpName: spADM_GetDataSet 
 'select * from COM_TokenHistory WITH(NOLOCK) where JwtToken=''eyJhbGciOiJIUzI1NiIsInR5cCI6IkpXVCJ9.eyJ1bmlxdWVfbmFtZSI6IkFkbWluLDEsMSwxIiwibmJmIjoxNzU0NDg3MzA3LCJleHAiOjE3NTQ1MTYxMDcsImlhdCI6MTc1NDQ4NzMwN30.xrJ6wskv7vIHCRxZfJCnwHoh7nHRNFu5UtKkSXo20Ys'''
 ,1
 ,1
[System: 192.168.1.77] DEBUG | 08-06-2025 19:05:33.294 | General Service|:: CompanyIndex:1 SpName: spADM_GetCostCenterGridViewList 
 50051
 ,1
 ,1
 ,1
[System: 192.168.1.77] DEBUG | 08-06-2025 19:05:33.294 | General Service|:: CompanyIndex:1 SpName: spADM_GetDataSet 
 'select * from COM_TokenHistory WITH(NOLOCK) where JwtToken=''eyJhbGciOiJIUzI1NiIsInR5cCI6IkpXVCJ9.eyJ1bmlxdWVfbmFtZSI6IkFkbWluLDEsMSwxIiwibmJmIjoxNzU0NDg3MzA3LCJleHAiOjE3NTQ1MTYxMDcsImlhdCI6MTc1NDQ4NzMwN30.xrJ6wskv7vIHCRxZfJCnwHoh7nHRNFu5UtKkSXo20Ys'''
 ,1
 ,1
[System: 192.168.1.77] DEBUG | 08-06-2025 19:05:33.434 | General Service|:: CompanyIndex:1 SpName: spCom_GetCostCenterSummary 
 350
 ,-1
 ,1000
 ,' 1=1 '
 ,''
 ,''
 ,0
 ,'06-Aug-2025'
 ,NULL
 ,''
 ,1
 ,1
 ,0
 ,0
 ,False
 ,1
[System: 192.168.1.77] DEBUG | 08-06-2025 19:05:33.434 | General Service|:: CompanyIndex:1 SpName: spADM_GetDataSet 
 'select * from COM_TokenHistory WITH(NOLOCK) where JwtToken=''eyJhbGciOiJIUzI1NiIsInR5cCI6IkpXVCJ9.eyJ1bmlxdWVfbmFtZSI6IkFkbWluLDEsMSwxIiwibmJmIjoxNzU0NDg3MzA3LCJleHAiOjE3NTQ1MTYxMDcsImlhdCI6MTc1NDQ4NzMwN30.xrJ6wskv7vIHCRxZfJCnwHoh7nHRNFu5UtKkSXo20Ys'''
 ,1
 ,1
[System: 192.168.1.77] DEBUG | 08-06-2025 19:05:45.342 | General Service|:: CompanyIndex:1 SpName: spADM_GetDataSet 
 '
 
 SELECT C51.NODEID,C51.CODE,C51.NAME FROM 
 COM_CC50051 C51 WITH(NOLOCK) 
 LEFT JOIN COM_CCCCDATA CC WITH (NOLOCK) ON CC.NodeID=C51.NodeID AND CC.CostCenterID=50051
  
 WHERE C51.IsGroup=0 AND C51.NodeID>1 AND C51.StatusID NOT IN (251,300,301)
 AND (ISNULL(C51.DORelieve,'''')<>'''' OR ISNULL(CONVERT(DATETIME,C51.DORelieve),''01-JAN-1990'')<=''31 Jul 2025'') AND C51.NodeID IN (960,961)'
 ,1
 ,1
[System: 192.168.1.77] DEBUG | 08-06-2025 19:05:45.358 | General Service|:: CompanyIndex:1 SpName: spADM_GetDataSet 
 'select * from COM_TokenHistory WITH(NOLOCK) where JwtToken=''eyJhbGciOiJIUzI1NiIsInR5cCI6IkpXVCJ9.eyJ1bmlxdWVfbmFtZSI6IkFkbWluLDEsMSwxIiwibmJmIjoxNzU0NDg3MzA3LCJleHAiOjE3NTQ1MTYxMDcsImlhdCI6MTc1NDQ4NzMwN30.xrJ6wskv7vIHCRxZfJCnwHoh7nHRNFu5UtKkSXo20Ys'''
 ,1
 ,1
[System: 192.168.1.77] DEBUG | 08-06-2025 19:05:45.936 | General Service|:: CompanyIndex:1 SpName: spPAY_AttendanceReportData 
 '960,961'
 ,'01 Jul 2025'
 ,'31 Jul 2025'
 ,''
 ,'67'
[System: 192.168.1.77] DEBUG | 08-06-2025 19:05:45.936 | General Service|:: CompanyIndex:1 SpName: spADM_GetDataSet 
 'select * from COM_TokenHistory WITH(NOLOCK) where JwtToken=''eyJhbGciOiJIUzI1NiIsInR5cCI6IkpXVCJ9.eyJ1bmlxdWVfbmFtZSI6IkFkbWluLDEsMSwxIiwibmJmIjoxNzU0NDg3MzA3LCJleHAiOjE3NTQ1MTYxMDcsImlhdCI6MTc1NDQ4NzMwN30.xrJ6wskv7vIHCRxZfJCnwHoh7nHRNFu5UtKkSXo20Ys'''
 ,1
 ,1
[System: 192.168.1.77] DEBUG | 08-06-2025 19:06:10.171 | General Service|:: CompanyIndex:1 SpName: spADM_GetDataSet 
 'declare @UserID int,@RoleID int,@UserName NVARCHAR(100),@where nvarchar(max),@query nvarchar(max)
set @UserID=1
set @RoleID=1-- Employee:-1
SELECT @UserName=UserName From ADM_Users WITH(NOLOCK) WHERE UserID=@UserID
exec [fnGet_GetAssignedDims] @UserID,@RoleID,@where output
 create table #TblUsrWF(WID int,LevelID int,Type int,CtWef float,LvWef int)
EXEC spRPT_GetReportData @Type=8,@Param1=@UserID,@strXML=null,@RoleID=@RoleID set @query=''  SELECT DT.CostCenterID,DT.DocumentName,DT.DocumentType,DT.IsInventory,count(*) CNT
FROM (
 SELECT INV.CostCenterID
FROM INV_DocDetails INV with(nolock)''
if(@where<>'''')
	set @query=@query+'' join com_docccdata d with(nolock) on INV.INVDocDetailsid=d.INVDocDetailsid''	

set @query=@query+'' ,#TblUsrWF WF
WHERE WF.WID=INV.WorkflowID and (WF.LevelID>INV.WorkFlowLevel or (WF.LevelID+1=INV.WorkFlowLevel and INV.StatusID=372)) and (INV.StatusID=371 or INV.StatusID=372 or INV.StatusID=441) AND (WF.Type=1 or (INV.WorkFlowLevel+1=WF.LevelID and INV.StatusID!=372) or (WF.LevelID+1=INV.WorkFlowLevel and INV.StatusID=372) or (WF.CtWef is not null and INV.WorkFlowLevel>=WF.LvWef
and INV.CreatedDate+WF.CtWef<=convert(float,getdate()))) ''+@where+''
GROUP BY INV.CostCenterID,INV.VoucherNo
UNION ALL
SELECT ACC.CostCenterID
FROM ACC_DocDetails ACC with(nolock)''
if(@where<>'''')
	set @query=@query+'' join com_docccdata d with(nolock) on ACC.ACCDocDetailsid=d.ACCDocDetailsid''	

set @query=@query+'',#TblUsrWF WF
WHERE ACC.LinkedAccDocDetailsID is null and ACC.InvDocDetailsID is null and WF.WID=ACC.WorkflowID and (WF.LevelID>ACC.WorkFlowLevel or (WF.LevelID+1=ACC.WorkFlowLevel and ACC.StatusID=372)) and (ACC.StatusID=371 or ACC.StatusID=372 or ACC.StatusID=441) AND (WF.Type=1 or (ACC.WorkFlowLevel+1=WF.LevelID and ACC.StatusID!=372) or (WF.LevelID+1=ACC.WorkFlowLevel and ACC.StatusID=372) or (WF.CtWef is not null and ACC.WorkFlowLevel>=WF.LvWef
and ACC.CreatedDate+WF.CtWef<=convert(float,getdate())))''+@where+''
GROUP BY ACC.CostCenterID,ACC.VoucherNo  ) AS T
JOIN ADM_DocumentTypes DT with(nolock) ON T.CostCenterID=DT.CostCenterID
GROUP BY DT.CostCenterID,DT.DocumentName,DT.DocumentType,DT.IsInventory  
UNION ALL
SELECT DT.FeatureID CostCenterID,DT.Name DocumentName,-DT.FeatureID DocumentType,0 IsInventory,count(*) CNT
FROM (
SELECT INV.CostCenterID FROM REN_Contract INV WITH(NOLOCK),#TblUsrWF WF
WHERE  WF.WID=INV.WorkflowID and WF.LevelID>INV.WorkFlowLevel and (INV.StatusID=440 or INV.StatusID=470 or INV.StatusID=466) AND (WF.Type=1 or (INV.WorkFlowLevel+1=WF.LevelID and INV.StatusID!=470)  or (WF.CtWef is not null and INV.WorkFlowLevel>=WF.LvWef
 and INV.CreatedDate+WF.CtWef<=convert(float,getdate()))) AND INV.RefContractID=0 ) AS T
JOIN ADM_Features DT with(nolock) ON T.CostCenterID=DT.FeatureID
GROUP BY DT.FeatureID,DT.Name 
ORDER BY DocumentName''
exec(@query)

DROP TABLE #TblUsrWF
'
 ,1
 ,1
[System: 192.168.1.77] DEBUG | 08-06-2025 19:06:10.186 | General Service|:: CompanyIndex:1 SpName: spADM_GetDataSet 
 'select * from COM_TokenHistory WITH(NOLOCK) where JwtToken=''eyJhbGciOiJIUzI1NiIsInR5cCI6IkpXVCJ9.eyJ1bmlxdWVfbmFtZSI6IkFkbWluLDEsMSwxIiwibmJmIjoxNzU0NDg3MzA3LCJleHAiOjE3NTQ1MTYxMDcsImlhdCI6MTc1NDQ4NzMwN30.xrJ6wskv7vIHCRxZfJCnwHoh7nHRNFu5UtKkSXo20Ys'''
 ,1
 ,1
[System: 192.168.1.77] DEBUG | 08-06-2025 19:06:47.717 | General Service|:: CompanyIndex:1 SpName: spADM_GetDataSet 
 'SELECT StaticReportType FROM ADM_RevenUReports WITH(NOLOCK) WHERE ReportID=329'
 ,1
 ,1
[System: 192.168.1.77] DEBUG | 08-06-2025 19:06:47.717 | General Service|:: CompanyIndex:1 SpName: spADM_GetDataSet 
 'select * from COM_TokenHistory WITH(NOLOCK) where JwtToken=''eyJhbGciOiJIUzI1NiIsInR5cCI6IkpXVCJ9.eyJ1bmlxdWVfbmFtZSI6IkFkbWluLDEsMSwxIiwibmJmIjoxNzU0NDg3MzA3LCJleHAiOjE3NTQ1MTYxMDcsImlhdCI6MTc1NDQ4NzMwN30.xrJ6wskv7vIHCRxZfJCnwHoh7nHRNFu5UtKkSXo20Ys'''
 ,1
 ,1
[System: 192.168.1.77] DEBUG | 08-06-2025 19:06:47.733 | General Service|:: CompanyIndex:1 SpName: spRPT_GetReport 
 0
 ,329
 ,'1'
 ,'1'
 ,1
[System: 192.168.1.77] DEBUG | 08-06-2025 19:06:47.748 | General Service|:: CompanyIndex:1 SpName: spADM_GetDataSet 
 'select * from COM_TokenHistory WITH(NOLOCK) where JwtToken=''eyJhbGciOiJIUzI1NiIsInR5cCI6IkpXVCJ9.eyJ1bmlxdWVfbmFtZSI6IkFkbWluLDEsMSwxIiwibmJmIjoxNzU0NDg3MzA3LCJleHAiOjE3NTQ1MTYxMDcsImlhdCI6MTc1NDQ4NzMwN30.xrJ6wskv7vIHCRxZfJCnwHoh7nHRNFu5UtKkSXo20Ys'''
 ,1
 ,1
[System: 192.168.1.77] DEBUG | 08-06-2025 19:06:47.764 | General Service|:: CompanyIndex:1 SpName: spDOC_GetVPTPrintCopies 
 4
 ,50
 ,329
 ,2
 ,4
 ,'View~3e1c70e0-7845-4eb0-97fc-5e1c5df7c30e'
 ,'admin'
 ,1
[System: 192.168.1.77] DEBUG | 08-06-2025 19:06:47.764 | General Service|:: CompanyIndex:1 SpName: spADM_GetDataSet 
 'select * from COM_TokenHistory WITH(NOLOCK) where JwtToken=''eyJhbGciOiJIUzI1NiIsInR5cCI6IkpXVCJ9.eyJ1bmlxdWVfbmFtZSI6IkFkbWluLDEsMSwxIiwibmJmIjoxNzU0NDg3MzA3LCJleHAiOjE3NTQ1MTYxMDcsImlhdCI6MTc1NDQ4NzMwN30.xrJ6wskv7vIHCRxZfJCnwHoh7nHRNFu5UtKkSXo20Ys'''
 ,1
 ,1
[System: 192.168.1.77] DEBUG | 08-06-2025 19:06:47.795 | General Service|:: CompanyIndex:1 SpName: spADM_GetCostCenterGridViewList 
 50051
 ,1
 ,1
 ,1
[System: 192.168.1.77] DEBUG | 08-06-2025 19:06:47.795 | General Service|:: CompanyIndex:1 SpName: spADM_GetDataSet 
 'select * from COM_TokenHistory WITH(NOLOCK) where JwtToken=''eyJhbGciOiJIUzI1NiIsInR5cCI6IkpXVCJ9.eyJ1bmlxdWVfbmFtZSI6IkFkbWluLDEsMSwxIiwibmJmIjoxNzU0NDg3MzA3LCJleHAiOjE3NTQ1MTYxMDcsImlhdCI6MTc1NDQ4NzMwN30.xrJ6wskv7vIHCRxZfJCnwHoh7nHRNFu5UtKkSXo20Ys'''
 ,1
 ,1
[System: 192.168.1.77] DEBUG | 08-06-2025 19:06:47.857 | General Service|:: CompanyIndex:1 SpName: spCom_GetCostCenterSummary 
 350
 ,-1
 ,1000
 ,' 1=1 '
 ,''
 ,''
 ,0
 ,'06-Aug-2025'
 ,NULL
 ,''
 ,1
 ,1
 ,0
 ,0
 ,False
 ,1
[System: 192.168.1.77] DEBUG | 08-06-2025 19:06:47.857 | General Service|:: CompanyIndex:1 SpName: spADM_GetDataSet 
 'select * from COM_TokenHistory WITH(NOLOCK) where JwtToken=''eyJhbGciOiJIUzI1NiIsInR5cCI6IkpXVCJ9.eyJ1bmlxdWVfbmFtZSI6IkFkbWluLDEsMSwxIiwibmJmIjoxNzU0NDg3MzA3LCJleHAiOjE3NTQ1MTYxMDcsImlhdCI6MTc1NDQ4NzMwN30.xrJ6wskv7vIHCRxZfJCnwHoh7nHRNFu5UtKkSXo20Ys'''
 ,1
 ,1
[System: 192.168.1.77] DEBUG | 08-06-2025 19:06:58.795 | General Service|:: CompanyIndex:1 SpName: spADM_GetDataSet 
 '
 
 SELECT C51.NODEID,C51.CODE,C51.NAME FROM 
 COM_CC50051 C51 WITH(NOLOCK) 
 LEFT JOIN COM_CCCCDATA CC WITH (NOLOCK) ON CC.NodeID=C51.NodeID AND CC.CostCenterID=50051
  
 WHERE C51.IsGroup=0 AND C51.NodeID>1 AND C51.StatusID NOT IN (251,300,301)
 AND (ISNULL(C51.DORelieve,'''')<>'''' OR ISNULL(CONVERT(DATETIME,C51.DORelieve),''01-JAN-1990'')<=''31 Jul 2025'') AND C51.NodeID IN (964,979)'
 ,1
 ,1
[System: 192.168.1.77] DEBUG | 08-06-2025 19:06:58.795 | General Service|:: CompanyIndex:1 SpName: spADM_GetDataSet 
 'select * from COM_TokenHistory WITH(NOLOCK) where JwtToken=''eyJhbGciOiJIUzI1NiIsInR5cCI6IkpXVCJ9.eyJ1bmlxdWVfbmFtZSI6IkFkbWluLDEsMSwxIiwibmJmIjoxNzU0NDg3MzA3LCJleHAiOjE3NTQ1MTYxMDcsImlhdCI6MTc1NDQ4NzMwN30.xrJ6wskv7vIHCRxZfJCnwHoh7nHRNFu5UtKkSXo20Ys'''
 ,1
 ,1
[System: 192.168.1.77] DEBUG | 08-06-2025 19:07:00.123 | General Service|:: CompanyIndex:1 SpName: spPAY_AttendanceReportData 
 '964,979'
 ,'01 Jul 2025'
 ,'31 Jul 2025'
 ,''
 ,'67'
[System: 192.168.1.77] DEBUG | 08-06-2025 19:07:00.123 | General Service|:: CompanyIndex:1 SpName: spADM_GetDataSet 
 'select * from COM_TokenHistory WITH(NOLOCK) where JwtToken=''eyJhbGciOiJIUzI1NiIsInR5cCI6IkpXVCJ9.eyJ1bmlxdWVfbmFtZSI6IkFkbWluLDEsMSwxIiwibmJmIjoxNzU0NDg3MzA3LCJleHAiOjE3NTQ1MTYxMDcsImlhdCI6MTc1NDQ4NzMwN30.xrJ6wskv7vIHCRxZfJCnwHoh7nHRNFu5UtKkSXo20Ys'''
 ,1
 ,1
[System: 192.168.1.77] DEBUG | 08-06-2025 19:07:10.179 | General Service|:: CompanyIndex:1 SpName: spADM_GetDataSet 
 'declare @UserID int,@RoleID int,@UserName NVARCHAR(100),@where nvarchar(max),@query nvarchar(max)
set @UserID=1
set @RoleID=1-- Employee:-1
SELECT @UserName=UserName From ADM_Users WITH(NOLOCK) WHERE UserID=@UserID
exec [fnGet_GetAssignedDims] @UserID,@RoleID,@where output
 create table #TblUsrWF(WID int,LevelID int,Type int,CtWef float,LvWef int)
EXEC spRPT_GetReportData @Type=8,@Param1=@UserID,@strXML=null,@RoleID=@RoleID set @query=''  SELECT DT.CostCenterID,DT.DocumentName,DT.DocumentType,DT.IsInventory,count(*) CNT
FROM (
 SELECT INV.CostCenterID
FROM INV_DocDetails INV with(nolock)''
if(@where<>'''')
	set @query=@query+'' join com_docccdata d with(nolock) on INV.INVDocDetailsid=d.INVDocDetailsid''	

set @query=@query+'' ,#TblUsrWF WF
WHERE WF.WID=INV.WorkflowID and (WF.LevelID>INV.WorkFlowLevel or (WF.LevelID+1=INV.WorkFlowLevel and INV.StatusID=372)) and (INV.StatusID=371 or INV.StatusID=372 or INV.StatusID=441) AND (WF.Type=1 or (INV.WorkFlowLevel+1=WF.LevelID and INV.StatusID!=372) or (WF.LevelID+1=INV.WorkFlowLevel and INV.StatusID=372) or (WF.CtWef is not null and INV.WorkFlowLevel>=WF.LvWef
and INV.CreatedDate+WF.CtWef<=convert(float,getdate()))) ''+@where+''
GROUP BY INV.CostCenterID,INV.VoucherNo
UNION ALL
SELECT ACC.CostCenterID
FROM ACC_DocDetails ACC with(nolock)''
if(@where<>'''')
	set @query=@query+'' join com_docccdata d with(nolock) on ACC.ACCDocDetailsid=d.ACCDocDetailsid''	

set @query=@query+'',#TblUsrWF WF
WHERE ACC.LinkedAccDocDetailsID is null and ACC.InvDocDetailsID is null and WF.WID=ACC.WorkflowID and (WF.LevelID>ACC.WorkFlowLevel or (WF.LevelID+1=ACC.WorkFlowLevel and ACC.StatusID=372)) and (ACC.StatusID=371 or ACC.StatusID=372 or ACC.StatusID=441) AND (WF.Type=1 or (ACC.WorkFlowLevel+1=WF.LevelID and ACC.StatusID!=372) or (WF.LevelID+1=ACC.WorkFlowLevel and ACC.StatusID=372) or (WF.CtWef is not null and ACC.WorkFlowLevel>=WF.LvWef
and ACC.CreatedDate+WF.CtWef<=convert(float,getdate())))''+@where+''
GROUP BY ACC.CostCenterID,ACC.VoucherNo  ) AS T
JOIN ADM_DocumentTypes DT with(nolock) ON T.CostCenterID=DT.CostCenterID
GROUP BY DT.CostCenterID,DT.DocumentName,DT.DocumentType,DT.IsInventory  
UNION ALL
SELECT DT.FeatureID CostCenterID,DT.Name DocumentName,-DT.FeatureID DocumentType,0 IsInventory,count(*) CNT
FROM (
SELECT INV.CostCenterID FROM REN_Contract INV WITH(NOLOCK),#TblUsrWF WF
WHERE  WF.WID=INV.WorkflowID and WF.LevelID>INV.WorkFlowLevel and (INV.StatusID=440 or INV.StatusID=470 or INV.StatusID=466) AND (WF.Type=1 or (INV.WorkFlowLevel+1=WF.LevelID and INV.StatusID!=470)  or (WF.CtWef is not null and INV.WorkFlowLevel>=WF.LvWef
 and INV.CreatedDate+WF.CtWef<=convert(float,getdate()))) AND INV.RefContractID=0 ) AS T
JOIN ADM_Features DT with(nolock) ON T.CostCenterID=DT.FeatureID
GROUP BY DT.FeatureID,DT.Name 
ORDER BY DocumentName''
exec(@query)

DROP TABLE #TblUsrWF
'
 ,1
 ,1
[System: 192.168.1.77] DEBUG | 08-06-2025 19:07:10.195 | General Service|:: CompanyIndex:1 SpName: spADM_GetDataSet 
 'select * from COM_TokenHistory WITH(NOLOCK) where JwtToken=''eyJhbGciOiJIUzI1NiIsInR5cCI6IkpXVCJ9.eyJ1bmlxdWVfbmFtZSI6IkFkbWluLDEsMSwxIiwibmJmIjoxNzU0NDg3MzA3LCJleHAiOjE3NTQ1MTYxMDcsImlhdCI6MTc1NDQ4NzMwN30.xrJ6wskv7vIHCRxZfJCnwHoh7nHRNFu5UtKkSXo20Ys'''
 ,1
 ,1
