[System: 192.168.1.54] DEBUG | 10-09-2025 17:02:51.616 | General Service|:: CompanyIndex:0 SpName: spADM_Login 
 4
 ,''
 ,''
 ,''
 ,'declare @AllowSession bit,@GUID nvarchar(50)
set @AllowSession=0
set @GUID=''07f5fcc8-ee8c-4202-8949-c25ef999d0fa''
if exists(select [GUID] from ADM_Login with(nolock) where [GUID]=@GUID)
begin
    update ADM_Login  set LastAccessTime=convert(float,getdate()) where [GUID]=@GUID
    set @AllowSession=1
end
select @AllowSession AllowSession
'
 ,''
 ,0
[System: 192.168.1.54] DEBUG | 10-09-2025 17:02:51.648 | General Service|:: CompanyIndex:7 SpName: spADM_GetDataSet 
 'select * from COM_TokenHistory WITH(NOLOCK) where JwtToken=''eyJhbGciOiJIUzI1NiIsInR5cCI6IkpXVCJ9.eyJ1bmlxdWVfbmFtZSI6ImFkbWluLDEsNywxIiwibmJmIjoxNzYwMDA1OTQ5LCJleHAiOjE3NjAwMzQ3NDksImlhdCI6MTc2MDAwNTk0OX0.92SBLT68Ute04ezABqTSpghVbHA8PRI6EgElxh-9rMw'''
 ,1
 ,1
