[System: 192.168.1.74] DEBUG | 11-13-2025 12:22:19.568 | General Service|:: CompanyIndex:348 SpName: spCOM_ConfigValues 
 1
 ,'NotifTime'
 ,''
[System: 192.168.1.74] DEBUG | 11-13-2025 12:22:19.599 | General Service|:: CompanyIndex:348 SpName: spADM_GetDataSet 
 'select * from COM_TokenHistory WITH(NOLOCK) where JwtToken=''eyJhbGciOiJIUzI1NiIsInR5cCI6IkpXVCJ9.eyJ1bmlxdWVfbmFtZSI6ImFuZ2VsaWMsMTAxMjMsMzQ4LDExMDUiLCJuYmYiOjE3NjMwMTMwMTYsImV4cCI6MTc2MzA0MTgxNiwiaWF0IjoxNzYzMDEzMDE2fQ.Q1JJzgsD8TJ0hldqxZ9LpVXTMANdD85moOE0pQasEHg'''
 ,1
 ,1
[System: 192.168.1.74] DEBUG | 11-13-2025 12:22:19.724 | General Service|:: CompanyIndex:0 SpName: spADM_Login 
 4
 ,''
 ,''
 ,''
 ,'declare @AllowSession bit,@GUID nvarchar(50)
set @AllowSession=0
set @GUID=''884f704f-06e3-4271-a4b6-25dc2ef1391d''
if exists(select [GUID] from ADM_Login with(nolock) where [GUID]=@GUID)
begin
    update ADM_Login  set LastAccessTime=convert(float,getdate()) where [GUID]=@GUID
    set @AllowSession=1
end
select @AllowSession AllowSession
'
 ,''
 ,0
[System: 192.168.1.74] DEBUG | 11-13-2025 12:22:19.740 | General Service|:: CompanyIndex:348 SpName: spADM_GetDataSet 
 'select * from COM_TokenHistory WITH(NOLOCK) where JwtToken=''eyJhbGciOiJIUzI1NiIsInR5cCI6IkpXVCJ9.eyJ1bmlxdWVfbmFtZSI6ImFuZ2VsaWMsMTAxMjMsMzQ4LDExMDUiLCJuYmYiOjE3NjMwMTMwMTYsImV4cCI6MTc2MzA0MTgxNiwiaWF0IjoxNzYzMDEzMDE2fQ.Q1JJzgsD8TJ0hldqxZ9LpVXTMANdD85moOE0pQasEHg'''
 ,1
 ,1
[System: 192.168.1.74] DEBUG | 11-13-2025 12:22:19.911 | General Service|:: CompanyIndex:348 SpName: spADM_GetDataSet 
 'declare @UserID int,@RoleID int,@UserName NVARCHAR(100),@where nvarchar(max),@query nvarchar(max)
set @UserID=10123
set @RoleID=1105-- Employee:-1
SELECT @UserName=UserName From ADM_Users WITH(NOLOCK) WHERE UserID=@UserID
exec [fnGet_GetAssignedDims] @UserID,@RoleID,@where output
 create table #TblUsrWF(WID int,LevelID int,Type int,CtWef float,LvWef int)
EXEC spRPT_GetReportData @Type=8,@Param1=@UserID,@strXML=null,@RoleID=@RoleID set @query=''  SELECT DT.CostCenterID,DT.DocumentName,DT.DocumentType,DT.IsInventory,count(*) CNT
FROM (
 SELECT INV.CostCenterID
FROM INV_DocDetails INV with(nolock)''
if(@where<>'''')
	set @query=@query+'' join com_docccdata d with(nolock) on INV.INVDocDetailsid=d.INVDocDetailsid''	

set @query=@query+'' ,#TblUsrWF WF
WHERE WF.WID=INV.WorkflowID and (WF.LevelID>INV.WorkFlowLevel or (WF.LevelID+1=INV.WorkFlowLevel and INV.StatusID=372)) and (INV.StatusID=371 or INV.StatusID=372 or INV.StatusID=441) AND (WF.Type=1 or (INV.WorkFlowLevel+1=WF.LevelID and INV.StatusID!=372) or (WF.LevelID+1=INV.WorkFlowLevel and INV.StatusID=372) or (WF.CtWef is not null and INV.WorkFlowLevel>=WF.LvWef
and INV.CreatedDate+WF.CtWef<=convert(float,getdate()))) ''+@where+''
GROUP BY INV.CostCenterID,INV.VoucherNo
UNION ALL
SELECT ACC.CostCenterID
FROM ACC_DocDetails ACC with(nolock)''
if(@where<>'''')
	set @query=@query+'' join com_docccdata d with(nolock) on ACC.ACCDocDetailsid=d.ACCDocDetailsid''	

set @query=@query+'',#TblUsrWF WF
WHERE ACC.LinkedAccDocDetailsID is null and ACC.InvDocDetailsID is null and WF.WID=ACC.WorkflowID and (WF.LevelID>ACC.WorkFlowLevel or (WF.LevelID+1=ACC.WorkFlowLevel and ACC.StatusID=372)) and (ACC.StatusID=371 or ACC.StatusID=372 or ACC.StatusID=441) AND (WF.Type=1 or (ACC.WorkFlowLevel+1=WF.LevelID and ACC.StatusID!=372) or (WF.LevelID+1=ACC.WorkFlowLevel and ACC.StatusID=372) or (WF.CtWef is not null and ACC.WorkFlowLevel>=WF.LvWef
and ACC.CreatedDate+WF.CtWef<=convert(float,getdate())))''+@where+''
GROUP BY ACC.CostCenterID,ACC.VoucherNo  ) AS T
JOIN ADM_DocumentTypes DT with(nolock) ON T.CostCenterID=DT.CostCenterID
GROUP BY DT.CostCenterID,DT.DocumentName,DT.DocumentType,DT.IsInventory  
UNION ALL
SELECT DT.FeatureID CostCenterID,DT.Name DocumentName,-DT.FeatureID DocumentType,0 IsInventory,count(*) CNT
FROM (
SELECT INV.CostCenterID FROM REN_Contract INV WITH(NOLOCK),#TblUsrWF WF
WHERE  WF.WID=INV.WorkflowID and WF.LevelID>INV.WorkFlowLevel and (INV.StatusID=440 or INV.StatusID=470 or INV.StatusID=466) AND (WF.Type=1 or (INV.WorkFlowLevel+1=WF.LevelID and INV.StatusID!=470)  or (WF.CtWef is not null and INV.WorkFlowLevel>=WF.LvWef
 and INV.CreatedDate+WF.CtWef<=convert(float,getdate()))) AND INV.RefContractID=0 ) AS T
JOIN ADM_Features DT with(nolock) ON T.CostCenterID=DT.FeatureID
GROUP BY DT.FeatureID,DT.Name 
ORDER BY DocumentName''
exec(@query)

DROP TABLE #TblUsrWF
'
 ,10123
 ,1
[System: 192.168.1.74] DEBUG | 11-13-2025 12:22:19.911 | General Service|:: CompanyIndex:348 SpName: spADM_GetDataSet 
 'select * from COM_TokenHistory WITH(NOLOCK) where JwtToken=''eyJhbGciOiJIUzI1NiIsInR5cCI6IkpXVCJ9.eyJ1bmlxdWVfbmFtZSI6ImFuZ2VsaWMsMTAxMjMsMzQ4LDExMDUiLCJuYmYiOjE3NjMwMTMwMTYsImV4cCI6MTc2MzA0MTgxNiwiaWF0IjoxNzYzMDEzMDE2fQ.Q1JJzgsD8TJ0hldqxZ9LpVXTMANdD85moOE0pQasEHg'''
 ,1
 ,1
[System: 192.168.1.74] DEBUG | 11-13-2025 12:22:22.911 | General Service|:: CompanyIndex:348 SpName: spCOM_GetEmailSMS 
 7
 ,50
 ,'<XML Type="1" ReportID="91104"/>'
 ,'1105'
 ,'10123'
 ,1
[System: 192.168.1.74] DEBUG | 11-13-2025 12:22:22.911 | General Service|:: CompanyIndex:348 SpName: spADM_GetDataSet 
 'select * from COM_TokenHistory WITH(NOLOCK) where JwtToken=''eyJhbGciOiJIUzI1NiIsInR5cCI6IkpXVCJ9.eyJ1bmlxdWVfbmFtZSI6ImFuZ2VsaWMsMTAxMjMsMzQ4LDExMDUiLCJuYmYiOjE3NjMwMTMwMTYsImV4cCI6MTc2MzA0MTgxNiwiaWF0IjoxNzYzMDEzMDE2fQ.Q1JJzgsD8TJ0hldqxZ9LpVXTMANdD85moOE0pQasEHg'''
 ,1
 ,1
